[0.039s] Invoking command in '/home/autoware/gokart_ws/src/gokart-sensor/build/data_aug_ros2': CMAKE_PREFIX_PATH=${CMAKE_PREFIX_PATH}:/home/autoware/gokart_ws/install/ros_imu_bno055:/home/autoware/gokart_ws/install/pure_pursuit:/home/autoware/gokart_ws/install/gap_follow:/home/autoware/gokart_ws/install/kart_interface:/home/autoware/gokart_ws/install/gnss_to_local:/home/autoware/gokart_ws/install/ekf_gnss:/opt/ros/humble /usr/bin/cmake /home/autoware/gokart_ws/src/gokart-sensor/data_aug_ros2 -DCMAKE_BUILD_TYPE=Release -DAMENT_CMAKE_SYMLINK_INSTALL=1 -DCMAKE_INSTALL_PREFIX=/home/autoware/gokart_ws/src/gokart-sensor/install/data_aug_ros2
[0.819s] -- The C compiler identification is GNU 11.3.0
[0.819s] -- The CXX compiler identification is GNU 11.3.0
[0.820s] -- Detecting C compiler ABI info
[0.820s] -- Detecting C compiler ABI info - done
[0.820s] -- Check for working C compiler: /usr/bin/cc - skipped
[0.820s] -- Detecting C compile features
[0.820s] -- Detecting C compile features - done
[0.820s] -- Detecting CXX compiler ABI info
[0.820s] -- Detecting CXX compiler ABI info - done
[0.820s] -- Check for working CXX compiler: /usr/bin/c++ - skipped
[0.820s] -- Detecting CXX compile features
[0.820s] -- Detecting CXX compile features - done
[0.820s] -- Found ament_cmake: 1.3.4 (/opt/ros/humble/share/ament_cmake/cmake)
[0.820s] -- Found Python3: /usr/bin/python3.10 (found version "3.10.6") found components: Interpreter 
[0.820s] -- Override CMake install command with custom implementation using symlinks instead of copying resources
[0.820s] -- Found rclcpp: 16.0.4 (/opt/ros/humble/share/rclcpp/cmake)
[0.821s] -- Found rosidl_generator_c: 3.1.4 (/opt/ros/humble/share/rosidl_generator_c/cmake)
[0.821s] -- Found rosidl_adapter: 3.1.4 (/opt/ros/humble/share/rosidl_adapter/cmake)
[0.821s] -- Found rosidl_generator_cpp: 3.1.4 (/opt/ros/humble/share/rosidl_generator_cpp/cmake)
[0.821s] -- Using all available rosidl_typesupport_c: rosidl_typesupport_fastrtps_c;rosidl_typesupport_introspection_c
[0.821s] -- Using all available rosidl_typesupport_cpp: rosidl_typesupport_fastrtps_cpp;rosidl_typesupport_introspection_cpp
[0.821s] -- Found rmw_implementation_cmake: 6.1.1 (/opt/ros/humble/share/rmw_implementation_cmake/cmake)
[0.821s] -- Found rmw_cyclonedds_cpp: 1.3.4 (/opt/ros/humble/share/rmw_cyclonedds_cpp/cmake)
[0.821s] -- Using RMW implementation 'rmw_cyclonedds_cpp' as default
[0.821s] -- Looking for pthread.h
[0.821s] -- Looking for pthread.h - found
[0.821s] -- Performing Test CMAKE_HAVE_LIBC_PTHREAD
[0.832s] -- Performing Test CMAKE_HAVE_LIBC_PTHREAD - Success
[0.833s] -- Found Threads: TRUE  
[1.089s] -- Found sensor_msgs: 4.2.3 (/opt/ros/humble/share/sensor_msgs/cmake)
[1.254s] -- Found tf2: 0.25.2 (/opt/ros/humble/share/tf2/cmake)
[1.277s] -- Found tf2_geometry_msgs: 0.25.2 (/opt/ros/humble/share/tf2_geometry_msgs/cmake)
[1.293s] -- Found eigen3_cmake_module: 0.1.1 (/opt/ros/humble/share/eigen3_cmake_module/cmake)
[1.294s] -- Found Eigen3: TRUE (found version "3.4.0") 
[1.294s] -- Ensuring Eigen3 include directory is part of orocos-kdl CMake target
[1.735s] -- Found pcl_conversions: 2.4.0 (/opt/ros/humble/share/pcl_conversions/cmake)
[1.933s] -- Found pcl_ros: 2.4.0 (/opt/ros/humble/share/pcl_ros/cmake)
[2.143s] -- Checking for module 'eigen3'
[2.158s] --   Found eigen3, version 3.4.0
[2.188s] -- Found Eigen: /usr/include/eigen3 (Required is at least version "3.1") 
[2.188s] -- Eigen found (include: /usr/include/eigen3, version: 3.4.0)
[2.263s] -- Checking for module 'flann'
[2.281s] --   Found flann, version 1.9.1
[2.333s] -- Found FLANN: /usr/lib/x86_64-linux-gnu/libflann_cpp.so  
[2.334s] -- FLANN found (include: /usr/include, lib: /usr/lib/x86_64-linux-gnu/libflann_cpp.so)
[4.169s] -- Checking for module 'libusb-1.0'
[4.188s] --   Found libusb-1.0, version 1.0.25
[4.235s] -- Found libusb: /usr/lib/x86_64-linux-gnu/libusb-1.0.so  
[4.237s] -- OpenNI found (version: 1.5.4.0, include: /usr/include/ni, lib: /usr/lib/libOpenNI.so;libusb::libusb)
[4.316s] -- OpenNI2 found (version: 2.2.0.33, include: /usr/include/openni2, lib: /usr/lib/x86_64-linux-gnu/libOpenNI2.so;libusb::libusb)
[4.552s] -- Eigen found (include: /usr/include/eigen3, version: 3.4.0)
[4.561s] -- OpenNI found (version: 1.5.4.0, include: /usr/include/ni, lib: /usr/lib/libOpenNI.so;libusb::libusb)
[4.569s] -- OpenNI2 found (version: 2.2.0.33, include: /usr/include/openni2, lib: /usr/lib/x86_64-linux-gnu/libOpenNI2.so;libusb::libusb)
[4.764s] -- Found Qhull version 8.0.2
[4.912s] -- OpenNI found (version: 1.5.4.0, include: /usr/include/ni, lib: /usr/lib/libOpenNI.so;libusb::libusb)
[5.055s] -- Found PCL_COMMON: /usr/lib/x86_64-linux-gnu/libpcl_common.so  
[5.055s] -- Found PCL_KDTREE: /usr/lib/x86_64-linux-gnu/libpcl_kdtree.so  
[5.056s] -- Found PCL_OCTREE: /usr/lib/x86_64-linux-gnu/libpcl_octree.so  
[5.057s] -- Found PCL_SEARCH: /usr/lib/x86_64-linux-gnu/libpcl_search.so  
[5.058s] -- Found PCL_SAMPLE_CONSENSUS: /usr/lib/x86_64-linux-gnu/libpcl_sample_consensus.so  
[5.059s] -- Found PCL_FILTERS: /usr/lib/x86_64-linux-gnu/libpcl_filters.so  
[5.059s] -- Found PCL_2D: /usr/include/pcl-1.12  
[5.059s] -- Found PCL_GEOMETRY: /usr/include/pcl-1.12  
[5.060s] -- Found PCL_IO: /usr/lib/x86_64-linux-gnu/libpcl_io.so  
[5.064s] -- Found PCL_FEATURES: /usr/lib/x86_64-linux-gnu/libpcl_features.so  
[5.065s] -- Found PCL_ML: /usr/lib/x86_64-linux-gnu/libpcl_ml.so  
[5.065s] -- Found PCL_SEGMENTATION: /usr/lib/x86_64-linux-gnu/libpcl_segmentation.so  
[5.065s] -- Found PCL_VISUALIZATION: /usr/lib/x86_64-linux-gnu/libpcl_visualization.so  
[5.065s] -- Found PCL_SURFACE: /usr/lib/x86_64-linux-gnu/libpcl_surface.so  
[5.065s] -- Found PCL_REGISTRATION: /usr/lib/x86_64-linux-gnu/libpcl_registration.so  
[5.066s] -- Found PCL_KEYPOINTS: /usr/lib/x86_64-linux-gnu/libpcl_keypoints.so  
[5.069s] -- Found PCL_TRACKING: /usr/lib/x86_64-linux-gnu/libpcl_tracking.so  
[5.069s] -- Found PCL_RECOGNITION: /usr/lib/x86_64-linux-gnu/libpcl_recognition.so  
[5.069s] -- Found PCL_STEREO: /usr/lib/x86_64-linux-gnu/libpcl_stereo.so  
[5.069s] -- Found PCL_APPS: /usr/lib/x86_64-linux-gnu/libpcl_apps.so  
[5.071s] -- Found PCL_IN_HAND_SCANNER: /usr/include/pcl-1.12  
[5.071s] -- Found PCL_MODELER: /usr/include/pcl-1.12  
[5.073s] -- Found PCL_POINT_CLOUD_EDITOR: /usr/include/pcl-1.12  
[5.073s] -- Found PCL_OUTOFCORE: /usr/lib/x86_64-linux-gnu/libpcl_outofcore.so  
[5.074s] -- Found PCL_PEOPLE: /usr/lib/x86_64-linux-gnu/libpcl_people.so  
[5.103s] [33mCMake Warning (dev) at CMakeLists.txt:28 (find_package):
[5.103s]   Policy CMP0074 is not set: find_package uses <PackageName>_ROOT variables.
[5.103s]   Run "cmake --help-policy CMP0074" for policy details.  Use the cmake_policy
[5.103s]   command to set the policy and suppress this warning.
[5.104s] 
[5.104s]   CMake variable PCL_ROOT is set to:
[5.104s] 
[5.104s]     /usr
[5.104s] 
[5.104s]   For compatibility, CMake is ignoring the variable.
[5.104s] This warning is for project developers.  Use -Wno-dev to suppress it.
[5.104s] [0m
[5.118s] -- Found Boost: /usr/lib/x86_64-linux-gnu/cmake/Boost-1.74.0/BoostConfig.cmake (found version "1.74.0") found components: system 
[5.257s] -- Found ament_lint_auto: 0.12.6 (/opt/ros/humble/share/ament_lint_auto/cmake)
[5.359s] -- Added test 'copyright' to check source files copyright and LICENSE
[5.360s] -- Added test 'cppcheck' to perform static code analysis on C / C++ code
[5.360s] -- Configured cppcheck include dirs: /home/autoware/gokart_ws/src/gokart-sensor/data_aug_ros2/include
[5.360s] -- Configured cppcheck exclude dirs and/or files: 
[5.361s] -- Added test 'cpplint' to check C / C++ code against the Google style
[5.361s] -- Configured cpplint exclude dirs and/or files: 
[5.361s] -- Added test 'lint_cmake' to check CMake code style
[5.362s] -- Added test 'uncrustify' to check C / C++ code style
[5.362s] -- Configured uncrustify additional arguments: 
[5.362s] -- Added test 'xmllint' to check XML markup files
[5.364s] -- Configuring done
[5.407s] -- Generating done
[5.411s] -- Build files have been written to: /home/autoware/gokart_ws/src/gokart-sensor/build/data_aug_ros2
[5.433s] Invoked command in '/home/autoware/gokart_ws/src/gokart-sensor/build/data_aug_ros2' returned '0': CMAKE_PREFIX_PATH=${CMAKE_PREFIX_PATH}:/home/autoware/gokart_ws/install/ros_imu_bno055:/home/autoware/gokart_ws/install/pure_pursuit:/home/autoware/gokart_ws/install/gap_follow:/home/autoware/gokart_ws/install/kart_interface:/home/autoware/gokart_ws/install/gnss_to_local:/home/autoware/gokart_ws/install/ekf_gnss:/opt/ros/humble /usr/bin/cmake /home/autoware/gokart_ws/src/gokart-sensor/data_aug_ros2 -DCMAKE_BUILD_TYPE=Release -DAMENT_CMAKE_SYMLINK_INSTALL=1 -DCMAKE_INSTALL_PREFIX=/home/autoware/gokart_ws/src/gokart-sensor/install/data_aug_ros2
[5.435s] Invoking command in '/home/autoware/gokart_ws/src/gokart-sensor/build/data_aug_ros2': CMAKE_PREFIX_PATH=${CMAKE_PREFIX_PATH}:/home/autoware/gokart_ws/install/ros_imu_bno055:/home/autoware/gokart_ws/install/pure_pursuit:/home/autoware/gokart_ws/install/gap_follow:/home/autoware/gokart_ws/install/kart_interface:/home/autoware/gokart_ws/install/gnss_to_local:/home/autoware/gokart_ws/install/ekf_gnss:/opt/ros/humble /usr/bin/cmake --build /home/autoware/gokart_ws/src/gokart-sensor/build/data_aug_ros2 -- -j20 -l20
[5.479s] [ 16%] [32mBuilding CXX object CMakeFiles/imu_listener.dir/src/imu_listener.cpp.o[0m
[5.482s] [ 33%] [32mBuilding CXX object CMakeFiles/gnss_filter.dir/src/gnss_filter.cpp.o[0m
[5.482s] [ 50%] [32mBuilding CXX object CMakeFiles/lidar_filter.dir/src/lidar_filter.cpp.o[0m
[26.179s] [ 66%] [32m[1mLinking CXX executable gnss_filter[0m
[26.526s] [ 66%] Built target gnss_filter
[34.759s] [ 83%] [32m[1mLinking CXX executable imu_listener[0m
[34.940s] [ 83%] Built target imu_listener
[39.313s] [100%] [32m[1mLinking CXX executable lidar_filter[0m
[40.585s] [100%] Built target lidar_filter
[40.618s] Invoked command in '/home/autoware/gokart_ws/src/gokart-sensor/build/data_aug_ros2' returned '0': CMAKE_PREFIX_PATH=${CMAKE_PREFIX_PATH}:/home/autoware/gokart_ws/install/ros_imu_bno055:/home/autoware/gokart_ws/install/pure_pursuit:/home/autoware/gokart_ws/install/gap_follow:/home/autoware/gokart_ws/install/kart_interface:/home/autoware/gokart_ws/install/gnss_to_local:/home/autoware/gokart_ws/install/ekf_gnss:/opt/ros/humble /usr/bin/cmake --build /home/autoware/gokart_ws/src/gokart-sensor/build/data_aug_ros2 -- -j20 -l20
[40.641s] Invoking command in '/home/autoware/gokart_ws/src/gokart-sensor/build/data_aug_ros2': CMAKE_PREFIX_PATH=${CMAKE_PREFIX_PATH}:/home/autoware/gokart_ws/install/ros_imu_bno055:/home/autoware/gokart_ws/install/pure_pursuit:/home/autoware/gokart_ws/install/gap_follow:/home/autoware/gokart_ws/install/kart_interface:/home/autoware/gokart_ws/install/gnss_to_local:/home/autoware/gokart_ws/install/ekf_gnss:/opt/ros/humble /usr/bin/cmake --install /home/autoware/gokart_ws/src/gokart-sensor/build/data_aug_ros2
[40.646s] -- Install configuration: "Release"
[40.647s] -- Execute custom install script
[40.647s] -- Symlinking: /home/autoware/gokart_ws/src/gokart-sensor/install/data_aug_ros2/lib/data_aug_ros2/imu_listener
[40.654s] -- Symlinking: /home/autoware/gokart_ws/src/gokart-sensor/install/data_aug_ros2/lib/data_aug_ros2/gnss_filter
[40.660s] -- Symlinking: /home/autoware/gokart_ws/src/gokart-sensor/install/data_aug_ros2/lib/data_aug_ros2/lidar_filter
[40.667s] -- Symlinking: /home/autoware/gokart_ws/src/gokart-sensor/install/data_aug_ros2/share/ament_index/resource_index/package_run_dependencies/data_aug_ros2
[40.676s] -- Symlinking: /home/autoware/gokart_ws/src/gokart-sensor/install/data_aug_ros2/share/ament_index/resource_index/parent_prefix_path/data_aug_ros2
[40.685s] -- Symlinking: /home/autoware/gokart_ws/src/gokart-sensor/install/data_aug_ros2/share/data_aug_ros2/environment/ament_prefix_path.sh
[40.693s] -- Symlinking: /home/autoware/gokart_ws/src/gokart-sensor/install/data_aug_ros2/share/data_aug_ros2/environment/ament_prefix_path.dsv
[40.702s] -- Symlinking: /home/autoware/gokart_ws/src/gokart-sensor/install/data_aug_ros2/share/data_aug_ros2/environment/path.sh
[40.710s] -- Symlinking: /home/autoware/gokart_ws/src/gokart-sensor/install/data_aug_ros2/share/data_aug_ros2/environment/path.dsv
[40.719s] -- Symlinking: /home/autoware/gokart_ws/src/gokart-sensor/install/data_aug_ros2/share/data_aug_ros2/local_setup.bash
[40.728s] -- Symlinking: /home/autoware/gokart_ws/src/gokart-sensor/install/data_aug_ros2/share/data_aug_ros2/local_setup.sh
[40.736s] -- Symlinking: /home/autoware/gokart_ws/src/gokart-sensor/install/data_aug_ros2/share/data_aug_ros2/local_setup.zsh
[40.745s] -- Symlinking: /home/autoware/gokart_ws/src/gokart-sensor/install/data_aug_ros2/share/data_aug_ros2/local_setup.dsv
[40.753s] -- Symlinking: /home/autoware/gokart_ws/src/gokart-sensor/install/data_aug_ros2/share/data_aug_ros2/package.dsv
[40.762s] -- Symlinking: /home/autoware/gokart_ws/src/gokart-sensor/install/data_aug_ros2/share/ament_index/resource_index/packages/data_aug_ros2
[40.770s] -- Symlinking: /home/autoware/gokart_ws/src/gokart-sensor/install/data_aug_ros2/share/data_aug_ros2/cmake/ament_cmake_export_include_directories-extras.cmake
[40.778s] -- Symlinking: /home/autoware/gokart_ws/src/gokart-sensor/install/data_aug_ros2/share/data_aug_ros2/cmake/data_aug_ros2Config.cmake
[40.786s] -- Symlinking: /home/autoware/gokart_ws/src/gokart-sensor/install/data_aug_ros2/share/data_aug_ros2/cmake/data_aug_ros2Config-version.cmake
[40.795s] -- Symlinking: /home/autoware/gokart_ws/src/gokart-sensor/install/data_aug_ros2/share/data_aug_ros2/package.xml
[40.808s] Invoked command in '/home/autoware/gokart_ws/src/gokart-sensor/build/data_aug_ros2' returned '0': CMAKE_PREFIX_PATH=${CMAKE_PREFIX_PATH}:/home/autoware/gokart_ws/install/ros_imu_bno055:/home/autoware/gokart_ws/install/pure_pursuit:/home/autoware/gokart_ws/install/gap_follow:/home/autoware/gokart_ws/install/kart_interface:/home/autoware/gokart_ws/install/gnss_to_local:/home/autoware/gokart_ws/install/ekf_gnss:/opt/ros/humble /usr/bin/cmake --install /home/autoware/gokart_ws/src/gokart-sensor/build/data_aug_ros2
