-- The C compiler identification is GNU 11.3.0
-- The CXX compiler identification is GNU 11.3.0
-- Detecting C compiler ABI info
-- Detecting C compiler ABI info - done
-- Check for working C compiler: /usr/bin/cc - skipped
-- Detecting C compile features
-- Detecting C compile features - done
-- Detecting CXX compiler ABI info
-- Detecting CXX compiler ABI info - done
-- Check for working CXX compiler: /usr/bin/c++ - skipped
-- Detecting CXX compile features
-- Detecting CXX compile features - done
-- Found ament_cmake: 1.3.4 (/opt/ros/humble/share/ament_cmake/cmake)
-- Found Python3: /usr/bin/python3.10 (found version "3.10.6") found components: Interpreter 
-- Override CMake install command with custom implementation using symlinks instead of copying resources
-- Found rosidl_default_generators: 1.2.0 (/opt/ros/humble/share/rosidl_default_generators/cmake)
-- Using all available rosidl_typesupport_c: rosidl_typesupport_fastrtps_c;rosidl_typesupport_introspection_c
-- Found rosidl_adapter: 3.1.4 (/opt/ros/humble/share/rosidl_adapter/cmake)
-- Using all available rosidl_typesupport_cpp: rosidl_typesupport_fastrtps_cpp;rosidl_typesupport_introspection_cpp
-- Found ament_cmake_ros: 0.10.0 (/opt/ros/humble/share/ament_cmake_ros/cmake)
-- Using all available rosidl_typesupport_c: rosidl_typesupport_fastrtps_c;rosidl_typesupport_introspection_c
-- Using all available rosidl_typesupport_cpp: rosidl_typesupport_fastrtps_cpp;rosidl_typesupport_introspection_cpp
-- Found PythonInterp: /usr/bin/python3 (found suitable version "3.10.6", minimum required is "3.6") 
-- Found python_cmake_module: 0.10.0 (/opt/ros/humble/share/python_cmake_module/cmake)
-- Found PythonLibs: /usr/lib/x86_64-linux-gnu/libpython3.10.so (found suitable version "3.10.6", minimum required is "3.5") 
-- Using PYTHON_EXECUTABLE: /usr/bin/python3
-- Using PYTHON_INCLUDE_DIRS: /usr/include/python3.10
-- Using PYTHON_LIBRARIES: /usr/lib/x86_64-linux-gnu/libpython3.10.so
-- Found PythonExtra: .so  
-- Configuring done
-- Generating done
-- Build files have been written to: /home/autoware/gokart_ws/src/gokart-sensor/build/ouster_srvs
[  2%] [34m[1mGenerating C code for ROS interfaces[0m
[  4%] [34m[1mGenerating C++ code for ROS interfaces[0m
[  4%] Built target ament_cmake_python_symlink_ouster_srvs
running egg_info
creating ouster_srvs.egg-info
writing ouster_srvs.egg-info/PKG-INFO
writing dependency_links to ouster_srvs.egg-info/dependency_links.txt
writing top-level names to ouster_srvs.egg-info/top_level.txt
writing manifest file 'ouster_srvs.egg-info/SOURCES.txt'
reading manifest file 'ouster_srvs.egg-info/SOURCES.txt'
writing manifest file 'ouster_srvs.egg-info/SOURCES.txt'
[  4%] Built target ament_cmake_python_build_ouster_srvs_egg
[  4%] Built target ouster_srvs__cpp
[  6%] [34m[1mGenerating C++ introspection for ROS interfaces[0m
[  8%] [34m[1mGenerating C++ type support dispatch for ROS interfaces[0m
[ 10%] [34m[1mGenerating C++ type support for eProsima Fast-RTPS[0m
[ 12%] [32mBuilding C object CMakeFiles/ouster_srvs__rosidl_generator_c.dir/rosidl_generator_c/ouster_srvs/srv/detail/get_config__functions.c.o[0m
[ 14%] [32mBuilding C object CMakeFiles/ouster_srvs__rosidl_generator_c.dir/rosidl_generator_c/ouster_srvs/srv/detail/set_config__functions.c.o[0m
[ 17%] [32mBuilding C object CMakeFiles/ouster_srvs__rosidl_generator_c.dir/rosidl_generator_c/ouster_srvs/srv/detail/get_metadata__functions.c.o[0m
[ 19%] [32m[1mLinking C shared library libouster_srvs__rosidl_generator_c.so[0m
[ 19%] Built target ouster_srvs__rosidl_generator_c
[ 21%] [34m[1mGenerating C introspection for ROS interfaces[0m
[ 25%] [34m[1mGenerating C type support for eProsima Fast-RTPS[0m
[ 25%] [34m[1mGenerating C type support dispatch for ROS interfaces[0m
[ 27%] [32mBuilding CXX object CMakeFiles/ouster_srvs__rosidl_typesupport_cpp.dir/rosidl_typesupport_cpp/ouster_srvs/srv/get_config__type_support.cpp.o[0m
[ 29%] [32mBuilding CXX object CMakeFiles/ouster_srvs__rosidl_typesupport_cpp.dir/rosidl_typesupport_cpp/ouster_srvs/srv/set_config__type_support.cpp.o[0m
[ 31%] [32mBuilding CXX object CMakeFiles/ouster_srvs__rosidl_typesupport_cpp.dir/rosidl_typesupport_cpp/ouster_srvs/srv/get_metadata__type_support.cpp.o[0m
[ 34%] [32mBuilding CXX object CMakeFiles/ouster_srvs__rosidl_typesupport_introspection_cpp.dir/rosidl_typesupport_introspection_cpp/ouster_srvs/srv/detail/get_config__type_support.cpp.o[0m
[ 36%] [32mBuilding CXX object CMakeFiles/ouster_srvs__rosidl_typesupport_introspection_cpp.dir/rosidl_typesupport_introspection_cpp/ouster_srvs/srv/detail/get_metadata__type_support.cpp.o[0m
[ 38%] [32mBuilding CXX object CMakeFiles/ouster_srvs__rosidl_typesupport_introspection_cpp.dir/rosidl_typesupport_introspection_cpp/ouster_srvs/srv/detail/set_config__type_support.cpp.o[0m
[ 40%] [32mBuilding CXX object CMakeFiles/ouster_srvs__rosidl_typesupport_fastrtps_cpp.dir/rosidl_typesupport_fastrtps_cpp/ouster_srvs/srv/detail/dds_fastrtps/get_config__type_support.cpp.o[0m
[ 42%] [32mBuilding CXX object CMakeFiles/ouster_srvs__rosidl_typesupport_fastrtps_cpp.dir/rosidl_typesupport_fastrtps_cpp/ouster_srvs/srv/detail/dds_fastrtps/set_config__type_support.cpp.o[0m
[ 44%] [32mBuilding CXX object CMakeFiles/ouster_srvs__rosidl_typesupport_fastrtps_cpp.dir/rosidl_typesupport_fastrtps_cpp/ouster_srvs/srv/detail/dds_fastrtps/get_metadata__type_support.cpp.o[0m
[ 46%] [32mBuilding CXX object CMakeFiles/ouster_srvs__rosidl_typesupport_c.dir/rosidl_typesupport_c/ouster_srvs/srv/get_config__type_support.cpp.o[0m
[ 48%] [32mBuilding CXX object CMakeFiles/ouster_srvs__rosidl_typesupport_c.dir/rosidl_typesupport_c/ouster_srvs/srv/set_config__type_support.cpp.o[0m
[ 51%] [32mBuilding CXX object CMakeFiles/ouster_srvs__rosidl_typesupport_c.dir/rosidl_typesupport_c/ouster_srvs/srv/get_metadata__type_support.cpp.o[0m
[ 53%] [32mBuilding C object CMakeFiles/ouster_srvs__rosidl_typesupport_introspection_c.dir/rosidl_typesupport_introspection_c/ouster_srvs/srv/detail/get_config__type_support.c.o[0m
[ 55%] [32mBuilding C object CMakeFiles/ouster_srvs__rosidl_typesupport_introspection_c.dir/rosidl_typesupport_introspection_c/ouster_srvs/srv/detail/set_config__type_support.c.o[0m
[ 59%] [32mBuilding C object CMakeFiles/ouster_srvs__rosidl_typesupport_introspection_c.dir/rosidl_typesupport_introspection_c/ouster_srvs/srv/detail/get_metadata__type_support.c.o[0m
[ 59%] [32m[1mLinking CXX shared library libouster_srvs__rosidl_typesupport_c.so[0m
[ 61%] [32mBuilding CXX object CMakeFiles/ouster_srvs__rosidl_typesupport_fastrtps_c.dir/rosidl_typesupport_fastrtps_c/ouster_srvs/srv/detail/set_config__type_support_c.cpp.o[0m
[ 61%] Built target ouster_srvs__rosidl_typesupport_c
[ 63%] [32mBuilding CXX object CMakeFiles/ouster_srvs__rosidl_typesupport_fastrtps_c.dir/rosidl_typesupport_fastrtps_c/ouster_srvs/srv/detail/get_config__type_support_c.cpp.o[0m
[ 65%] [32mBuilding CXX object CMakeFiles/ouster_srvs__rosidl_typesupport_fastrtps_c.dir/rosidl_typesupport_fastrtps_c/ouster_srvs/srv/detail/get_metadata__type_support_c.cpp.o[0m
[ 68%] [32m[1mLinking C shared library libouster_srvs__rosidl_typesupport_introspection_c.so[0m
[ 70%] [32m[1mLinking CXX shared library libouster_srvs__rosidl_typesupport_cpp.so[0m
[ 70%] Built target ouster_srvs__rosidl_typesupport_introspection_c
[ 70%] Built target ouster_srvs__rosidl_typesupport_cpp
[ 72%] [32m[1mLinking CXX shared library libouster_srvs__rosidl_typesupport_introspection_cpp.so[0m
[ 72%] Built target ouster_srvs__rosidl_typesupport_introspection_cpp
[ 74%] [32m[1mLinking CXX shared library libouster_srvs__rosidl_typesupport_fastrtps_cpp.so[0m
[ 74%] Built target ouster_srvs__rosidl_typesupport_fastrtps_cpp
[ 76%] [32m[1mLinking CXX shared library libouster_srvs__rosidl_typesupport_fastrtps_c.so[0m
[ 76%] Built target ouster_srvs__rosidl_typesupport_fastrtps_c
[ 76%] Built target ouster_srvs
[ 78%] [34m[1mGenerating Python code for ROS interfaces[0m
[ 78%] Built target ouster_srvs__py
[ 80%] [32mBuilding C object CMakeFiles/ouster_srvs__rosidl_generator_py.dir/rosidl_generator_py/ouster_srvs/srv/_get_config_s.c.o[0m
[ 82%] [32mBuilding C object CMakeFiles/ouster_srvs__rosidl_generator_py.dir/rosidl_generator_py/ouster_srvs/srv/_set_config_s.c.o[0m
[ 85%] [32mBuilding C object CMakeFiles/ouster_srvs__rosidl_generator_py.dir/rosidl_generator_py/ouster_srvs/srv/_get_metadata_s.c.o[0m
[ 87%] [32m[1mLinking C shared library rosidl_generator_py/ouster_srvs/libouster_srvs__rosidl_generator_py.so[0m
[ 87%] Built target ouster_srvs__rosidl_generator_py
[ 91%] [32mBuilding C object CMakeFiles/ouster_srvs__rosidl_typesupport_c__pyext.dir/rosidl_generator_py/ouster_srvs/_ouster_srvs_s.ep.rosidl_typesupport_c.c.o[0m
[ 91%] [32mBuilding C object CMakeFiles/ouster_srvs__rosidl_typesupport_introspection_c__pyext.dir/rosidl_generator_py/ouster_srvs/_ouster_srvs_s.ep.rosidl_typesupport_introspection_c.c.o[0m
[ 93%] [32mBuilding C object CMakeFiles/ouster_srvs__rosidl_typesupport_fastrtps_c__pyext.dir/rosidl_generator_py/ouster_srvs/_ouster_srvs_s.ep.rosidl_typesupport_fastrtps_c.c.o[0m
[ 95%] [32m[1mLinking C shared library rosidl_generator_py/ouster_srvs/ouster_srvs_s__rosidl_typesupport_introspection_c.cpython-310-x86_64-linux-gnu.so[0m
[ 97%] [32m[1mLinking C shared library rosidl_generator_py/ouster_srvs/ouster_srvs_s__rosidl_typesupport_fastrtps_c.cpython-310-x86_64-linux-gnu.so[0m
[ 97%] Built target ouster_srvs__rosidl_typesupport_introspection_c__pyext
[ 97%] Built target ouster_srvs__rosidl_typesupport_fastrtps_c__pyext
[100%] [32m[1mLinking C shared library rosidl_generator_py/ouster_srvs/ouster_srvs_s__rosidl_typesupport_c.cpython-310-x86_64-linux-gnu.so[0m
[100%] Built target ouster_srvs__rosidl_typesupport_c__pyext
-- Install configuration: "Release"
-- Execute custom install script
-- Symlinking: /home/autoware/gokart_ws/src/gokart-sensor/install/ouster_srvs/share/ament_index/resource_index/rosidl_interfaces/ouster_srvs
-- Symlinking: /home/autoware/gokart_ws/src/gokart-sensor/install/ouster_srvs/include/ouster_srvs/ouster_srvs/msg/rosidl_generator_c__visibility_control.h
-- Symlinking: /home/autoware/gokart_ws/src/gokart-sensor/install/ouster_srvs/include/ouster_srvs/ouster_srvs/srv/detail/get_config__functions.h
-- Symlinking: /home/autoware/gokart_ws/src/gokart-sensor/install/ouster_srvs/include/ouster_srvs/ouster_srvs/srv/detail/get_config__struct.h
-- Symlinking: /home/autoware/gokart_ws/src/gokart-sensor/install/ouster_srvs/include/ouster_srvs/ouster_srvs/srv/detail/get_config__type_support.h
-- Symlinking: /home/autoware/gokart_ws/src/gokart-sensor/install/ouster_srvs/include/ouster_srvs/ouster_srvs/srv/detail/get_metadata__functions.h
-- Symlinking: /home/autoware/gokart_ws/src/gokart-sensor/install/ouster_srvs/include/ouster_srvs/ouster_srvs/srv/detail/get_metadata__struct.h
-- Symlinking: /home/autoware/gokart_ws/src/gokart-sensor/install/ouster_srvs/include/ouster_srvs/ouster_srvs/srv/detail/get_metadata__type_support.h
-- Symlinking: /home/autoware/gokart_ws/src/gokart-sensor/install/ouster_srvs/include/ouster_srvs/ouster_srvs/srv/detail/set_config__functions.h
-- Symlinking: /home/autoware/gokart_ws/src/gokart-sensor/install/ouster_srvs/include/ouster_srvs/ouster_srvs/srv/detail/set_config__struct.h
-- Symlinking: /home/autoware/gokart_ws/src/gokart-sensor/install/ouster_srvs/include/ouster_srvs/ouster_srvs/srv/detail/set_config__type_support.h
-- Symlinking: /home/autoware/gokart_ws/src/gokart-sensor/install/ouster_srvs/include/ouster_srvs/ouster_srvs/srv/get_config.h
-- Symlinking: /home/autoware/gokart_ws/src/gokart-sensor/install/ouster_srvs/include/ouster_srvs/ouster_srvs/srv/get_metadata.h
-- Symlinking: /home/autoware/gokart_ws/src/gokart-sensor/install/ouster_srvs/include/ouster_srvs/ouster_srvs/srv/set_config.h
-- Symlinking: /home/autoware/gokart_ws/src/gokart-sensor/install/ouster_srvs/share/ouster_srvs/environment/library_path.sh
-- Symlinking: /home/autoware/gokart_ws/src/gokart-sensor/install/ouster_srvs/share/ouster_srvs/environment/library_path.dsv
-- Symlinking: /home/autoware/gokart_ws/src/gokart-sensor/install/ouster_srvs/include/ouster_srvs/ouster_srvs/msg/rosidl_typesupport_fastrtps_c__visibility_control.h
-- Symlinking: /home/autoware/gokart_ws/src/gokart-sensor/install/ouster_srvs/include/ouster_srvs/ouster_srvs/srv/detail/get_config__rosidl_typesupport_fastrtps_c.h
-- Symlinking: /home/autoware/gokart_ws/src/gokart-sensor/install/ouster_srvs/include/ouster_srvs/ouster_srvs/srv/detail/get_metadata__rosidl_typesupport_fastrtps_c.h
-- Symlinking: /home/autoware/gokart_ws/src/gokart-sensor/install/ouster_srvs/include/ouster_srvs/ouster_srvs/srv/detail/set_config__rosidl_typesupport_fastrtps_c.h
-- Symlinking: /home/autoware/gokart_ws/src/gokart-sensor/install/ouster_srvs/include/ouster_srvs/ouster_srvs/msg/rosidl_typesupport_introspection_c__visibility_control.h
-- Symlinking: /home/autoware/gokart_ws/src/gokart-sensor/install/ouster_srvs/include/ouster_srvs/ouster_srvs/srv/detail/get_config__rosidl_typesupport_introspection_c.h
-- Symlinking: /home/autoware/gokart_ws/src/gokart-sensor/install/ouster_srvs/include/ouster_srvs/ouster_srvs/srv/detail/get_metadata__rosidl_typesupport_introspection_c.h
-- Symlinking: /home/autoware/gokart_ws/src/gokart-sensor/install/ouster_srvs/include/ouster_srvs/ouster_srvs/srv/detail/set_config__rosidl_typesupport_introspection_c.h
-- Symlinking: /home/autoware/gokart_ws/src/gokart-sensor/install/ouster_srvs/include/ouster_srvs/ouster_srvs/srv/detail/get_config__builder.hpp
-- Symlinking: /home/autoware/gokart_ws/src/gokart-sensor/install/ouster_srvs/include/ouster_srvs/ouster_srvs/srv/detail/get_config__struct.hpp
-- Symlinking: /home/autoware/gokart_ws/src/gokart-sensor/install/ouster_srvs/include/ouster_srvs/ouster_srvs/srv/detail/get_config__traits.hpp
-- Symlinking: /home/autoware/gokart_ws/src/gokart-sensor/install/ouster_srvs/include/ouster_srvs/ouster_srvs/srv/detail/get_metadata__builder.hpp
-- Symlinking: /home/autoware/gokart_ws/src/gokart-sensor/install/ouster_srvs/include/ouster_srvs/ouster_srvs/srv/detail/get_metadata__struct.hpp
-- Symlinking: /home/autoware/gokart_ws/src/gokart-sensor/install/ouster_srvs/include/ouster_srvs/ouster_srvs/srv/detail/get_metadata__traits.hpp
-- Symlinking: /home/autoware/gokart_ws/src/gokart-sensor/install/ouster_srvs/include/ouster_srvs/ouster_srvs/srv/detail/set_config__builder.hpp
-- Symlinking: /home/autoware/gokart_ws/src/gokart-sensor/install/ouster_srvs/include/ouster_srvs/ouster_srvs/srv/detail/set_config__struct.hpp
-- Symlinking: /home/autoware/gokart_ws/src/gokart-sensor/install/ouster_srvs/include/ouster_srvs/ouster_srvs/srv/detail/set_config__traits.hpp
-- Symlinking: /home/autoware/gokart_ws/src/gokart-sensor/install/ouster_srvs/include/ouster_srvs/ouster_srvs/srv/get_config.hpp
-- Symlinking: /home/autoware/gokart_ws/src/gokart-sensor/install/ouster_srvs/include/ouster_srvs/ouster_srvs/srv/get_metadata.hpp
-- Symlinking: /home/autoware/gokart_ws/src/gokart-sensor/install/ouster_srvs/include/ouster_srvs/ouster_srvs/srv/set_config.hpp
-- Symlinking: /home/autoware/gokart_ws/src/gokart-sensor/install/ouster_srvs/include/ouster_srvs/ouster_srvs/msg/rosidl_typesupport_fastrtps_cpp__visibility_control.h
-- Symlinking: /home/autoware/gokart_ws/src/gokart-sensor/install/ouster_srvs/include/ouster_srvs/ouster_srvs/srv/detail/get_config__rosidl_typesupport_fastrtps_cpp.hpp
-- Symlinking: /home/autoware/gokart_ws/src/gokart-sensor/install/ouster_srvs/include/ouster_srvs/ouster_srvs/srv/detail/get_metadata__rosidl_typesupport_fastrtps_cpp.hpp
-- Symlinking: /home/autoware/gokart_ws/src/gokart-sensor/install/ouster_srvs/include/ouster_srvs/ouster_srvs/srv/detail/set_config__rosidl_typesupport_fastrtps_cpp.hpp
-- Symlinking: /home/autoware/gokart_ws/src/gokart-sensor/install/ouster_srvs/include/ouster_srvs/ouster_srvs/srv/detail/get_config__rosidl_typesupport_introspection_cpp.hpp
-- Symlinking: /home/autoware/gokart_ws/src/gokart-sensor/install/ouster_srvs/include/ouster_srvs/ouster_srvs/srv/detail/get_metadata__rosidl_typesupport_introspection_cpp.hpp
-- Symlinking: /home/autoware/gokart_ws/src/gokart-sensor/install/ouster_srvs/include/ouster_srvs/ouster_srvs/srv/detail/set_config__rosidl_typesupport_introspection_cpp.hpp
-- Symlinking: /home/autoware/gokart_ws/src/gokart-sensor/install/ouster_srvs/share/ouster_srvs/environment/pythonpath.sh
-- Symlinking: /home/autoware/gokart_ws/src/gokart-sensor/install/ouster_srvs/share/ouster_srvs/environment/pythonpath.dsv
-- Symlinking: /home/autoware/gokart_ws/src/gokart-sensor/install/ouster_srvs/local/lib/python3.10/dist-packages/ouster_srvs-0.1.0-py3.10.egg-info/PKG-INFO
-- Symlinking: /home/autoware/gokart_ws/src/gokart-sensor/install/ouster_srvs/local/lib/python3.10/dist-packages/ouster_srvs-0.1.0-py3.10.egg-info/SOURCES.txt
-- Symlinking: /home/autoware/gokart_ws/src/gokart-sensor/install/ouster_srvs/local/lib/python3.10/dist-packages/ouster_srvs-0.1.0-py3.10.egg-info/dependency_links.txt
-- Symlinking: /home/autoware/gokart_ws/src/gokart-sensor/install/ouster_srvs/local/lib/python3.10/dist-packages/ouster_srvs-0.1.0-py3.10.egg-info/top_level.txt
-- Symlinking: /home/autoware/gokart_ws/src/gokart-sensor/install/ouster_srvs/local/lib/python3.10/dist-packages/ouster_srvs/__init__.py
-- Symlinking: /home/autoware/gokart_ws/src/gokart-sensor/install/ouster_srvs/local/lib/python3.10/dist-packages/ouster_srvs/_ouster_srvs_s.ep.rosidl_typesupport_c.c
-- Symlinking: /home/autoware/gokart_ws/src/gokart-sensor/install/ouster_srvs/local/lib/python3.10/dist-packages/ouster_srvs/_ouster_srvs_s.ep.rosidl_typesupport_fastrtps_c.c
-- Symlinking: /home/autoware/gokart_ws/src/gokart-sensor/install/ouster_srvs/local/lib/python3.10/dist-packages/ouster_srvs/_ouster_srvs_s.ep.rosidl_typesupport_introspection_c.c
-- Symlinking: /home/autoware/gokart_ws/src/gokart-sensor/install/ouster_srvs/local/lib/python3.10/dist-packages/ouster_srvs/libouster_srvs__rosidl_generator_py.so
-- Symlinking: /home/autoware/gokart_ws/src/gokart-sensor/install/ouster_srvs/local/lib/python3.10/dist-packages/ouster_srvs/ouster_srvs_s__rosidl_typesupport_c.cpython-310-x86_64-linux-gnu.so
-- Symlinking: /home/autoware/gokart_ws/src/gokart-sensor/install/ouster_srvs/local/lib/python3.10/dist-packages/ouster_srvs/ouster_srvs_s__rosidl_typesupport_fastrtps_c.cpython-310-x86_64-linux-gnu.so
-- Symlinking: /home/autoware/gokart_ws/src/gokart-sensor/install/ouster_srvs/local/lib/python3.10/dist-packages/ouster_srvs/ouster_srvs_s__rosidl_typesupport_introspection_c.cpython-310-x86_64-linux-gnu.so
-- Symlinking: /home/autoware/gokart_ws/src/gokart-sensor/install/ouster_srvs/local/lib/python3.10/dist-packages/ouster_srvs/srv/__init__.py
-- Symlinking: /home/autoware/gokart_ws/src/gokart-sensor/install/ouster_srvs/local/lib/python3.10/dist-packages/ouster_srvs/srv/_get_config.py
-- Symlinking: /home/autoware/gokart_ws/src/gokart-sensor/install/ouster_srvs/local/lib/python3.10/dist-packages/ouster_srvs/srv/_get_config_s.c
-- Symlinking: /home/autoware/gokart_ws/src/gokart-sensor/install/ouster_srvs/local/lib/python3.10/dist-packages/ouster_srvs/srv/_get_metadata.py
-- Symlinking: /home/autoware/gokart_ws/src/gokart-sensor/install/ouster_srvs/local/lib/python3.10/dist-packages/ouster_srvs/srv/_get_metadata_s.c
-- Symlinking: /home/autoware/gokart_ws/src/gokart-sensor/install/ouster_srvs/local/lib/python3.10/dist-packages/ouster_srvs/srv/_set_config.py
-- Symlinking: /home/autoware/gokart_ws/src/gokart-sensor/install/ouster_srvs/local/lib/python3.10/dist-packages/ouster_srvs/srv/_set_config_s.c
-- Up-to-date symlink: /home/autoware/gokart_ws/src/gokart-sensor/install/ouster_srvs/local/lib/python3.10/dist-packages/ouster_srvs/ouster_srvs_s__rosidl_typesupport_fastrtps_c.cpython-310-x86_64-linux-gnu.so
-- Up-to-date symlink: /home/autoware/gokart_ws/src/gokart-sensor/install/ouster_srvs/local/lib/python3.10/dist-packages/ouster_srvs/ouster_srvs_s__rosidl_typesupport_introspection_c.cpython-310-x86_64-linux-gnu.so
-- Up-to-date symlink: /home/autoware/gokart_ws/src/gokart-sensor/install/ouster_srvs/local/lib/python3.10/dist-packages/ouster_srvs/ouster_srvs_s__rosidl_typesupport_c.cpython-310-x86_64-linux-gnu.so
-- Symlinking: /home/autoware/gokart_ws/src/gokart-sensor/install/ouster_srvs/share/ouster_srvs/srv/GetConfig.idl
-- Symlinking: /home/autoware/gokart_ws/src/gokart-sensor/install/ouster_srvs/share/ouster_srvs/srv/SetConfig.idl
-- Symlinking: /home/autoware/gokart_ws/src/gokart-sensor/install/ouster_srvs/share/ouster_srvs/srv/GetMetadata.idl
-- Symlinking: /home/autoware/gokart_ws/src/gokart-sensor/install/ouster_srvs/share/ouster_srvs/srv/GetConfig.srv
-- Symlinking: /home/autoware/gokart_ws/src/gokart-sensor/install/ouster_srvs/share/ouster_srvs/srv/GetConfig_Request.msg
-- Symlinking: /home/autoware/gokart_ws/src/gokart-sensor/install/ouster_srvs/share/ouster_srvs/srv/GetConfig_Response.msg
-- Symlinking: /home/autoware/gokart_ws/src/gokart-sensor/install/ouster_srvs/share/ouster_srvs/srv/SetConfig.srv
-- Symlinking: /home/autoware/gokart_ws/src/gokart-sensor/install/ouster_srvs/share/ouster_srvs/srv/SetConfig_Request.msg
-- Symlinking: /home/autoware/gokart_ws/src/gokart-sensor/install/ouster_srvs/share/ouster_srvs/srv/SetConfig_Response.msg
-- Symlinking: /home/autoware/gokart_ws/src/gokart-sensor/install/ouster_srvs/share/ouster_srvs/srv/GetMetadata.srv
-- Symlinking: /home/autoware/gokart_ws/src/gokart-sensor/install/ouster_srvs/share/ouster_srvs/srv/GetMetadata_Request.msg
-- Symlinking: /home/autoware/gokart_ws/src/gokart-sensor/install/ouster_srvs/share/ouster_srvs/srv/GetMetadata_Response.msg
-- Symlinking: /home/autoware/gokart_ws/src/gokart-sensor/install/ouster_srvs/share/ament_index/resource_index/package_run_dependencies/ouster_srvs
-- Symlinking: /home/autoware/gokart_ws/src/gokart-sensor/install/ouster_srvs/share/ament_index/resource_index/parent_prefix_path/ouster_srvs
-- Symlinking: /home/autoware/gokart_ws/src/gokart-sensor/install/ouster_srvs/share/ouster_srvs/environment/ament_prefix_path.sh
-- Symlinking: /home/autoware/gokart_ws/src/gokart-sensor/install/ouster_srvs/share/ouster_srvs/environment/ament_prefix_path.dsv
-- Symlinking: /home/autoware/gokart_ws/src/gokart-sensor/install/ouster_srvs/share/ouster_srvs/environment/path.sh
-- Symlinking: /home/autoware/gokart_ws/src/gokart-sensor/install/ouster_srvs/share/ouster_srvs/environment/path.dsv
-- Symlinking: /home/autoware/gokart_ws/src/gokart-sensor/install/ouster_srvs/share/ouster_srvs/local_setup.bash
-- Symlinking: /home/autoware/gokart_ws/src/gokart-sensor/install/ouster_srvs/share/ouster_srvs/local_setup.sh
-- Symlinking: /home/autoware/gokart_ws/src/gokart-sensor/install/ouster_srvs/share/ouster_srvs/local_setup.zsh
-- Symlinking: /home/autoware/gokart_ws/src/gokart-sensor/install/ouster_srvs/share/ouster_srvs/local_setup.dsv
-- Symlinking: /home/autoware/gokart_ws/src/gokart-sensor/install/ouster_srvs/share/ouster_srvs/package.dsv
-- Symlinking: /home/autoware/gokart_ws/src/gokart-sensor/install/ouster_srvs/share/ament_index/resource_index/packages/ouster_srvs
-- Symlinking: /home/autoware/gokart_ws/src/gokart-sensor/install/ouster_srvs/share/ouster_srvs/cmake/rosidl_cmake-extras.cmake
-- Symlinking: /home/autoware/gokart_ws/src/gokart-sensor/install/ouster_srvs/share/ouster_srvs/cmake/ament_cmake_export_include_directories-extras.cmake
-- Symlinking: /home/autoware/gokart_ws/src/gokart-sensor/install/ouster_srvs/share/ouster_srvs/cmake/ament_cmake_export_libraries-extras.cmake
-- Symlinking: /home/autoware/gokart_ws/src/gokart-sensor/install/ouster_srvs/share/ouster_srvs/cmake/ament_cmake_export_targets-extras.cmake
-- Symlinking: /home/autoware/gokart_ws/src/gokart-sensor/install/ouster_srvs/share/ouster_srvs/cmake/rosidl_cmake_export_typesupport_targets-extras.cmake
-- Symlinking: /home/autoware/gokart_ws/src/gokart-sensor/install/ouster_srvs/share/ouster_srvs/cmake/ament_cmake_export_dependencies-extras.cmake
-- Symlinking: /home/autoware/gokart_ws/src/gokart-sensor/install/ouster_srvs/share/ouster_srvs/cmake/rosidl_cmake_export_typesupport_libraries-extras.cmake
-- Symlinking: /home/autoware/gokart_ws/src/gokart-sensor/install/ouster_srvs/share/ouster_srvs/cmake/ouster_srvsConfig.cmake
-- Symlinking: /home/autoware/gokart_ws/src/gokart-sensor/install/ouster_srvs/share/ouster_srvs/cmake/ouster_srvsConfig-version.cmake
-- Symlinking: /home/autoware/gokart_ws/src/gokart-sensor/install/ouster_srvs/share/ouster_srvs/package.xml
-- Installing: /home/autoware/gokart_ws/src/gokart-sensor/install/ouster_srvs/lib/libouster_srvs__rosidl_generator_c.so
-- Set runtime path of "/home/autoware/gokart_ws/src/gokart-sensor/install/ouster_srvs/lib/libouster_srvs__rosidl_generator_c.so" to ""
-- Installing: /home/autoware/gokart_ws/src/gokart-sensor/install/ouster_srvs/lib/libouster_srvs__rosidl_typesupport_fastrtps_c.so
-- Set runtime path of "/home/autoware/gokart_ws/src/gokart-sensor/install/ouster_srvs/lib/libouster_srvs__rosidl_typesupport_fastrtps_c.so" to ""
-- Installing: /home/autoware/gokart_ws/src/gokart-sensor/install/ouster_srvs/lib/libouster_srvs__rosidl_typesupport_introspection_c.so
-- Set runtime path of "/home/autoware/gokart_ws/src/gokart-sensor/install/ouster_srvs/lib/libouster_srvs__rosidl_typesupport_introspection_c.so" to ""
-- Installing: /home/autoware/gokart_ws/src/gokart-sensor/install/ouster_srvs/lib/libouster_srvs__rosidl_typesupport_c.so
-- Set runtime path of "/home/autoware/gokart_ws/src/gokart-sensor/install/ouster_srvs/lib/libouster_srvs__rosidl_typesupport_c.so" to ""
-- Installing: /home/autoware/gokart_ws/src/gokart-sensor/install/ouster_srvs/lib/libouster_srvs__rosidl_typesupport_fastrtps_cpp.so
-- Set runtime path of "/home/autoware/gokart_ws/src/gokart-sensor/install/ouster_srvs/lib/libouster_srvs__rosidl_typesupport_fastrtps_cpp.so" to ""
-- Installing: /home/autoware/gokart_ws/src/gokart-sensor/install/ouster_srvs/lib/libouster_srvs__rosidl_typesupport_introspection_cpp.so
-- Set runtime path of "/home/autoware/gokart_ws/src/gokart-sensor/install/ouster_srvs/lib/libouster_srvs__rosidl_typesupport_introspection_cpp.so" to ""
-- Installing: /home/autoware/gokart_ws/src/gokart-sensor/install/ouster_srvs/lib/libouster_srvs__rosidl_typesupport_cpp.so
-- Set runtime path of "/home/autoware/gokart_ws/src/gokart-sensor/install/ouster_srvs/lib/libouster_srvs__rosidl_typesupport_cpp.so" to ""
Listing '/home/autoware/gokart_ws/src/gokart-sensor/install/ouster_srvs/local/lib/python3.10/dist-packages/ouster_srvs'...
Compiling '/home/autoware/gokart_ws/src/gokart-sensor/install/ouster_srvs/local/lib/python3.10/dist-packages/ouster_srvs/__init__.py'...
Listing '/home/autoware/gokart_ws/src/gokart-sensor/install/ouster_srvs/local/lib/python3.10/dist-packages/ouster_srvs/srv'...
Compiling '/home/autoware/gokart_ws/src/gokart-sensor/install/ouster_srvs/local/lib/python3.10/dist-packages/ouster_srvs/srv/__init__.py'...
Compiling '/home/autoware/gokart_ws/src/gokart-sensor/install/ouster_srvs/local/lib/python3.10/dist-packages/ouster_srvs/srv/_get_config.py'...
Compiling '/home/autoware/gokart_ws/src/gokart-sensor/install/ouster_srvs/local/lib/python3.10/dist-packages/ouster_srvs/srv/_get_metadata.py'...
Compiling '/home/autoware/gokart_ws/src/gokart-sensor/install/ouster_srvs/local/lib/python3.10/dist-packages/ouster_srvs/srv/_set_config.py'...
-- Installing: /home/autoware/gokart_ws/src/gokart-sensor/install/ouster_srvs/lib/libouster_srvs__rosidl_generator_py.so
-- Set runtime path of "/home/autoware/gokart_ws/src/gokart-sensor/install/ouster_srvs/lib/libouster_srvs__rosidl_generator_py.so" to ""
-- Installing: /home/autoware/gokart_ws/src/gokart-sensor/install/ouster_srvs/share/ouster_srvs/cmake/export_ouster_srvs__rosidl_generator_cExport.cmake
-- Installing: /home/autoware/gokart_ws/src/gokart-sensor/install/ouster_srvs/share/ouster_srvs/cmake/export_ouster_srvs__rosidl_generator_cExport-release.cmake
-- Installing: /home/autoware/gokart_ws/src/gokart-sensor/install/ouster_srvs/share/ouster_srvs/cmake/export_ouster_srvs__rosidl_typesupport_fastrtps_cExport.cmake
-- Installing: /home/autoware/gokart_ws/src/gokart-sensor/install/ouster_srvs/share/ouster_srvs/cmake/export_ouster_srvs__rosidl_typesupport_fastrtps_cExport-release.cmake
-- Installing: /home/autoware/gokart_ws/src/gokart-sensor/install/ouster_srvs/share/ouster_srvs/cmake/ouster_srvs__rosidl_typesupport_introspection_cExport.cmake
-- Installing: /home/autoware/gokart_ws/src/gokart-sensor/install/ouster_srvs/share/ouster_srvs/cmake/ouster_srvs__rosidl_typesupport_introspection_cExport-release.cmake
-- Installing: /home/autoware/gokart_ws/src/gokart-sensor/install/ouster_srvs/share/ouster_srvs/cmake/ouster_srvs__rosidl_typesupport_cExport.cmake
-- Installing: /home/autoware/gokart_ws/src/gokart-sensor/install/ouster_srvs/share/ouster_srvs/cmake/ouster_srvs__rosidl_typesupport_cExport-release.cmake
-- Installing: /home/autoware/gokart_ws/src/gokart-sensor/install/ouster_srvs/share/ouster_srvs/cmake/export_ouster_srvs__rosidl_generator_cppExport.cmake
-- Installing: /home/autoware/gokart_ws/src/gokart-sensor/install/ouster_srvs/share/ouster_srvs/cmake/export_ouster_srvs__rosidl_typesupport_fastrtps_cppExport.cmake
-- Installing: /home/autoware/gokart_ws/src/gokart-sensor/install/ouster_srvs/share/ouster_srvs/cmake/export_ouster_srvs__rosidl_typesupport_fastrtps_cppExport-release.cmake
-- Installing: /home/autoware/gokart_ws/src/gokart-sensor/install/ouster_srvs/share/ouster_srvs/cmake/ouster_srvs__rosidl_typesupport_introspection_cppExport.cmake
-- Installing: /home/autoware/gokart_ws/src/gokart-sensor/install/ouster_srvs/share/ouster_srvs/cmake/ouster_srvs__rosidl_typesupport_introspection_cppExport-release.cmake
-- Installing: /home/autoware/gokart_ws/src/gokart-sensor/install/ouster_srvs/share/ouster_srvs/cmake/ouster_srvs__rosidl_typesupport_cppExport.cmake
-- Installing: /home/autoware/gokart_ws/src/gokart-sensor/install/ouster_srvs/share/ouster_srvs/cmake/ouster_srvs__rosidl_typesupport_cppExport-release.cmake
-- Installing: /home/autoware/gokart_ws/src/gokart-sensor/install/ouster_srvs/share/ouster_srvs/cmake/export_ouster_srvs__rosidl_generator_pyExport.cmake
-- Installing: /home/autoware/gokart_ws/src/gokart-sensor/install/ouster_srvs/share/ouster_srvs/cmake/export_ouster_srvs__rosidl_generator_pyExport-release.cmake
