-- The C compiler identification is GNU 11.3.0
-- The CXX compiler identification is GNU 11.3.0
-- Detecting C compiler ABI info
-- Detecting C compiler ABI info - done
-- Check for working C compiler: /usr/bin/cc - skipped
-- Detecting C compile features
-- Detecting C compile features - done
-- Detecting CXX compiler ABI info
-- Detecting CXX compiler ABI info - done
-- Check for working CXX compiler: /usr/bin/c++ - skipped
-- Detecting CXX compile features
-- Detecting CXX compile features - done
-- Found ament_cmake: 1.3.4 (/opt/ros/humble/share/ament_cmake/cmake)
-- Found Python3: /usr/bin/python3.10 (found version "3.10.6") found components: Interpreter 
-- Override CMake install command with custom implementation using symlinks instead of copying resources
-- Found rosidl_default_generators: 1.2.0 (/opt/ros/humble/share/rosidl_default_generators/cmake)
-- Using all available rosidl_typesupport_c: rosidl_typesupport_fastrtps_c;rosidl_typesupport_introspection_c
-- Found rosidl_adapter: 3.1.4 (/opt/ros/humble/share/rosidl_adapter/cmake)
-- Using all available rosidl_typesupport_cpp: rosidl_typesupport_fastrtps_cpp;rosidl_typesupport_introspection_cpp
-- Found ament_cmake_ros: 0.10.0 (/opt/ros/humble/share/ament_cmake_ros/cmake)
-- Using all available rosidl_typesupport_c: rosidl_typesupport_fastrtps_c;rosidl_typesupport_introspection_c
-- Using all available rosidl_typesupport_cpp: rosidl_typesupport_fastrtps_cpp;rosidl_typesupport_introspection_cpp
-- Found PythonInterp: /usr/bin/python3 (found suitable version "3.10.6", minimum required is "3.6") 
-- Found python_cmake_module: 0.10.0 (/opt/ros/humble/share/python_cmake_module/cmake)
-- Found PythonLibs: /usr/lib/x86_64-linux-gnu/libpython3.10.so (found suitable version "3.10.6", minimum required is "3.5") 
-- Using PYTHON_EXECUTABLE: /usr/bin/python3
-- Using PYTHON_INCLUDE_DIRS: /usr/include/python3.10
-- Using PYTHON_LIBRARIES: /usr/lib/x86_64-linux-gnu/libpython3.10.so
-- Found PythonExtra: .so  
-- Configuring done
-- Generating done
-- Build files have been written to: /home/autoware/gokart_ws/src/gokart-sensor/build/ouster_msgs
[  3%] [34m[1mGenerating C code for ROS interfaces[0m
[  6%] [34m[1mGenerating C++ code for ROS interfaces[0m
[  6%] Built target ament_cmake_python_symlink_ouster_msgs
[  9%] [32mBuilding C object CMakeFiles/ouster_msgs__rosidl_generator_c.dir/rosidl_generator_c/ouster_msgs/msg/detail/packet_msg__functions.c.o[0m
running egg_info
creating ouster_msgs.egg-info
writing ouster_msgs.egg-info/PKG-INFO
writing dependency_links to ouster_msgs.egg-info/dependency_links.txt
writing top-level names to ouster_msgs.egg-info/top_level.txt
writing manifest file 'ouster_msgs.egg-info/SOURCES.txt'
reading manifest file 'ouster_msgs.egg-info/SOURCES.txt'
writing manifest file 'ouster_msgs.egg-info/SOURCES.txt'
[  9%] Built target ament_cmake_python_build_ouster_msgs_egg
[  9%] Built target ouster_msgs__cpp
[ 12%] [34m[1mGenerating C++ type support dispatch for ROS interfaces[0m
[ 19%] [34m[1mGenerating C++ type support for eProsima Fast-RTPS[0m
[ 19%] [34m[1mGenerating C++ introspection for ROS interfaces[0m
[ 22%] [32m[1mLinking C shared library libouster_msgs__rosidl_generator_c.so[0m
[ 22%] Built target ouster_msgs__rosidl_generator_c
[ 25%] [34m[1mGenerating C introspection for ROS interfaces[0m
[ 29%] [34m[1mGenerating C type support for eProsima Fast-RTPS[0m
[ 32%] [34m[1mGenerating C type support dispatch for ROS interfaces[0m
[ 35%] [32mBuilding CXX object CMakeFiles/ouster_msgs__rosidl_typesupport_cpp.dir/rosidl_typesupport_cpp/ouster_msgs/msg/packet_msg__type_support.cpp.o[0m
[ 38%] [32mBuilding CXX object CMakeFiles/ouster_msgs__rosidl_typesupport_fastrtps_cpp.dir/rosidl_typesupport_fastrtps_cpp/ouster_msgs/msg/detail/dds_fastrtps/packet_msg__type_support.cpp.o[0m
[ 41%] [32mBuilding CXX object CMakeFiles/ouster_msgs__rosidl_typesupport_introspection_cpp.dir/rosidl_typesupport_introspection_cpp/ouster_msgs/msg/detail/packet_msg__type_support.cpp.o[0m
[ 45%] [32mBuilding CXX object CMakeFiles/ouster_msgs__rosidl_typesupport_c.dir/rosidl_typesupport_c/ouster_msgs/msg/packet_msg__type_support.cpp.o[0m
[ 48%] [32mBuilding CXX object CMakeFiles/ouster_msgs__rosidl_typesupport_fastrtps_c.dir/rosidl_typesupport_fastrtps_c/ouster_msgs/msg/detail/packet_msg__type_support_c.cpp.o[0m
[ 51%] [32mBuilding C object CMakeFiles/ouster_msgs__rosidl_typesupport_introspection_c.dir/rosidl_typesupport_introspection_c/ouster_msgs/msg/detail/packet_msg__type_support.c.o[0m
[ 54%] [32m[1mLinking CXX shared library libouster_msgs__rosidl_typesupport_c.so[0m
[ 54%] Built target ouster_msgs__rosidl_typesupport_c
[ 58%] [32m[1mLinking C shared library libouster_msgs__rosidl_typesupport_introspection_c.so[0m
[ 58%] Built target ouster_msgs__rosidl_typesupport_introspection_c
[ 61%] [32m[1mLinking CXX shared library libouster_msgs__rosidl_typesupport_fastrtps_c.so[0m
[ 64%] [32m[1mLinking CXX shared library libouster_msgs__rosidl_typesupport_cpp.so[0m
[ 67%] [32m[1mLinking CXX shared library libouster_msgs__rosidl_typesupport_introspection_cpp.so[0m
[ 67%] Built target ouster_msgs__rosidl_typesupport_fastrtps_c
[ 70%] [32m[1mLinking CXX shared library libouster_msgs__rosidl_typesupport_fastrtps_cpp.so[0m
[ 70%] Built target ouster_msgs__rosidl_typesupport_cpp
[ 70%] Built target ouster_msgs__rosidl_typesupport_introspection_cpp
[ 70%] Built target ouster_msgs__rosidl_typesupport_fastrtps_cpp
[ 70%] Built target ouster_msgs
[ 74%] [34m[1mGenerating Python code for ROS interfaces[0m
[ 74%] Built target ouster_msgs__py
[ 77%] [32mBuilding C object CMakeFiles/ouster_msgs__rosidl_generator_py.dir/rosidl_generator_py/ouster_msgs/msg/_packet_msg_s.c.o[0m
[ 80%] [32m[1mLinking C shared library rosidl_generator_py/ouster_msgs/libouster_msgs__rosidl_generator_py.so[0m
[ 80%] Built target ouster_msgs__rosidl_generator_py
[ 87%] [32mBuilding C object CMakeFiles/ouster_msgs__rosidl_typesupport_introspection_c__pyext.dir/rosidl_generator_py/ouster_msgs/_ouster_msgs_s.ep.rosidl_typesupport_introspection_c.c.o[0m
[ 87%] [32mBuilding C object CMakeFiles/ouster_msgs__rosidl_typesupport_c__pyext.dir/rosidl_generator_py/ouster_msgs/_ouster_msgs_s.ep.rosidl_typesupport_c.c.o[0m
[ 90%] [32mBuilding C object CMakeFiles/ouster_msgs__rosidl_typesupport_fastrtps_c__pyext.dir/rosidl_generator_py/ouster_msgs/_ouster_msgs_s.ep.rosidl_typesupport_fastrtps_c.c.o[0m
[ 93%] [32m[1mLinking C shared library rosidl_generator_py/ouster_msgs/ouster_msgs_s__rosidl_typesupport_c.cpython-310-x86_64-linux-gnu.so[0m
[100%] [32m[1mLinking C shared library rosidl_generator_py/ouster_msgs/ouster_msgs_s__rosidl_typesupport_introspection_c.cpython-310-x86_64-linux-gnu.so[0m
[100%] [32m[1mLinking C shared library rosidl_generator_py/ouster_msgs/ouster_msgs_s__rosidl_typesupport_fastrtps_c.cpython-310-x86_64-linux-gnu.so[0m
[100%] Built target ouster_msgs__rosidl_typesupport_c__pyext
[100%] Built target ouster_msgs__rosidl_typesupport_introspection_c__pyext
[100%] Built target ouster_msgs__rosidl_typesupport_fastrtps_c__pyext
-- Install configuration: "Release"
-- Execute custom install script
-- Symlinking: /home/autoware/gokart_ws/src/gokart-sensor/install/ouster_msgs/share/ament_index/resource_index/rosidl_interfaces/ouster_msgs
-- Symlinking: /home/autoware/gokart_ws/src/gokart-sensor/install/ouster_msgs/include/ouster_msgs/ouster_msgs/msg/detail/packet_msg__functions.h
-- Symlinking: /home/autoware/gokart_ws/src/gokart-sensor/install/ouster_msgs/include/ouster_msgs/ouster_msgs/msg/detail/packet_msg__struct.h
-- Symlinking: /home/autoware/gokart_ws/src/gokart-sensor/install/ouster_msgs/include/ouster_msgs/ouster_msgs/msg/detail/packet_msg__type_support.h
-- Symlinking: /home/autoware/gokart_ws/src/gokart-sensor/install/ouster_msgs/include/ouster_msgs/ouster_msgs/msg/packet_msg.h
-- Symlinking: /home/autoware/gokart_ws/src/gokart-sensor/install/ouster_msgs/include/ouster_msgs/ouster_msgs/msg/rosidl_generator_c__visibility_control.h
-- Symlinking: /home/autoware/gokart_ws/src/gokart-sensor/install/ouster_msgs/share/ouster_msgs/environment/library_path.sh
-- Symlinking: /home/autoware/gokart_ws/src/gokart-sensor/install/ouster_msgs/share/ouster_msgs/environment/library_path.dsv
-- Symlinking: /home/autoware/gokart_ws/src/gokart-sensor/install/ouster_msgs/include/ouster_msgs/ouster_msgs/msg/detail/packet_msg__rosidl_typesupport_fastrtps_c.h
-- Symlinking: /home/autoware/gokart_ws/src/gokart-sensor/install/ouster_msgs/include/ouster_msgs/ouster_msgs/msg/rosidl_typesupport_fastrtps_c__visibility_control.h
-- Symlinking: /home/autoware/gokart_ws/src/gokart-sensor/install/ouster_msgs/include/ouster_msgs/ouster_msgs/msg/detail/packet_msg__rosidl_typesupport_introspection_c.h
-- Symlinking: /home/autoware/gokart_ws/src/gokart-sensor/install/ouster_msgs/include/ouster_msgs/ouster_msgs/msg/rosidl_typesupport_introspection_c__visibility_control.h
-- Symlinking: /home/autoware/gokart_ws/src/gokart-sensor/install/ouster_msgs/include/ouster_msgs/ouster_msgs/msg/detail/packet_msg__builder.hpp
-- Symlinking: /home/autoware/gokart_ws/src/gokart-sensor/install/ouster_msgs/include/ouster_msgs/ouster_msgs/msg/detail/packet_msg__struct.hpp
-- Symlinking: /home/autoware/gokart_ws/src/gokart-sensor/install/ouster_msgs/include/ouster_msgs/ouster_msgs/msg/detail/packet_msg__traits.hpp
-- Symlinking: /home/autoware/gokart_ws/src/gokart-sensor/install/ouster_msgs/include/ouster_msgs/ouster_msgs/msg/packet_msg.hpp
-- Symlinking: /home/autoware/gokart_ws/src/gokart-sensor/install/ouster_msgs/include/ouster_msgs/ouster_msgs/msg/detail/packet_msg__rosidl_typesupport_fastrtps_cpp.hpp
-- Symlinking: /home/autoware/gokart_ws/src/gokart-sensor/install/ouster_msgs/include/ouster_msgs/ouster_msgs/msg/rosidl_typesupport_fastrtps_cpp__visibility_control.h
-- Symlinking: /home/autoware/gokart_ws/src/gokart-sensor/install/ouster_msgs/include/ouster_msgs/ouster_msgs/msg/detail/packet_msg__rosidl_typesupport_introspection_cpp.hpp
-- Symlinking: /home/autoware/gokart_ws/src/gokart-sensor/install/ouster_msgs/share/ouster_msgs/environment/pythonpath.sh
-- Symlinking: /home/autoware/gokart_ws/src/gokart-sensor/install/ouster_msgs/share/ouster_msgs/environment/pythonpath.dsv
-- Symlinking: /home/autoware/gokart_ws/src/gokart-sensor/install/ouster_msgs/local/lib/python3.10/dist-packages/ouster_msgs-0.1.0-py3.10.egg-info/PKG-INFO
-- Symlinking: /home/autoware/gokart_ws/src/gokart-sensor/install/ouster_msgs/local/lib/python3.10/dist-packages/ouster_msgs-0.1.0-py3.10.egg-info/SOURCES.txt
-- Symlinking: /home/autoware/gokart_ws/src/gokart-sensor/install/ouster_msgs/local/lib/python3.10/dist-packages/ouster_msgs-0.1.0-py3.10.egg-info/dependency_links.txt
-- Symlinking: /home/autoware/gokart_ws/src/gokart-sensor/install/ouster_msgs/local/lib/python3.10/dist-packages/ouster_msgs-0.1.0-py3.10.egg-info/top_level.txt
-- Symlinking: /home/autoware/gokart_ws/src/gokart-sensor/install/ouster_msgs/local/lib/python3.10/dist-packages/ouster_msgs/__init__.py
-- Symlinking: /home/autoware/gokart_ws/src/gokart-sensor/install/ouster_msgs/local/lib/python3.10/dist-packages/ouster_msgs/_ouster_msgs_s.ep.rosidl_typesupport_c.c
-- Symlinking: /home/autoware/gokart_ws/src/gokart-sensor/install/ouster_msgs/local/lib/python3.10/dist-packages/ouster_msgs/_ouster_msgs_s.ep.rosidl_typesupport_fastrtps_c.c
-- Symlinking: /home/autoware/gokart_ws/src/gokart-sensor/install/ouster_msgs/local/lib/python3.10/dist-packages/ouster_msgs/_ouster_msgs_s.ep.rosidl_typesupport_introspection_c.c
-- Symlinking: /home/autoware/gokart_ws/src/gokart-sensor/install/ouster_msgs/local/lib/python3.10/dist-packages/ouster_msgs/libouster_msgs__rosidl_generator_py.so
-- Symlinking: /home/autoware/gokart_ws/src/gokart-sensor/install/ouster_msgs/local/lib/python3.10/dist-packages/ouster_msgs/msg/__init__.py
-- Symlinking: /home/autoware/gokart_ws/src/gokart-sensor/install/ouster_msgs/local/lib/python3.10/dist-packages/ouster_msgs/msg/_packet_msg.py
-- Symlinking: /home/autoware/gokart_ws/src/gokart-sensor/install/ouster_msgs/local/lib/python3.10/dist-packages/ouster_msgs/msg/_packet_msg_s.c
-- Symlinking: /home/autoware/gokart_ws/src/gokart-sensor/install/ouster_msgs/local/lib/python3.10/dist-packages/ouster_msgs/ouster_msgs_s__rosidl_typesupport_c.cpython-310-x86_64-linux-gnu.so
-- Symlinking: /home/autoware/gokart_ws/src/gokart-sensor/install/ouster_msgs/local/lib/python3.10/dist-packages/ouster_msgs/ouster_msgs_s__rosidl_typesupport_fastrtps_c.cpython-310-x86_64-linux-gnu.so
-- Symlinking: /home/autoware/gokart_ws/src/gokart-sensor/install/ouster_msgs/local/lib/python3.10/dist-packages/ouster_msgs/ouster_msgs_s__rosidl_typesupport_introspection_c.cpython-310-x86_64-linux-gnu.so
-- Up-to-date symlink: /home/autoware/gokart_ws/src/gokart-sensor/install/ouster_msgs/local/lib/python3.10/dist-packages/ouster_msgs/ouster_msgs_s__rosidl_typesupport_fastrtps_c.cpython-310-x86_64-linux-gnu.so
-- Up-to-date symlink: /home/autoware/gokart_ws/src/gokart-sensor/install/ouster_msgs/local/lib/python3.10/dist-packages/ouster_msgs/ouster_msgs_s__rosidl_typesupport_introspection_c.cpython-310-x86_64-linux-gnu.so
-- Up-to-date symlink: /home/autoware/gokart_ws/src/gokart-sensor/install/ouster_msgs/local/lib/python3.10/dist-packages/ouster_msgs/ouster_msgs_s__rosidl_typesupport_c.cpython-310-x86_64-linux-gnu.so
-- Symlinking: /home/autoware/gokart_ws/src/gokart-sensor/install/ouster_msgs/share/ouster_msgs/msg/PacketMsg.idl
-- Symlinking: /home/autoware/gokart_ws/src/gokart-sensor/install/ouster_msgs/share/ouster_msgs/msg/PacketMsg.msg
-- Symlinking: /home/autoware/gokart_ws/src/gokart-sensor/install/ouster_msgs/share/ament_index/resource_index/package_run_dependencies/ouster_msgs
-- Symlinking: /home/autoware/gokart_ws/src/gokart-sensor/install/ouster_msgs/share/ament_index/resource_index/parent_prefix_path/ouster_msgs
-- Symlinking: /home/autoware/gokart_ws/src/gokart-sensor/install/ouster_msgs/share/ouster_msgs/environment/ament_prefix_path.sh
-- Symlinking: /home/autoware/gokart_ws/src/gokart-sensor/install/ouster_msgs/share/ouster_msgs/environment/ament_prefix_path.dsv
-- Symlinking: /home/autoware/gokart_ws/src/gokart-sensor/install/ouster_msgs/share/ouster_msgs/environment/path.sh
-- Symlinking: /home/autoware/gokart_ws/src/gokart-sensor/install/ouster_msgs/share/ouster_msgs/environment/path.dsv
-- Symlinking: /home/autoware/gokart_ws/src/gokart-sensor/install/ouster_msgs/share/ouster_msgs/local_setup.bash
-- Symlinking: /home/autoware/gokart_ws/src/gokart-sensor/install/ouster_msgs/share/ouster_msgs/local_setup.sh
-- Symlinking: /home/autoware/gokart_ws/src/gokart-sensor/install/ouster_msgs/share/ouster_msgs/local_setup.zsh
-- Symlinking: /home/autoware/gokart_ws/src/gokart-sensor/install/ouster_msgs/share/ouster_msgs/local_setup.dsv
-- Symlinking: /home/autoware/gokart_ws/src/gokart-sensor/install/ouster_msgs/share/ouster_msgs/package.dsv
-- Symlinking: /home/autoware/gokart_ws/src/gokart-sensor/install/ouster_msgs/share/ament_index/resource_index/packages/ouster_msgs
-- Symlinking: /home/autoware/gokart_ws/src/gokart-sensor/install/ouster_msgs/share/ouster_msgs/cmake/rosidl_cmake-extras.cmake
-- Symlinking: /home/autoware/gokart_ws/src/gokart-sensor/install/ouster_msgs/share/ouster_msgs/cmake/ament_cmake_export_include_directories-extras.cmake
-- Symlinking: /home/autoware/gokart_ws/src/gokart-sensor/install/ouster_msgs/share/ouster_msgs/cmake/ament_cmake_export_libraries-extras.cmake
-- Symlinking: /home/autoware/gokart_ws/src/gokart-sensor/install/ouster_msgs/share/ouster_msgs/cmake/ament_cmake_export_targets-extras.cmake
-- Symlinking: /home/autoware/gokart_ws/src/gokart-sensor/install/ouster_msgs/share/ouster_msgs/cmake/rosidl_cmake_export_typesupport_targets-extras.cmake
-- Symlinking: /home/autoware/gokart_ws/src/gokart-sensor/install/ouster_msgs/share/ouster_msgs/cmake/ament_cmake_export_dependencies-extras.cmake
-- Symlinking: /home/autoware/gokart_ws/src/gokart-sensor/install/ouster_msgs/share/ouster_msgs/cmake/rosidl_cmake_export_typesupport_libraries-extras.cmake
-- Symlinking: /home/autoware/gokart_ws/src/gokart-sensor/install/ouster_msgs/share/ouster_msgs/cmake/ouster_msgsConfig.cmake
-- Symlinking: /home/autoware/gokart_ws/src/gokart-sensor/install/ouster_msgs/share/ouster_msgs/cmake/ouster_msgsConfig-version.cmake
-- Symlinking: /home/autoware/gokart_ws/src/gokart-sensor/install/ouster_msgs/share/ouster_msgs/package.xml
-- Installing: /home/autoware/gokart_ws/src/gokart-sensor/install/ouster_msgs/lib/libouster_msgs__rosidl_generator_c.so
-- Set runtime path of "/home/autoware/gokart_ws/src/gokart-sensor/install/ouster_msgs/lib/libouster_msgs__rosidl_generator_c.so" to ""
-- Installing: /home/autoware/gokart_ws/src/gokart-sensor/install/ouster_msgs/lib/libouster_msgs__rosidl_typesupport_fastrtps_c.so
-- Set runtime path of "/home/autoware/gokart_ws/src/gokart-sensor/install/ouster_msgs/lib/libouster_msgs__rosidl_typesupport_fastrtps_c.so" to ""
-- Installing: /home/autoware/gokart_ws/src/gokart-sensor/install/ouster_msgs/lib/libouster_msgs__rosidl_typesupport_introspection_c.so
-- Set runtime path of "/home/autoware/gokart_ws/src/gokart-sensor/install/ouster_msgs/lib/libouster_msgs__rosidl_typesupport_introspection_c.so" to ""
-- Installing: /home/autoware/gokart_ws/src/gokart-sensor/install/ouster_msgs/lib/libouster_msgs__rosidl_typesupport_c.so
-- Set runtime path of "/home/autoware/gokart_ws/src/gokart-sensor/install/ouster_msgs/lib/libouster_msgs__rosidl_typesupport_c.so" to ""
-- Installing: /home/autoware/gokart_ws/src/gokart-sensor/install/ouster_msgs/lib/libouster_msgs__rosidl_typesupport_fastrtps_cpp.so
-- Set runtime path of "/home/autoware/gokart_ws/src/gokart-sensor/install/ouster_msgs/lib/libouster_msgs__rosidl_typesupport_fastrtps_cpp.so" to ""
-- Installing: /home/autoware/gokart_ws/src/gokart-sensor/install/ouster_msgs/lib/libouster_msgs__rosidl_typesupport_introspection_cpp.so
-- Set runtime path of "/home/autoware/gokart_ws/src/gokart-sensor/install/ouster_msgs/lib/libouster_msgs__rosidl_typesupport_introspection_cpp.so" to ""
-- Installing: /home/autoware/gokart_ws/src/gokart-sensor/install/ouster_msgs/lib/libouster_msgs__rosidl_typesupport_cpp.so
-- Set runtime path of "/home/autoware/gokart_ws/src/gokart-sensor/install/ouster_msgs/lib/libouster_msgs__rosidl_typesupport_cpp.so" to ""
Listing '/home/autoware/gokart_ws/src/gokart-sensor/install/ouster_msgs/local/lib/python3.10/dist-packages/ouster_msgs'...
Compiling '/home/autoware/gokart_ws/src/gokart-sensor/install/ouster_msgs/local/lib/python3.10/dist-packages/ouster_msgs/__init__.py'...
Listing '/home/autoware/gokart_ws/src/gokart-sensor/install/ouster_msgs/local/lib/python3.10/dist-packages/ouster_msgs/msg'...
Compiling '/home/autoware/gokart_ws/src/gokart-sensor/install/ouster_msgs/local/lib/python3.10/dist-packages/ouster_msgs/msg/__init__.py'...
Compiling '/home/autoware/gokart_ws/src/gokart-sensor/install/ouster_msgs/local/lib/python3.10/dist-packages/ouster_msgs/msg/_packet_msg.py'...
-- Installing: /home/autoware/gokart_ws/src/gokart-sensor/install/ouster_msgs/lib/libouster_msgs__rosidl_generator_py.so
-- Set runtime path of "/home/autoware/gokart_ws/src/gokart-sensor/install/ouster_msgs/lib/libouster_msgs__rosidl_generator_py.so" to ""
-- Installing: /home/autoware/gokart_ws/src/gokart-sensor/install/ouster_msgs/share/ouster_msgs/cmake/export_ouster_msgs__rosidl_generator_cExport.cmake
-- Installing: /home/autoware/gokart_ws/src/gokart-sensor/install/ouster_msgs/share/ouster_msgs/cmake/export_ouster_msgs__rosidl_generator_cExport-release.cmake
-- Installing: /home/autoware/gokart_ws/src/gokart-sensor/install/ouster_msgs/share/ouster_msgs/cmake/export_ouster_msgs__rosidl_typesupport_fastrtps_cExport.cmake
-- Installing: /home/autoware/gokart_ws/src/gokart-sensor/install/ouster_msgs/share/ouster_msgs/cmake/export_ouster_msgs__rosidl_typesupport_fastrtps_cExport-release.cmake
-- Installing: /home/autoware/gokart_ws/src/gokart-sensor/install/ouster_msgs/share/ouster_msgs/cmake/ouster_msgs__rosidl_typesupport_introspection_cExport.cmake
-- Installing: /home/autoware/gokart_ws/src/gokart-sensor/install/ouster_msgs/share/ouster_msgs/cmake/ouster_msgs__rosidl_typesupport_introspection_cExport-release.cmake
-- Installing: /home/autoware/gokart_ws/src/gokart-sensor/install/ouster_msgs/share/ouster_msgs/cmake/ouster_msgs__rosidl_typesupport_cExport.cmake
-- Installing: /home/autoware/gokart_ws/src/gokart-sensor/install/ouster_msgs/share/ouster_msgs/cmake/ouster_msgs__rosidl_typesupport_cExport-release.cmake
-- Installing: /home/autoware/gokart_ws/src/gokart-sensor/install/ouster_msgs/share/ouster_msgs/cmake/export_ouster_msgs__rosidl_generator_cppExport.cmake
-- Installing: /home/autoware/gokart_ws/src/gokart-sensor/install/ouster_msgs/share/ouster_msgs/cmake/export_ouster_msgs__rosidl_typesupport_fastrtps_cppExport.cmake
-- Installing: /home/autoware/gokart_ws/src/gokart-sensor/install/ouster_msgs/share/ouster_msgs/cmake/export_ouster_msgs__rosidl_typesupport_fastrtps_cppExport-release.cmake
-- Installing: /home/autoware/gokart_ws/src/gokart-sensor/install/ouster_msgs/share/ouster_msgs/cmake/ouster_msgs__rosidl_typesupport_introspection_cppExport.cmake
-- Installing: /home/autoware/gokart_ws/src/gokart-sensor/install/ouster_msgs/share/ouster_msgs/cmake/ouster_msgs__rosidl_typesupport_introspection_cppExport-release.cmake
-- Installing: /home/autoware/gokart_ws/src/gokart-sensor/install/ouster_msgs/share/ouster_msgs/cmake/ouster_msgs__rosidl_typesupport_cppExport.cmake
-- Installing: /home/autoware/gokart_ws/src/gokart-sensor/install/ouster_msgs/share/ouster_msgs/cmake/ouster_msgs__rosidl_typesupport_cppExport-release.cmake
-- Installing: /home/autoware/gokart_ws/src/gokart-sensor/install/ouster_msgs/share/ouster_msgs/cmake/export_ouster_msgs__rosidl_generator_pyExport.cmake
-- Installing: /home/autoware/gokart_ws/src/gokart-sensor/install/ouster_msgs/share/ouster_msgs/cmake/export_ouster_msgs__rosidl_generator_pyExport-release.cmake
