[0.372s] Invoking command in '/home/autoware/gokart_ws/src/gokart-sensor/build/ouster_msgs': CMAKE_PREFIX_PATH=${CMAKE_PREFIX_PATH}:/home/autoware/gokart_ws/install/ros_imu_bno055:/home/autoware/gokart_ws/install/pure_pursuit:/home/autoware/gokart_ws/install/gap_follow:/home/autoware/gokart_ws/install/kart_interface:/home/autoware/gokart_ws/install/gnss_to_local:/home/autoware/gokart_ws/install/ekf_gnss:/opt/ros/humble /usr/bin/cmake /home/autoware/gokart_ws/src/gokart-sensor/Sensor_drivers/ouster-ros/ouster-msgs -DCMAKE_BUILD_TYPE=Release -DAMENT_CMAKE_SYMLINK_INSTALL=1 -DCMAKE_INSTALL_PREFIX=/home/autoware/gokart_ws/src/gokart-sensor/install/ouster_msgs
[0.809s] -- The C compiler identification is GNU 11.3.0
[0.809s] -- The CXX compiler identification is GNU 11.3.0
[0.809s] -- Detecting C compiler ABI info
[0.809s] -- Detecting C compiler ABI info - done
[0.810s] -- Check for working C compiler: /usr/bin/cc - skipped
[0.810s] -- Detecting C compile features
[0.810s] -- Detecting C compile features - done
[0.810s] -- Detecting CXX compiler ABI info
[0.810s] -- Detecting CXX compiler ABI info - done
[0.810s] -- Check for working CXX compiler: /usr/bin/c++ - skipped
[0.811s] -- Detecting CXX compile features
[0.812s] -- Detecting CXX compile features - done
[0.812s] -- Found ament_cmake: 1.3.4 (/opt/ros/humble/share/ament_cmake/cmake)
[0.812s] -- Found Python3: /usr/bin/python3.10 (found version "3.10.6") found components: Interpreter 
[0.812s] -- Override CMake install command with custom implementation using symlinks instead of copying resources
[0.812s] -- Found rosidl_default_generators: 1.2.0 (/opt/ros/humble/share/rosidl_default_generators/cmake)
[0.813s] -- Using all available rosidl_typesupport_c: rosidl_typesupport_fastrtps_c;rosidl_typesupport_introspection_c
[0.816s] -- Found rosidl_adapter: 3.1.4 (/opt/ros/humble/share/rosidl_adapter/cmake)
[0.849s] -- Using all available rosidl_typesupport_cpp: rosidl_typesupport_fastrtps_cpp;rosidl_typesupport_introspection_cpp
[1.132s] -- Found ament_cmake_ros: 0.10.0 (/opt/ros/humble/share/ament_cmake_ros/cmake)
[1.319s] -- Using all available rosidl_typesupport_c: rosidl_typesupport_fastrtps_c;rosidl_typesupport_introspection_c
[1.579s] -- Using all available rosidl_typesupport_cpp: rosidl_typesupport_fastrtps_cpp;rosidl_typesupport_introspection_cpp
[1.603s] -- Found PythonInterp: /usr/bin/python3 (found suitable version "3.10.6", minimum required is "3.6") 
[1.606s] -- Found python_cmake_module: 0.10.0 (/opt/ros/humble/share/python_cmake_module/cmake)
[1.636s] -- Found PythonLibs: /usr/lib/x86_64-linux-gnu/libpython3.10.so (found suitable version "3.10.6", minimum required is "3.5") 
[1.636s] -- Using PYTHON_EXECUTABLE: /usr/bin/python3
[1.636s] -- Using PYTHON_INCLUDE_DIRS: /usr/include/python3.10
[1.636s] -- Using PYTHON_LIBRARIES: /usr/lib/x86_64-linux-gnu/libpython3.10.so
[1.668s] -- Found PythonExtra: .so  
[1.721s] -- Configuring done
[1.755s] -- Generating done
[1.758s] -- Build files have been written to: /home/autoware/gokart_ws/src/gokart-sensor/build/ouster_msgs
[1.765s] Invoked command in '/home/autoware/gokart_ws/src/gokart-sensor/build/ouster_msgs' returned '0': CMAKE_PREFIX_PATH=${CMAKE_PREFIX_PATH}:/home/autoware/gokart_ws/install/ros_imu_bno055:/home/autoware/gokart_ws/install/pure_pursuit:/home/autoware/gokart_ws/install/gap_follow:/home/autoware/gokart_ws/install/kart_interface:/home/autoware/gokart_ws/install/gnss_to_local:/home/autoware/gokart_ws/install/ekf_gnss:/opt/ros/humble /usr/bin/cmake /home/autoware/gokart_ws/src/gokart-sensor/Sensor_drivers/ouster-ros/ouster-msgs -DCMAKE_BUILD_TYPE=Release -DAMENT_CMAKE_SYMLINK_INSTALL=1 -DCMAKE_INSTALL_PREFIX=/home/autoware/gokart_ws/src/gokart-sensor/install/ouster_msgs
[1.766s] Invoking command in '/home/autoware/gokart_ws/src/gokart-sensor/build/ouster_msgs': CMAKE_PREFIX_PATH=${CMAKE_PREFIX_PATH}:/home/autoware/gokart_ws/install/ros_imu_bno055:/home/autoware/gokart_ws/install/pure_pursuit:/home/autoware/gokart_ws/install/gap_follow:/home/autoware/gokart_ws/install/kart_interface:/home/autoware/gokart_ws/install/gnss_to_local:/home/autoware/gokart_ws/install/ekf_gnss:/opt/ros/humble /usr/bin/cmake --build /home/autoware/gokart_ws/src/gokart-sensor/build/ouster_msgs -- -j20 -l20
[1.795s] [  3%] [34m[1mGenerating C code for ROS interfaces[0m
[1.802s] [  6%] [34m[1mGenerating C++ code for ROS interfaces[0m
[1.817s] [  6%] Built target ament_cmake_python_symlink_ouster_msgs
[2.019s] [  9%] [32mBuilding C object CMakeFiles/ouster_msgs__rosidl_generator_c.dir/rosidl_generator_c/ouster_msgs/msg/detail/packet_msg__functions.c.o[0m
[2.062s] running egg_info
[2.062s] creating ouster_msgs.egg-info
[2.063s] writing ouster_msgs.egg-info/PKG-INFO
[2.063s] writing dependency_links to ouster_msgs.egg-info/dependency_links.txt
[2.063s] writing top-level names to ouster_msgs.egg-info/top_level.txt
[2.063s] writing manifest file 'ouster_msgs.egg-info/SOURCES.txt'
[2.064s] reading manifest file 'ouster_msgs.egg-info/SOURCES.txt'
[2.065s] writing manifest file 'ouster_msgs.egg-info/SOURCES.txt'
[2.087s] [  9%] Built target ament_cmake_python_build_ouster_msgs_egg
[2.109s] [  9%] Built target ouster_msgs__cpp
[2.116s] [ 12%] [34m[1mGenerating C++ type support dispatch for ROS interfaces[0m
[2.119s] [ 19%] [34m[1mGenerating C++ type support for eProsima Fast-RTPS[0m
[2.119s] [ 19%] [34m[1mGenerating C++ introspection for ROS interfaces[0m
[2.120s] [ 22%] [32m[1mLinking C shared library libouster_msgs__rosidl_generator_c.so[0m
[2.165s] [ 22%] Built target ouster_msgs__rosidl_generator_c
[2.172s] [ 25%] [34m[1mGenerating C introspection for ROS interfaces[0m
[2.175s] [ 29%] [34m[1mGenerating C type support for eProsima Fast-RTPS[0m
[2.175s] [ 32%] [34m[1mGenerating C type support dispatch for ROS interfaces[0m
[2.447s] [ 35%] [32mBuilding CXX object CMakeFiles/ouster_msgs__rosidl_typesupport_cpp.dir/rosidl_typesupport_cpp/ouster_msgs/msg/packet_msg__type_support.cpp.o[0m
[2.460s] [ 38%] [32mBuilding CXX object CMakeFiles/ouster_msgs__rosidl_typesupport_fastrtps_cpp.dir/rosidl_typesupport_fastrtps_cpp/ouster_msgs/msg/detail/dds_fastrtps/packet_msg__type_support.cpp.o[0m
[2.464s] [ 41%] [32mBuilding CXX object CMakeFiles/ouster_msgs__rosidl_typesupport_introspection_cpp.dir/rosidl_typesupport_introspection_cpp/ouster_msgs/msg/detail/packet_msg__type_support.cpp.o[0m
[2.511s] [ 45%] [32mBuilding CXX object CMakeFiles/ouster_msgs__rosidl_typesupport_c.dir/rosidl_typesupport_c/ouster_msgs/msg/packet_msg__type_support.cpp.o[0m
[2.533s] [ 48%] [32mBuilding CXX object CMakeFiles/ouster_msgs__rosidl_typesupport_fastrtps_c.dir/rosidl_typesupport_fastrtps_c/ouster_msgs/msg/detail/packet_msg__type_support_c.cpp.o[0m
[2.535s] [ 51%] [32mBuilding C object CMakeFiles/ouster_msgs__rosidl_typesupport_introspection_c.dir/rosidl_typesupport_introspection_c/ouster_msgs/msg/detail/packet_msg__type_support.c.o[0m
[2.551s] [ 54%] [32m[1mLinking CXX shared library libouster_msgs__rosidl_typesupport_c.so[0m
[2.606s] [ 54%] Built target ouster_msgs__rosidl_typesupport_c
[2.618s] [ 58%] [32m[1mLinking C shared library libouster_msgs__rosidl_typesupport_introspection_c.so[0m
[2.657s] [ 58%] Built target ouster_msgs__rosidl_typesupport_introspection_c
[3.051s] [ 61%] [32m[1mLinking CXX shared library libouster_msgs__rosidl_typesupport_fastrtps_c.so[0m
[3.066s] [ 64%] [32m[1mLinking CXX shared library libouster_msgs__rosidl_typesupport_cpp.so[0m
[3.076s] [ 67%] [32m[1mLinking CXX shared library libouster_msgs__rosidl_typesupport_introspection_cpp.so[0m
[3.168s] [ 67%] Built target ouster_msgs__rosidl_typesupport_fastrtps_c
[3.168s] [ 70%] [32m[1mLinking CXX shared library libouster_msgs__rosidl_typesupport_fastrtps_cpp.so[0m
[3.182s] [ 70%] Built target ouster_msgs__rosidl_typesupport_cpp
[3.273s] [ 70%] Built target ouster_msgs__rosidl_typesupport_introspection_cpp
[3.298s] [ 70%] Built target ouster_msgs__rosidl_typesupport_fastrtps_cpp
[3.340s] [ 70%] Built target ouster_msgs
[3.389s] [ 74%] [34m[1mGenerating Python code for ROS interfaces[0m
[3.889s] [ 74%] Built target ouster_msgs__py
[3.914s] [ 77%] [32mBuilding C object CMakeFiles/ouster_msgs__rosidl_generator_py.dir/rosidl_generator_py/ouster_msgs/msg/_packet_msg_s.c.o[0m
[4.119s] [ 80%] [32m[1mLinking C shared library rosidl_generator_py/ouster_msgs/libouster_msgs__rosidl_generator_py.so[0m
[4.167s] [ 80%] Built target ouster_msgs__rosidl_generator_py
[4.190s] [ 87%] [32mBuilding C object CMakeFiles/ouster_msgs__rosidl_typesupport_introspection_c__pyext.dir/rosidl_generator_py/ouster_msgs/_ouster_msgs_s.ep.rosidl_typesupport_introspection_c.c.o[0m
[4.191s] [ 87%] [32mBuilding C object CMakeFiles/ouster_msgs__rosidl_typesupport_c__pyext.dir/rosidl_generator_py/ouster_msgs/_ouster_msgs_s.ep.rosidl_typesupport_c.c.o[0m
[4.191s] [ 90%] [32mBuilding C object CMakeFiles/ouster_msgs__rosidl_typesupport_fastrtps_c__pyext.dir/rosidl_generator_py/ouster_msgs/_ouster_msgs_s.ep.rosidl_typesupport_fastrtps_c.c.o[0m
[4.347s] [ 93%] [32m[1mLinking C shared library rosidl_generator_py/ouster_msgs/ouster_msgs_s__rosidl_typesupport_c.cpython-310-x86_64-linux-gnu.so[0m
[4.353s] [100%] [32m[1mLinking C shared library rosidl_generator_py/ouster_msgs/ouster_msgs_s__rosidl_typesupport_introspection_c.cpython-310-x86_64-linux-gnu.so[0m
[4.353s] [100%] [32m[1mLinking C shared library rosidl_generator_py/ouster_msgs/ouster_msgs_s__rosidl_typesupport_fastrtps_c.cpython-310-x86_64-linux-gnu.so[0m
[4.389s] [100%] Built target ouster_msgs__rosidl_typesupport_c__pyext
[4.397s] [100%] Built target ouster_msgs__rosidl_typesupport_introspection_c__pyext
[4.397s] [100%] Built target ouster_msgs__rosidl_typesupport_fastrtps_c__pyext
[4.411s] Invoked command in '/home/autoware/gokart_ws/src/gokart-sensor/build/ouster_msgs' returned '0': CMAKE_PREFIX_PATH=${CMAKE_PREFIX_PATH}:/home/autoware/gokart_ws/install/ros_imu_bno055:/home/autoware/gokart_ws/install/pure_pursuit:/home/autoware/gokart_ws/install/gap_follow:/home/autoware/gokart_ws/install/kart_interface:/home/autoware/gokart_ws/install/gnss_to_local:/home/autoware/gokart_ws/install/ekf_gnss:/opt/ros/humble /usr/bin/cmake --build /home/autoware/gokart_ws/src/gokart-sensor/build/ouster_msgs -- -j20 -l20
[4.477s] Invoking command in '/home/autoware/gokart_ws/src/gokart-sensor/build/ouster_msgs': CMAKE_PREFIX_PATH=${CMAKE_PREFIX_PATH}:/home/autoware/gokart_ws/install/ros_imu_bno055:/home/autoware/gokart_ws/install/pure_pursuit:/home/autoware/gokart_ws/install/gap_follow:/home/autoware/gokart_ws/install/kart_interface:/home/autoware/gokart_ws/install/gnss_to_local:/home/autoware/gokart_ws/install/ekf_gnss:/opt/ros/humble /usr/bin/cmake --install /home/autoware/gokart_ws/src/gokart-sensor/build/ouster_msgs
[4.485s] -- Install configuration: "Release"
[4.486s] -- Execute custom install script
[4.487s] -- Symlinking: /home/autoware/gokart_ws/src/gokart-sensor/install/ouster_msgs/share/ament_index/resource_index/rosidl_interfaces/ouster_msgs
[4.497s] -- Symlinking: /home/autoware/gokart_ws/src/gokart-sensor/install/ouster_msgs/include/ouster_msgs/ouster_msgs/msg/detail/packet_msg__functions.h
[4.507s] -- Symlinking: /home/autoware/gokart_ws/src/gokart-sensor/install/ouster_msgs/include/ouster_msgs/ouster_msgs/msg/detail/packet_msg__struct.h
[4.516s] -- Symlinking: /home/autoware/gokart_ws/src/gokart-sensor/install/ouster_msgs/include/ouster_msgs/ouster_msgs/msg/detail/packet_msg__type_support.h
[4.526s] -- Symlinking: /home/autoware/gokart_ws/src/gokart-sensor/install/ouster_msgs/include/ouster_msgs/ouster_msgs/msg/packet_msg.h
[4.536s] -- Symlinking: /home/autoware/gokart_ws/src/gokart-sensor/install/ouster_msgs/include/ouster_msgs/ouster_msgs/msg/rosidl_generator_c__visibility_control.h
[4.546s] -- Symlinking: /home/autoware/gokart_ws/src/gokart-sensor/install/ouster_msgs/share/ouster_msgs/environment/library_path.sh
[4.556s] -- Symlinking: /home/autoware/gokart_ws/src/gokart-sensor/install/ouster_msgs/share/ouster_msgs/environment/library_path.dsv
[4.567s] -- Symlinking: /home/autoware/gokart_ws/src/gokart-sensor/install/ouster_msgs/include/ouster_msgs/ouster_msgs/msg/detail/packet_msg__rosidl_typesupport_fastrtps_c.h
[4.577s] -- Symlinking: /home/autoware/gokart_ws/src/gokart-sensor/install/ouster_msgs/include/ouster_msgs/ouster_msgs/msg/rosidl_typesupport_fastrtps_c__visibility_control.h
[4.587s] -- Symlinking: /home/autoware/gokart_ws/src/gokart-sensor/install/ouster_msgs/include/ouster_msgs/ouster_msgs/msg/detail/packet_msg__rosidl_typesupport_introspection_c.h
[4.597s] -- Symlinking: /home/autoware/gokart_ws/src/gokart-sensor/install/ouster_msgs/include/ouster_msgs/ouster_msgs/msg/rosidl_typesupport_introspection_c__visibility_control.h
[4.607s] -- Symlinking: /home/autoware/gokart_ws/src/gokart-sensor/install/ouster_msgs/include/ouster_msgs/ouster_msgs/msg/detail/packet_msg__builder.hpp
[4.617s] -- Symlinking: /home/autoware/gokart_ws/src/gokart-sensor/install/ouster_msgs/include/ouster_msgs/ouster_msgs/msg/detail/packet_msg__struct.hpp
[4.626s] -- Symlinking: /home/autoware/gokart_ws/src/gokart-sensor/install/ouster_msgs/include/ouster_msgs/ouster_msgs/msg/detail/packet_msg__traits.hpp
[4.636s] -- Symlinking: /home/autoware/gokart_ws/src/gokart-sensor/install/ouster_msgs/include/ouster_msgs/ouster_msgs/msg/packet_msg.hpp
[4.646s] -- Symlinking: /home/autoware/gokart_ws/src/gokart-sensor/install/ouster_msgs/include/ouster_msgs/ouster_msgs/msg/detail/packet_msg__rosidl_typesupport_fastrtps_cpp.hpp
[4.655s] -- Symlinking: /home/autoware/gokart_ws/src/gokart-sensor/install/ouster_msgs/include/ouster_msgs/ouster_msgs/msg/rosidl_typesupport_fastrtps_cpp__visibility_control.h
[4.665s] -- Symlinking: /home/autoware/gokart_ws/src/gokart-sensor/install/ouster_msgs/include/ouster_msgs/ouster_msgs/msg/detail/packet_msg__rosidl_typesupport_introspection_cpp.hpp
[4.674s] -- Symlinking: /home/autoware/gokart_ws/src/gokart-sensor/install/ouster_msgs/share/ouster_msgs/environment/pythonpath.sh
[4.684s] -- Symlinking: /home/autoware/gokart_ws/src/gokart-sensor/install/ouster_msgs/share/ouster_msgs/environment/pythonpath.dsv
[4.694s] -- Symlinking: /home/autoware/gokart_ws/src/gokart-sensor/install/ouster_msgs/local/lib/python3.10/dist-packages/ouster_msgs-0.1.0-py3.10.egg-info/PKG-INFO
[4.701s] -- Symlinking: /home/autoware/gokart_ws/src/gokart-sensor/install/ouster_msgs/local/lib/python3.10/dist-packages/ouster_msgs-0.1.0-py3.10.egg-info/SOURCES.txt
[4.711s] -- Symlinking: /home/autoware/gokart_ws/src/gokart-sensor/install/ouster_msgs/local/lib/python3.10/dist-packages/ouster_msgs-0.1.0-py3.10.egg-info/dependency_links.txt
[4.721s] -- Symlinking: /home/autoware/gokart_ws/src/gokart-sensor/install/ouster_msgs/local/lib/python3.10/dist-packages/ouster_msgs-0.1.0-py3.10.egg-info/top_level.txt
[4.728s] -- Symlinking: /home/autoware/gokart_ws/src/gokart-sensor/install/ouster_msgs/local/lib/python3.10/dist-packages/ouster_msgs/__init__.py
[4.736s] -- Symlinking: /home/autoware/gokart_ws/src/gokart-sensor/install/ouster_msgs/local/lib/python3.10/dist-packages/ouster_msgs/_ouster_msgs_s.ep.rosidl_typesupport_c.c
[4.743s] -- Symlinking: /home/autoware/gokart_ws/src/gokart-sensor/install/ouster_msgs/local/lib/python3.10/dist-packages/ouster_msgs/_ouster_msgs_s.ep.rosidl_typesupport_fastrtps_c.c
[4.750s] -- Symlinking: /home/autoware/gokart_ws/src/gokart-sensor/install/ouster_msgs/local/lib/python3.10/dist-packages/ouster_msgs/_ouster_msgs_s.ep.rosidl_typesupport_introspection_c.c
[4.757s] -- Symlinking: /home/autoware/gokart_ws/src/gokart-sensor/install/ouster_msgs/local/lib/python3.10/dist-packages/ouster_msgs/libouster_msgs__rosidl_generator_py.so
[4.763s] -- Symlinking: /home/autoware/gokart_ws/src/gokart-sensor/install/ouster_msgs/local/lib/python3.10/dist-packages/ouster_msgs/msg/__init__.py
[4.773s] -- Symlinking: /home/autoware/gokart_ws/src/gokart-sensor/install/ouster_msgs/local/lib/python3.10/dist-packages/ouster_msgs/msg/_packet_msg.py
[4.783s] -- Symlinking: /home/autoware/gokart_ws/src/gokart-sensor/install/ouster_msgs/local/lib/python3.10/dist-packages/ouster_msgs/msg/_packet_msg_s.c
[4.791s] -- Symlinking: /home/autoware/gokart_ws/src/gokart-sensor/install/ouster_msgs/local/lib/python3.10/dist-packages/ouster_msgs/ouster_msgs_s__rosidl_typesupport_c.cpython-310-x86_64-linux-gnu.so
[4.798s] -- Symlinking: /home/autoware/gokart_ws/src/gokart-sensor/install/ouster_msgs/local/lib/python3.10/dist-packages/ouster_msgs/ouster_msgs_s__rosidl_typesupport_fastrtps_c.cpython-310-x86_64-linux-gnu.so
[4.807s] -- Symlinking: /home/autoware/gokart_ws/src/gokart-sensor/install/ouster_msgs/local/lib/python3.10/dist-packages/ouster_msgs/ouster_msgs_s__rosidl_typesupport_introspection_c.cpython-310-x86_64-linux-gnu.so
[4.817s] -- Up-to-date symlink: /home/autoware/gokart_ws/src/gokart-sensor/install/ouster_msgs/local/lib/python3.10/dist-packages/ouster_msgs/ouster_msgs_s__rosidl_typesupport_fastrtps_c.cpython-310-x86_64-linux-gnu.so
[4.817s] -- Up-to-date symlink: /home/autoware/gokart_ws/src/gokart-sensor/install/ouster_msgs/local/lib/python3.10/dist-packages/ouster_msgs/ouster_msgs_s__rosidl_typesupport_introspection_c.cpython-310-x86_64-linux-gnu.so
[4.817s] -- Up-to-date symlink: /home/autoware/gokart_ws/src/gokart-sensor/install/ouster_msgs/local/lib/python3.10/dist-packages/ouster_msgs/ouster_msgs_s__rosidl_typesupport_c.cpython-310-x86_64-linux-gnu.so
[4.817s] -- Symlinking: /home/autoware/gokart_ws/src/gokart-sensor/install/ouster_msgs/share/ouster_msgs/msg/PacketMsg.idl
[4.825s] -- Symlinking: /home/autoware/gokart_ws/src/gokart-sensor/install/ouster_msgs/share/ouster_msgs/msg/PacketMsg.msg
[4.831s] -- Symlinking: /home/autoware/gokart_ws/src/gokart-sensor/install/ouster_msgs/share/ament_index/resource_index/package_run_dependencies/ouster_msgs
[4.839s] -- Symlinking: /home/autoware/gokart_ws/src/gokart-sensor/install/ouster_msgs/share/ament_index/resource_index/parent_prefix_path/ouster_msgs
[4.847s] -- Symlinking: /home/autoware/gokart_ws/src/gokart-sensor/install/ouster_msgs/share/ouster_msgs/environment/ament_prefix_path.sh
[4.854s] -- Symlinking: /home/autoware/gokart_ws/src/gokart-sensor/install/ouster_msgs/share/ouster_msgs/environment/ament_prefix_path.dsv
[4.860s] -- Symlinking: /home/autoware/gokart_ws/src/gokart-sensor/install/ouster_msgs/share/ouster_msgs/environment/path.sh
[4.869s] -- Symlinking: /home/autoware/gokart_ws/src/gokart-sensor/install/ouster_msgs/share/ouster_msgs/environment/path.dsv
[4.879s] -- Symlinking: /home/autoware/gokart_ws/src/gokart-sensor/install/ouster_msgs/share/ouster_msgs/local_setup.bash
[4.886s] -- Symlinking: /home/autoware/gokart_ws/src/gokart-sensor/install/ouster_msgs/share/ouster_msgs/local_setup.sh
[4.896s] -- Symlinking: /home/autoware/gokart_ws/src/gokart-sensor/install/ouster_msgs/share/ouster_msgs/local_setup.zsh
[4.905s] -- Symlinking: /home/autoware/gokart_ws/src/gokart-sensor/install/ouster_msgs/share/ouster_msgs/local_setup.dsv
[4.914s] -- Symlinking: /home/autoware/gokart_ws/src/gokart-sensor/install/ouster_msgs/share/ouster_msgs/package.dsv
[4.921s] -- Symlinking: /home/autoware/gokart_ws/src/gokart-sensor/install/ouster_msgs/share/ament_index/resource_index/packages/ouster_msgs
[4.928s] -- Symlinking: /home/autoware/gokart_ws/src/gokart-sensor/install/ouster_msgs/share/ouster_msgs/cmake/rosidl_cmake-extras.cmake
[4.935s] -- Symlinking: /home/autoware/gokart_ws/src/gokart-sensor/install/ouster_msgs/share/ouster_msgs/cmake/ament_cmake_export_include_directories-extras.cmake
[4.942s] -- Symlinking: /home/autoware/gokart_ws/src/gokart-sensor/install/ouster_msgs/share/ouster_msgs/cmake/ament_cmake_export_libraries-extras.cmake
[4.952s] -- Symlinking: /home/autoware/gokart_ws/src/gokart-sensor/install/ouster_msgs/share/ouster_msgs/cmake/ament_cmake_export_targets-extras.cmake
[4.962s] -- Symlinking: /home/autoware/gokart_ws/src/gokart-sensor/install/ouster_msgs/share/ouster_msgs/cmake/rosidl_cmake_export_typesupport_targets-extras.cmake
[4.969s] -- Symlinking: /home/autoware/gokart_ws/src/gokart-sensor/install/ouster_msgs/share/ouster_msgs/cmake/ament_cmake_export_dependencies-extras.cmake
[4.976s] -- Symlinking: /home/autoware/gokart_ws/src/gokart-sensor/install/ouster_msgs/share/ouster_msgs/cmake/rosidl_cmake_export_typesupport_libraries-extras.cmake
[4.983s] -- Symlinking: /home/autoware/gokart_ws/src/gokart-sensor/install/ouster_msgs/share/ouster_msgs/cmake/ouster_msgsConfig.cmake
[4.990s] -- Symlinking: /home/autoware/gokart_ws/src/gokart-sensor/install/ouster_msgs/share/ouster_msgs/cmake/ouster_msgsConfig-version.cmake
[4.997s] -- Symlinking: /home/autoware/gokart_ws/src/gokart-sensor/install/ouster_msgs/share/ouster_msgs/package.xml
[5.003s] -- Installing: /home/autoware/gokart_ws/src/gokart-sensor/install/ouster_msgs/lib/libouster_msgs__rosidl_generator_c.so
[5.004s] -- Set runtime path of "/home/autoware/gokart_ws/src/gokart-sensor/install/ouster_msgs/lib/libouster_msgs__rosidl_generator_c.so" to ""
[5.004s] -- Installing: /home/autoware/gokart_ws/src/gokart-sensor/install/ouster_msgs/lib/libouster_msgs__rosidl_typesupport_fastrtps_c.so
[5.004s] -- Set runtime path of "/home/autoware/gokart_ws/src/gokart-sensor/install/ouster_msgs/lib/libouster_msgs__rosidl_typesupport_fastrtps_c.so" to ""
[5.004s] -- Installing: /home/autoware/gokart_ws/src/gokart-sensor/install/ouster_msgs/lib/libouster_msgs__rosidl_typesupport_introspection_c.so
[5.005s] -- Set runtime path of "/home/autoware/gokart_ws/src/gokart-sensor/install/ouster_msgs/lib/libouster_msgs__rosidl_typesupport_introspection_c.so" to ""
[5.005s] -- Installing: /home/autoware/gokart_ws/src/gokart-sensor/install/ouster_msgs/lib/libouster_msgs__rosidl_typesupport_c.so
[5.005s] -- Set runtime path of "/home/autoware/gokart_ws/src/gokart-sensor/install/ouster_msgs/lib/libouster_msgs__rosidl_typesupport_c.so" to ""
[5.005s] -- Installing: /home/autoware/gokart_ws/src/gokart-sensor/install/ouster_msgs/lib/libouster_msgs__rosidl_typesupport_fastrtps_cpp.so
[5.006s] -- Set runtime path of "/home/autoware/gokart_ws/src/gokart-sensor/install/ouster_msgs/lib/libouster_msgs__rosidl_typesupport_fastrtps_cpp.so" to ""
[5.006s] -- Installing: /home/autoware/gokart_ws/src/gokart-sensor/install/ouster_msgs/lib/libouster_msgs__rosidl_typesupport_introspection_cpp.so
[5.006s] -- Set runtime path of "/home/autoware/gokart_ws/src/gokart-sensor/install/ouster_msgs/lib/libouster_msgs__rosidl_typesupport_introspection_cpp.so" to ""
[5.006s] -- Installing: /home/autoware/gokart_ws/src/gokart-sensor/install/ouster_msgs/lib/libouster_msgs__rosidl_typesupport_cpp.so
[5.006s] -- Set runtime path of "/home/autoware/gokart_ws/src/gokart-sensor/install/ouster_msgs/lib/libouster_msgs__rosidl_typesupport_cpp.so" to ""
[5.039s] Listing '/home/autoware/gokart_ws/src/gokart-sensor/install/ouster_msgs/local/lib/python3.10/dist-packages/ouster_msgs'...
[5.039s] Compiling '/home/autoware/gokart_ws/src/gokart-sensor/install/ouster_msgs/local/lib/python3.10/dist-packages/ouster_msgs/__init__.py'...
[5.039s] Listing '/home/autoware/gokart_ws/src/gokart-sensor/install/ouster_msgs/local/lib/python3.10/dist-packages/ouster_msgs/msg'...
[5.039s] Compiling '/home/autoware/gokart_ws/src/gokart-sensor/install/ouster_msgs/local/lib/python3.10/dist-packages/ouster_msgs/msg/__init__.py'...
[5.040s] Compiling '/home/autoware/gokart_ws/src/gokart-sensor/install/ouster_msgs/local/lib/python3.10/dist-packages/ouster_msgs/msg/_packet_msg.py'...
[5.044s] -- Installing: /home/autoware/gokart_ws/src/gokart-sensor/install/ouster_msgs/lib/libouster_msgs__rosidl_generator_py.so
[5.044s] -- Set runtime path of "/home/autoware/gokart_ws/src/gokart-sensor/install/ouster_msgs/lib/libouster_msgs__rosidl_generator_py.so" to ""
[5.044s] -- Installing: /home/autoware/gokart_ws/src/gokart-sensor/install/ouster_msgs/share/ouster_msgs/cmake/export_ouster_msgs__rosidl_generator_cExport.cmake
[5.045s] -- Installing: /home/autoware/gokart_ws/src/gokart-sensor/install/ouster_msgs/share/ouster_msgs/cmake/export_ouster_msgs__rosidl_generator_cExport-release.cmake
[5.045s] -- Installing: /home/autoware/gokart_ws/src/gokart-sensor/install/ouster_msgs/share/ouster_msgs/cmake/export_ouster_msgs__rosidl_typesupport_fastrtps_cExport.cmake
[5.045s] -- Installing: /home/autoware/gokart_ws/src/gokart-sensor/install/ouster_msgs/share/ouster_msgs/cmake/export_ouster_msgs__rosidl_typesupport_fastrtps_cExport-release.cmake
[5.045s] -- Installing: /home/autoware/gokart_ws/src/gokart-sensor/install/ouster_msgs/share/ouster_msgs/cmake/ouster_msgs__rosidl_typesupport_introspection_cExport.cmake
[5.045s] -- Installing: /home/autoware/gokart_ws/src/gokart-sensor/install/ouster_msgs/share/ouster_msgs/cmake/ouster_msgs__rosidl_typesupport_introspection_cExport-release.cmake
[5.045s] -- Installing: /home/autoware/gokart_ws/src/gokart-sensor/install/ouster_msgs/share/ouster_msgs/cmake/ouster_msgs__rosidl_typesupport_cExport.cmake
[5.046s] -- Installing: /home/autoware/gokart_ws/src/gokart-sensor/install/ouster_msgs/share/ouster_msgs/cmake/ouster_msgs__rosidl_typesupport_cExport-release.cmake
[5.046s] -- Installing: /home/autoware/gokart_ws/src/gokart-sensor/install/ouster_msgs/share/ouster_msgs/cmake/export_ouster_msgs__rosidl_generator_cppExport.cmake
[5.046s] -- Installing: /home/autoware/gokart_ws/src/gokart-sensor/install/ouster_msgs/share/ouster_msgs/cmake/export_ouster_msgs__rosidl_typesupport_fastrtps_cppExport.cmake
[5.046s] -- Installing: /home/autoware/gokart_ws/src/gokart-sensor/install/ouster_msgs/share/ouster_msgs/cmake/export_ouster_msgs__rosidl_typesupport_fastrtps_cppExport-release.cmake
[5.046s] -- Installing: /home/autoware/gokart_ws/src/gokart-sensor/install/ouster_msgs/share/ouster_msgs/cmake/ouster_msgs__rosidl_typesupport_introspection_cppExport.cmake
[5.046s] -- Installing: /home/autoware/gokart_ws/src/gokart-sensor/install/ouster_msgs/share/ouster_msgs/cmake/ouster_msgs__rosidl_typesupport_introspection_cppExport-release.cmake
[5.047s] -- Installing: /home/autoware/gokart_ws/src/gokart-sensor/install/ouster_msgs/share/ouster_msgs/cmake/ouster_msgs__rosidl_typesupport_cppExport.cmake
[5.047s] -- Installing: /home/autoware/gokart_ws/src/gokart-sensor/install/ouster_msgs/share/ouster_msgs/cmake/ouster_msgs__rosidl_typesupport_cppExport-release.cmake
[5.047s] -- Installing: /home/autoware/gokart_ws/src/gokart-sensor/install/ouster_msgs/share/ouster_msgs/cmake/export_ouster_msgs__rosidl_generator_pyExport.cmake
[5.047s] -- Installing: /home/autoware/gokart_ws/src/gokart-sensor/install/ouster_msgs/share/ouster_msgs/cmake/export_ouster_msgs__rosidl_generator_pyExport-release.cmake
[5.052s] Invoked command in '/home/autoware/gokart_ws/src/gokart-sensor/build/ouster_msgs' returned '0': CMAKE_PREFIX_PATH=${CMAKE_PREFIX_PATH}:/home/autoware/gokart_ws/install/ros_imu_bno055:/home/autoware/gokart_ws/install/pure_pursuit:/home/autoware/gokart_ws/install/gap_follow:/home/autoware/gokart_ws/install/kart_interface:/home/autoware/gokart_ws/install/gnss_to_local:/home/autoware/gokart_ws/install/ekf_gnss:/opt/ros/humble /usr/bin/cmake --install /home/autoware/gokart_ws/src/gokart-sensor/build/ouster_msgs
