running develop
running egg_info
creating ros_imu_bno055.egg-info
writing ros_imu_bno055.egg-info/PKG-INFO
writing dependency_links to ros_imu_bno055.egg-info/dependency_links.txt
writing entry points to ros_imu_bno055.egg-info/entry_points.txt
writing requirements to ros_imu_bno055.egg-info/requires.txt
writing top-level names to ros_imu_bno055.egg-info/top_level.txt
writing manifest file 'ros_imu_bno055.egg-info/SOURCES.txt'
reading manifest file 'ros_imu_bno055.egg-info/SOURCES.txt'
writing manifest file 'ros_imu_bno055.egg-info/SOURCES.txt'
running build_ext
Creating /home/autoware/gokart_ws/src/gokart-sensor/install/ros_imu_bno055/lib/python3.10/site-packages/ros-imu-bno055.egg-link (link to .)
Installing imu_calibration script to /home/autoware/gokart_ws/src/gokart-sensor/install/ros_imu_bno055/lib/ros_imu_bno055
Installing imu_ros script to /home/autoware/gokart_ws/src/gokart-sensor/install/ros_imu_bno055/lib/ros_imu_bno055

Installed /home/autoware/gokart_ws/src/gokart-sensor/build/ros_imu_bno055
running install_data
creating /home/autoware/gokart_ws/src/gokart-sensor/install/ros_imu_bno055/share/ament_index
creating /home/autoware/gokart_ws/src/gokart-sensor/install/ros_imu_bno055/share/ament_index/resource_index
creating /home/autoware/gokart_ws/src/gokart-sensor/install/ros_imu_bno055/share/ament_index/resource_index/packages
copying resource/ros_imu_bno055 -> /home/autoware/gokart_ws/src/gokart-sensor/install/ros_imu_bno055/share/ament_index/resource_index/packages
copying package.xml -> /home/autoware/gokart_ws/src/gokart-sensor/install/ros_imu_bno055/share/ros_imu_bno055
creating /home/autoware/gokart_ws/src/gokart-sensor/install/ros_imu_bno055/share/ros_imu_bno055/launch
copying launch/imu_launch.py -> /home/autoware/gokart_ws/src/gokart-sensor/install/ros_imu_bno055/share/ros_imu_bno055/launch
copying launch/view_imu_launch.py -> /home/autoware/gokart_ws/src/gokart-sensor/install/ros_imu_bno055/share/ros_imu_bno055/launch
copying launch/imu_calibration_launch.py -> /home/autoware/gokart_ws/src/gokart-sensor/install/ros_imu_bno055/share/ros_imu_bno055/launch
copying launch/view_imu_default.rviz -> /home/autoware/gokart_ws/src/gokart-sensor/install/ros_imu_bno055/share/ros_imu_bno055/launch
