running egg_info
creating ../../build/ros_imu_bno055/ros_imu_bno055.egg-info
writing ../../build/ros_imu_bno055/ros_imu_bno055.egg-info/PKG-INFO
writing dependency_links to ../../build/ros_imu_bno055/ros_imu_bno055.egg-info/dependency_links.txt
writing entry points to ../../build/ros_imu_bno055/ros_imu_bno055.egg-info/entry_points.txt
writing requirements to ../../build/ros_imu_bno055/ros_imu_bno055.egg-info/requires.txt
writing top-level names to ../../build/ros_imu_bno055/ros_imu_bno055.egg-info/top_level.txt
writing manifest file '../../build/ros_imu_bno055/ros_imu_bno055.egg-info/SOURCES.txt'
reading manifest file '../../build/ros_imu_bno055/ros_imu_bno055.egg-info/SOURCES.txt'
writing manifest file '../../build/ros_imu_bno055/ros_imu_bno055.egg-info/SOURCES.txt'
running build
running build_py
creating /home/ros/ros2Drivers/imu_ws/build/ros_imu_bno055/build
creating /home/ros/ros2Drivers/imu_ws/build/ros_imu_bno055/build/lib
creating /home/ros/ros2Drivers/imu_ws/build/ros_imu_bno055/build/lib/ros_imu_bno055
copying ros_imu_bno055/imu_calibration.py -> /home/ros/ros2Drivers/imu_ws/build/ros_imu_bno055/build/lib/ros_imu_bno055
copying ros_imu_bno055/__init__.py -> /home/ros/ros2Drivers/imu_ws/build/ros_imu_bno055/build/lib/ros_imu_bno055
copying ros_imu_bno055/imu_bno055_api.py -> /home/ros/ros2Drivers/imu_ws/build/ros_imu_bno055/build/lib/ros_imu_bno055
copying ros_imu_bno055/imu_ros.py -> /home/ros/ros2Drivers/imu_ws/build/ros_imu_bno055/build/lib/ros_imu_bno055
running install
running install_lib
creating /home/ros/ros2Drivers/imu_ws/install/ros_imu_bno055/lib/python3.8/site-packages/ros_imu_bno055
copying /home/ros/ros2Drivers/imu_ws/build/ros_imu_bno055/build/lib/ros_imu_bno055/imu_calibration.py -> /home/ros/ros2Drivers/imu_ws/install/ros_imu_bno055/lib/python3.8/site-packages/ros_imu_bno055
copying /home/ros/ros2Drivers/imu_ws/build/ros_imu_bno055/build/lib/ros_imu_bno055/__init__.py -> /home/ros/ros2Drivers/imu_ws/install/ros_imu_bno055/lib/python3.8/site-packages/ros_imu_bno055
copying /home/ros/ros2Drivers/imu_ws/build/ros_imu_bno055/build/lib/ros_imu_bno055/imu_bno055_api.py -> /home/ros/ros2Drivers/imu_ws/install/ros_imu_bno055/lib/python3.8/site-packages/ros_imu_bno055
copying /home/ros/ros2Drivers/imu_ws/build/ros_imu_bno055/build/lib/ros_imu_bno055/imu_ros.py -> /home/ros/ros2Drivers/imu_ws/install/ros_imu_bno055/lib/python3.8/site-packages/ros_imu_bno055
byte-compiling /home/ros/ros2Drivers/imu_ws/install/ros_imu_bno055/lib/python3.8/site-packages/ros_imu_bno055/imu_calibration.py to imu_calibration.cpython-38.pyc
byte-compiling /home/ros/ros2Drivers/imu_ws/install/ros_imu_bno055/lib/python3.8/site-packages/ros_imu_bno055/__init__.py to __init__.cpython-38.pyc
byte-compiling /home/ros/ros2Drivers/imu_ws/install/ros_imu_bno055/lib/python3.8/site-packages/ros_imu_bno055/imu_bno055_api.py to imu_bno055_api.cpython-38.pyc
byte-compiling /home/ros/ros2Drivers/imu_ws/install/ros_imu_bno055/lib/python3.8/site-packages/ros_imu_bno055/imu_ros.py to imu_ros.cpython-38.pyc
running install_data
creating /home/ros/ros2Drivers/imu_ws/install/ros_imu_bno055/share/ament_index
creating /home/ros/ros2Drivers/imu_ws/install/ros_imu_bno055/share/ament_index/resource_index
creating /home/ros/ros2Drivers/imu_ws/install/ros_imu_bno055/share/ament_index/resource_index/packages
copying resource/ros_imu_bno055 -> /home/ros/ros2Drivers/imu_ws/install/ros_imu_bno055/share/ament_index/resource_index/packages
copying package.xml -> /home/ros/ros2Drivers/imu_ws/install/ros_imu_bno055/share/ros_imu_bno055
creating /home/ros/ros2Drivers/imu_ws/install/ros_imu_bno055/share/ros_imu_bno055/launch
copying launch/imu_launch.py -> /home/ros/ros2Drivers/imu_ws/install/ros_imu_bno055/share/ros_imu_bno055/launch
copying launch/view_imu_launch.py -> /home/ros/ros2Drivers/imu_ws/install/ros_imu_bno055/share/ros_imu_bno055/launch
copying launch/view_imu_rviz.rviz -> /home/ros/ros2Drivers/imu_ws/install/ros_imu_bno055/share/ros_imu_bno055/launch
running install_egg_info
Copying ../../build/ros_imu_bno055/ros_imu_bno055.egg-info to /home/ros/ros2Drivers/imu_ws/install/ros_imu_bno055/lib/python3.8/site-packages/ros_imu_bno055-0.0.0-py3.8.egg-info
running install_scripts
Installing imu_ros script to /home/ros/ros2Drivers/imu_ws/install/ros_imu_bno055/lib/ros_imu_bno055
writing list of installed files to '/home/ros/ros2Drivers/imu_ws/build/ros_imu_bno055/install.log'
