-- The C compiler identification is GNU 11.3.0
-- The CXX compiler identification is GNU 11.3.0
-- Detecting C compiler ABI info
-- Detecting C compiler ABI info - done
-- Check for working C compiler: /usr/bin/cc - skipped
-- Detecting C compile features
-- Detecting C compile features - done
-- Detecting CXX compiler ABI info
-- Detecting CXX compiler ABI info - done
-- Check for working CXX compiler: /usr/bin/c++ - skipped
-- Detecting CXX compile features
-- Detecting CXX compile features - done
-- Found ament_cmake: 1.3.4 (/opt/ros/humble/share/ament_cmake/cmake)
-- Found Python3: /usr/bin/python3.10 (found version "3.10.6") found components: Interpreter 
-- Override CMake install command with custom implementation using symlinks instead of copying resources
-- Found ament_lint_auto: 0.12.6 (/opt/ros/humble/share/ament_lint_auto/cmake)
-- Added test 'copyright' to check source files copyright and LICENSE
-- Added test 'lint_cmake' to check CMake code style
-- Added test 'xmllint' to check XML markup files
-- Configuring done
-- Generating done
-- Build files have been written to: /home/autoware/gokart_ws/src/gokart-sensor/build/asio_cmake_module
-- Install configuration: "Release"
-- Execute custom install script
-- Symlinking: /home/autoware/gokart_ws/src/gokart-sensor/install/asio_cmake_module/share/ament_index/resource_index/package_run_dependencies/asio_cmake_module
-- Symlinking: /home/autoware/gokart_ws/src/gokart-sensor/install/asio_cmake_module/share/ament_index/resource_index/parent_prefix_path/asio_cmake_module
-- Symlinking: /home/autoware/gokart_ws/src/gokart-sensor/install/asio_cmake_module/share/asio_cmake_module/environment/ament_prefix_path.sh
-- Symlinking: /home/autoware/gokart_ws/src/gokart-sensor/install/asio_cmake_module/share/asio_cmake_module/environment/ament_prefix_path.dsv
-- Symlinking: /home/autoware/gokart_ws/src/gokart-sensor/install/asio_cmake_module/share/asio_cmake_module/environment/path.sh
-- Symlinking: /home/autoware/gokart_ws/src/gokart-sensor/install/asio_cmake_module/share/asio_cmake_module/environment/path.dsv
-- Symlinking: /home/autoware/gokart_ws/src/gokart-sensor/install/asio_cmake_module/share/asio_cmake_module/local_setup.bash
-- Symlinking: /home/autoware/gokart_ws/src/gokart-sensor/install/asio_cmake_module/share/asio_cmake_module/local_setup.sh
-- Symlinking: /home/autoware/gokart_ws/src/gokart-sensor/install/asio_cmake_module/share/asio_cmake_module/local_setup.zsh
-- Symlinking: /home/autoware/gokart_ws/src/gokart-sensor/install/asio_cmake_module/share/asio_cmake_module/local_setup.dsv
-- Symlinking: /home/autoware/gokart_ws/src/gokart-sensor/install/asio_cmake_module/share/asio_cmake_module/package.dsv
-- Symlinking: /home/autoware/gokart_ws/src/gokart-sensor/install/asio_cmake_module/share/ament_index/resource_index/packages/asio_cmake_module
-- Symlinking: /home/autoware/gokart_ws/src/gokart-sensor/install/asio_cmake_module/share/asio_cmake_module/cmake/asio_cmake_module-extras.cmake
-- Symlinking: /home/autoware/gokart_ws/src/gokart-sensor/install/asio_cmake_module/share/asio_cmake_module/cmake/asio_cmake_moduleConfig.cmake
-- Symlinking: /home/autoware/gokart_ws/src/gokart-sensor/install/asio_cmake_module/share/asio_cmake_module/cmake/asio_cmake_moduleConfig-version.cmake
-- Symlinking: /home/autoware/gokart_ws/src/gokart-sensor/install/asio_cmake_module/share/asio_cmake_module/package.xml
-- Symlinking: /home/autoware/gokart_ws/src/gokart-sensor/install/asio_cmake_module/share/asio_cmake_module/cmake/Modules/FindASIO.cmake
