[0.044s] Invoking command in '/home/autoware/gokart_ws/src/gokart-sensor/build/asio_cmake_module': CMAKE_PREFIX_PATH=${CMAKE_PREFIX_PATH}:/home/autoware/gokart_ws/install/ros_imu_bno055:/home/autoware/gokart_ws/install/pure_pursuit:/home/autoware/gokart_ws/install/gap_follow:/home/autoware/gokart_ws/install/kart_interface:/home/autoware/gokart_ws/install/gnss_to_local:/home/autoware/gokart_ws/install/ekf_gnss:/opt/ros/humble /usr/bin/cmake /home/autoware/gokart_ws/src/gokart-sensor/Sensor_drivers/ros2_uart_serial/asio_cmake_module -DCMAKE_BUILD_TYPE=Release -DAMENT_CMAKE_SYMLINK_INSTALL=1 -DCMAKE_INSTALL_PREFIX=/home/autoware/gokart_ws/src/gokart-sensor/install/asio_cmake_module
[0.823s] -- The C compiler identification is GNU 11.3.0
[0.824s] -- The CXX compiler identification is GNU 11.3.0
[0.824s] -- Detecting C compiler ABI info
[0.824s] -- Detecting C compiler ABI info - done
[0.824s] -- Check for working C compiler: /usr/bin/cc - skipped
[0.824s] -- Detecting C compile features
[0.824s] -- Detecting C compile features - done
[0.824s] -- Detecting CXX compiler ABI info
[0.824s] -- Detecting CXX compiler ABI info - done
[0.824s] -- Check for working CXX compiler: /usr/bin/c++ - skipped
[0.824s] -- Detecting CXX compile features
[0.824s] -- Detecting CXX compile features - done
[0.824s] -- Found ament_cmake: 1.3.4 (/opt/ros/humble/share/ament_cmake/cmake)
[0.825s] -- Found Python3: /usr/bin/python3.10 (found version "3.10.6") found components: Interpreter 
[0.825s] -- Override CMake install command with custom implementation using symlinks instead of copying resources
[0.825s] -- Found ament_lint_auto: 0.12.6 (/opt/ros/humble/share/ament_lint_auto/cmake)
[0.825s] -- Added test 'copyright' to check source files copyright and LICENSE
[0.825s] -- Added test 'lint_cmake' to check CMake code style
[0.825s] -- Added test 'xmllint' to check XML markup files
[0.825s] -- Configuring done
[0.825s] -- Generating done
[0.825s] -- Build files have been written to: /home/autoware/gokart_ws/src/gokart-sensor/build/asio_cmake_module
[0.834s] Invoked command in '/home/autoware/gokart_ws/src/gokart-sensor/build/asio_cmake_module' returned '0': CMAKE_PREFIX_PATH=${CMAKE_PREFIX_PATH}:/home/autoware/gokart_ws/install/ros_imu_bno055:/home/autoware/gokart_ws/install/pure_pursuit:/home/autoware/gokart_ws/install/gap_follow:/home/autoware/gokart_ws/install/kart_interface:/home/autoware/gokart_ws/install/gnss_to_local:/home/autoware/gokart_ws/install/ekf_gnss:/opt/ros/humble /usr/bin/cmake /home/autoware/gokart_ws/src/gokart-sensor/Sensor_drivers/ros2_uart_serial/asio_cmake_module -DCMAKE_BUILD_TYPE=Release -DAMENT_CMAKE_SYMLINK_INSTALL=1 -DCMAKE_INSTALL_PREFIX=/home/autoware/gokart_ws/src/gokart-sensor/install/asio_cmake_module
[0.835s] Invoking command in '/home/autoware/gokart_ws/src/gokart-sensor/build/asio_cmake_module': CMAKE_PREFIX_PATH=${CMAKE_PREFIX_PATH}:/home/autoware/gokart_ws/install/ros_imu_bno055:/home/autoware/gokart_ws/install/pure_pursuit:/home/autoware/gokart_ws/install/gap_follow:/home/autoware/gokart_ws/install/kart_interface:/home/autoware/gokart_ws/install/gnss_to_local:/home/autoware/gokart_ws/install/ekf_gnss:/opt/ros/humble /usr/bin/cmake --build /home/autoware/gokart_ws/src/gokart-sensor/build/asio_cmake_module -- -j20 -l20
[0.859s] Invoked command in '/home/autoware/gokart_ws/src/gokart-sensor/build/asio_cmake_module' returned '0': CMAKE_PREFIX_PATH=${CMAKE_PREFIX_PATH}:/home/autoware/gokart_ws/install/ros_imu_bno055:/home/autoware/gokart_ws/install/pure_pursuit:/home/autoware/gokart_ws/install/gap_follow:/home/autoware/gokart_ws/install/kart_interface:/home/autoware/gokart_ws/install/gnss_to_local:/home/autoware/gokart_ws/install/ekf_gnss:/opt/ros/humble /usr/bin/cmake --build /home/autoware/gokart_ws/src/gokart-sensor/build/asio_cmake_module -- -j20 -l20
[0.885s] Invoking command in '/home/autoware/gokart_ws/src/gokart-sensor/build/asio_cmake_module': CMAKE_PREFIX_PATH=${CMAKE_PREFIX_PATH}:/home/autoware/gokart_ws/install/ros_imu_bno055:/home/autoware/gokart_ws/install/pure_pursuit:/home/autoware/gokart_ws/install/gap_follow:/home/autoware/gokart_ws/install/kart_interface:/home/autoware/gokart_ws/install/gnss_to_local:/home/autoware/gokart_ws/install/ekf_gnss:/opt/ros/humble /usr/bin/cmake --install /home/autoware/gokart_ws/src/gokart-sensor/build/asio_cmake_module
[0.891s] -- Install configuration: "Release"
[0.892s] -- Execute custom install script
[0.892s] -- Symlinking: /home/autoware/gokart_ws/src/gokart-sensor/install/asio_cmake_module/share/ament_index/resource_index/package_run_dependencies/asio_cmake_module
[0.901s] -- Symlinking: /home/autoware/gokart_ws/src/gokart-sensor/install/asio_cmake_module/share/ament_index/resource_index/parent_prefix_path/asio_cmake_module
[0.910s] -- Symlinking: /home/autoware/gokart_ws/src/gokart-sensor/install/asio_cmake_module/share/asio_cmake_module/environment/ament_prefix_path.sh
[0.916s] -- Symlinking: /home/autoware/gokart_ws/src/gokart-sensor/install/asio_cmake_module/share/asio_cmake_module/environment/ament_prefix_path.dsv
[0.923s] -- Symlinking: /home/autoware/gokart_ws/src/gokart-sensor/install/asio_cmake_module/share/asio_cmake_module/environment/path.sh
[0.929s] -- Symlinking: /home/autoware/gokart_ws/src/gokart-sensor/install/asio_cmake_module/share/asio_cmake_module/environment/path.dsv
[0.939s] -- Symlinking: /home/autoware/gokart_ws/src/gokart-sensor/install/asio_cmake_module/share/asio_cmake_module/local_setup.bash
[0.947s] -- Symlinking: /home/autoware/gokart_ws/src/gokart-sensor/install/asio_cmake_module/share/asio_cmake_module/local_setup.sh
[0.956s] -- Symlinking: /home/autoware/gokart_ws/src/gokart-sensor/install/asio_cmake_module/share/asio_cmake_module/local_setup.zsh
[0.964s] -- Symlinking: /home/autoware/gokart_ws/src/gokart-sensor/install/asio_cmake_module/share/asio_cmake_module/local_setup.dsv
[0.973s] -- Symlinking: /home/autoware/gokart_ws/src/gokart-sensor/install/asio_cmake_module/share/asio_cmake_module/package.dsv
[0.979s] -- Symlinking: /home/autoware/gokart_ws/src/gokart-sensor/install/asio_cmake_module/share/ament_index/resource_index/packages/asio_cmake_module
[0.988s] -- Symlinking: /home/autoware/gokart_ws/src/gokart-sensor/install/asio_cmake_module/share/asio_cmake_module/cmake/asio_cmake_module-extras.cmake
[0.996s] -- Symlinking: /home/autoware/gokart_ws/src/gokart-sensor/install/asio_cmake_module/share/asio_cmake_module/cmake/asio_cmake_moduleConfig.cmake
[1.005s] -- Symlinking: /home/autoware/gokart_ws/src/gokart-sensor/install/asio_cmake_module/share/asio_cmake_module/cmake/asio_cmake_moduleConfig-version.cmake
[1.014s] -- Symlinking: /home/autoware/gokart_ws/src/gokart-sensor/install/asio_cmake_module/share/asio_cmake_module/package.xml
[1.021s] -- Symlinking: /home/autoware/gokart_ws/src/gokart-sensor/install/asio_cmake_module/share/asio_cmake_module/cmake/Modules/FindASIO.cmake
[1.030s] Invoked command in '/home/autoware/gokart_ws/src/gokart-sensor/build/asio_cmake_module' returned '0': CMAKE_PREFIX_PATH=${CMAKE_PREFIX_PATH}:/home/autoware/gokart_ws/install/ros_imu_bno055:/home/autoware/gokart_ws/install/pure_pursuit:/home/autoware/gokart_ws/install/gap_follow:/home/autoware/gokart_ws/install/kart_interface:/home/autoware/gokart_ws/install/gnss_to_local:/home/autoware/gokart_ws/install/ekf_gnss:/opt/ros/humble /usr/bin/cmake --install /home/autoware/gokart_ws/src/gokart-sensor/build/asio_cmake_module
