[0.148s] Invoking command in '/home/autoware/gokart_ws/src/gokart-sensor/build/serial_driver': AMENT_PREFIX_PATH=/home/autoware/gokart_ws/src/gokart-sensor/install/io_context:/home/autoware/gokart_ws/src/gokart-sensor/install/asio_cmake_module:${AMENT_PREFIX_PATH} CMAKE_PREFIX_PATH=/home/autoware/gokart_ws/src/gokart-sensor/install/io_context:/home/autoware/gokart_ws/src/gokart-sensor/install/asio_cmake_module:/home/autoware/gokart_ws/install/serial_driver:/home/autoware/gokart_ws/install/septentrio_gnss_driver:/home/autoware/gokart_ws/install/pointcloud_to_laserscan:/home/autoware/gokart_ws/install/ouster_ros:/home/autoware/gokart_ws/install/ouster_srvs:/home/autoware/gokart_ws/install/ouster_msgs:/home/autoware/gokart_ws/install/io_context:/home/autoware/gokart_ws/install/data_aug_ros2:/home/autoware/gokart_ws/install/asio_cmake_module:/home/autoware/gokart_ws/install/ros_imu_bno055:/home/autoware/gokart_ws/install/pure_pursuit:/home/autoware/gokart_ws/install/gap_follow:/home/autoware/gokart_ws/install/kart_interface:/home/autoware/gokart_ws/install/gnss_to_local:/home/autoware/gokart_ws/install/ekf_gnss:/opt/ros/humble LD_LIBRARY_PATH=/home/autoware/gokart_ws/src/gokart-sensor/install/io_context/lib:${LD_LIBRARY_PATH} /usr/bin/cmake /home/autoware/gokart_ws/src/gokart-sensor/Sensor_drivers/ros2_uart_serial/serial_driver -DCMAKE_BUILD_TYPE=Release -DAMENT_CMAKE_SYMLINK_INSTALL=1 -DCMAKE_INSTALL_PREFIX=/home/autoware/gokart_ws/src/gokart-sensor/install/serial_driver
[0.464s] -- The C compiler identification is GNU 11.3.0
[0.670s] -- The CXX compiler identification is GNU 11.3.0
[0.704s] -- Detecting C compiler ABI info
[1.012s] -- Detecting C compiler ABI info - done
[1.024s] -- Check for working C compiler: /usr/bin/cc - skipped
[1.072s] -- Detecting C compile features
[1.073s] -- Detecting C compile features - done
[1.080s] -- Detecting CXX compiler ABI info
[1.531s] -- Detecting CXX compiler ABI info - done
[1.544s] -- Check for working CXX compiler: /usr/bin/c++ - skipped
[1.544s] -- Detecting CXX compile features
[1.545s] -- Detecting CXX compile features - done
[1.566s] -- Found ament_cmake_auto: 1.3.4 (/opt/ros/humble/share/ament_cmake_auto/cmake)
[2.133s] -- Found Python3: /usr/bin/python3.10 (found version "3.10.6") found components: Interpreter 
[2.348s] -- Override CMake install command with custom implementation using symlinks instead of copying resources
[2.916s] -- Found rosidl_generator_c: 3.1.4 (/opt/ros/humble/share/rosidl_generator_c/cmake)
[2.956s] -- Found rosidl_adapter: 3.1.4 (/opt/ros/humble/share/rosidl_adapter/cmake)
[2.996s] -- Found rosidl_generator_cpp: 3.1.4 (/opt/ros/humble/share/rosidl_generator_cpp/cmake)
[3.112s] -- Using all available rosidl_typesupport_c: rosidl_typesupport_fastrtps_c;rosidl_typesupport_introspection_c
[3.230s] -- Using all available rosidl_typesupport_cpp: rosidl_typesupport_fastrtps_cpp;rosidl_typesupport_introspection_cpp
[3.579s] -- Found rmw_implementation_cmake: 6.1.1 (/opt/ros/humble/share/rmw_implementation_cmake/cmake)
[3.601s] -- Found rmw_cyclonedds_cpp: 1.3.4 (/opt/ros/humble/share/rmw_cyclonedds_cpp/cmake)
[3.765s] -- Using RMW implementation 'rmw_cyclonedds_cpp' as default
[3.849s] -- Looking for pthread.h
[4.184s] -- Looking for pthread.h - found
[4.184s] -- Performing Test CMAKE_HAVE_LIBC_PTHREAD
[4.358s] -- Performing Test CMAKE_HAVE_LIBC_PTHREAD - Success
[4.359s] -- Found Threads: TRUE  
[6.307s] -- Found ASIO: /usr/include  
[6.471s] -- Found ament_lint_auto: 0.12.6 (/opt/ros/humble/share/ament_lint_auto/cmake)
[6.642s] -- Found gtest sources under '/opt/ros/humble/src/gtest_vendor': C++ tests using 'Google Test' will be built
[6.731s] -- Added test 'copyright' to check source files copyright and LICENSE
[6.746s] -- Added test 'cppcheck' to perform static code analysis on C / C++ code
[6.747s] -- Configured cppcheck include dirs: /home/autoware/gokart_ws/src/gokart-sensor/Sensor_drivers/ros2_uart_serial/serial_driver/include
[6.747s] -- Configured cppcheck exclude dirs and/or files: 
[6.751s] -- Added test 'cpplint' to check C / C++ code against the Google style
[6.751s] -- Configured cpplint exclude dirs and/or files: 
[6.754s] -- Added test 'flake8' to check Python code syntax and style conventions
[6.757s] -- Added test 'lint_cmake' to check CMake code style
[6.764s] -- Added test 'pep257' to check Python code against some of the docstring style conventions in PEP 257
[6.769s] -- Added test 'uncrustify' to check C / C++ code style
[6.769s] -- Configured uncrustify additional arguments: 
[6.771s] -- Added test 'xmllint' to check XML markup files
[6.837s] -- Configuring done
[7.834s] -- Generating done
[7.848s] -- Build files have been written to: /home/autoware/gokart_ws/src/gokart-sensor/build/serial_driver
[7.860s] Invoked command in '/home/autoware/gokart_ws/src/gokart-sensor/build/serial_driver' returned '0': AMENT_PREFIX_PATH=/home/autoware/gokart_ws/src/gokart-sensor/install/io_context:/home/autoware/gokart_ws/src/gokart-sensor/install/asio_cmake_module:${AMENT_PREFIX_PATH} CMAKE_PREFIX_PATH=/home/autoware/gokart_ws/src/gokart-sensor/install/io_context:/home/autoware/gokart_ws/src/gokart-sensor/install/asio_cmake_module:/home/autoware/gokart_ws/install/serial_driver:/home/autoware/gokart_ws/install/septentrio_gnss_driver:/home/autoware/gokart_ws/install/pointcloud_to_laserscan:/home/autoware/gokart_ws/install/ouster_ros:/home/autoware/gokart_ws/install/ouster_srvs:/home/autoware/gokart_ws/install/ouster_msgs:/home/autoware/gokart_ws/install/io_context:/home/autoware/gokart_ws/install/data_aug_ros2:/home/autoware/gokart_ws/install/asio_cmake_module:/home/autoware/gokart_ws/install/ros_imu_bno055:/home/autoware/gokart_ws/install/pure_pursuit:/home/autoware/gokart_ws/install/gap_follow:/home/autoware/gokart_ws/install/kart_interface:/home/autoware/gokart_ws/install/gnss_to_local:/home/autoware/gokart_ws/install/ekf_gnss:/opt/ros/humble LD_LIBRARY_PATH=/home/autoware/gokart_ws/src/gokart-sensor/install/io_context/lib:${LD_LIBRARY_PATH} /usr/bin/cmake /home/autoware/gokart_ws/src/gokart-sensor/Sensor_drivers/ros2_uart_serial/serial_driver -DCMAKE_BUILD_TYPE=Release -DAMENT_CMAKE_SYMLINK_INSTALL=1 -DCMAKE_INSTALL_PREFIX=/home/autoware/gokart_ws/src/gokart-sensor/install/serial_driver
[7.861s] Invoking command in '/home/autoware/gokart_ws/src/gokart-sensor/build/serial_driver': AMENT_PREFIX_PATH=/home/autoware/gokart_ws/src/gokart-sensor/install/io_context:/home/autoware/gokart_ws/src/gokart-sensor/install/asio_cmake_module:${AMENT_PREFIX_PATH} CMAKE_PREFIX_PATH=/home/autoware/gokart_ws/src/gokart-sensor/install/io_context:/home/autoware/gokart_ws/src/gokart-sensor/install/asio_cmake_module:/home/autoware/gokart_ws/install/serial_driver:/home/autoware/gokart_ws/install/septentrio_gnss_driver:/home/autoware/gokart_ws/install/pointcloud_to_laserscan:/home/autoware/gokart_ws/install/ouster_ros:/home/autoware/gokart_ws/install/ouster_srvs:/home/autoware/gokart_ws/install/ouster_msgs:/home/autoware/gokart_ws/install/io_context:/home/autoware/gokart_ws/install/data_aug_ros2:/home/autoware/gokart_ws/install/asio_cmake_module:/home/autoware/gokart_ws/install/ros_imu_bno055:/home/autoware/gokart_ws/install/pure_pursuit:/home/autoware/gokart_ws/install/gap_follow:/home/autoware/gokart_ws/install/kart_interface:/home/autoware/gokart_ws/install/gnss_to_local:/home/autoware/gokart_ws/install/ekf_gnss:/opt/ros/humble LD_LIBRARY_PATH=/home/autoware/gokart_ws/src/gokart-sensor/install/io_context/lib:${LD_LIBRARY_PATH} /usr/bin/cmake --build /home/autoware/gokart_ws/src/gokart-sensor/build/serial_driver -- -j20 -l20
[7.937s] [  6%] [32mBuilding CXX object CMakeFiles/serial_driver.dir/src/serial_driver.cpp.o[0m
[7.938s] [ 13%] [32mBuilding CXX object CMakeFiles/serial_bridge.dir/rclcpp_components/node_main_serial_bridge.cpp.o[0m
[7.940s] [ 20%] [32mBuilding CXX object CMakeFiles/serial_driver.dir/src/serial_port.cpp.o[0m
[7.957s] [ 26%] [32mBuilding CXX object gtest/CMakeFiles/gtest.dir/src/gtest-all.cc.o[0m
[7.998s] [ 33%] [32mBuilding CXX object gtest/CMakeFiles/gtest_main.dir/src/gtest_main.cc.o[0m
[9.445s] [ 40%] [32m[1mLinking CXX static library libgtest_main.a[0m
[9.500s] [ 40%] Built target gtest_main
[13.553s] [ 46%] [32m[1mLinking CXX executable serial_bridge[0m
[13.653s] [ 46%] Built target serial_bridge
[14.248s] [ 53%] [32m[1mLinking CXX shared library libserial_driver.so[0m
[14.409s] [ 53%] Built target serial_driver
[14.426s] [ 60%] [32mBuilding CXX object CMakeFiles/serial_driver_nodes.dir/src/serial_bridge_node.cpp.o[0m
[19.320s] [ 66%] [32m[1mLinking CXX static library libgtest.a[0m
[19.347s] [ 66%] Built target gtest
[19.363s] [ 73%] [32mBuilding CXX object CMakeFiles/test_serial_driver.dir/test/test_serial_driver.cpp.o[0m
[19.368s] [ 80%] [32mBuilding CXX object CMakeFiles/test_serial_port.dir/test/test_serial_port.cpp.o[0m
[21.398s] [ 86%] [32m[1mLinking CXX executable test_serial_driver[0m
[21.609s] [ 86%] Built target test_serial_driver
[22.986s] [ 93%] [32m[1mLinking CXX executable test_serial_port[0m
[23.194s] [ 93%] Built target test_serial_port
[25.652s] [100%] [32m[1mLinking CXX shared library libserial_driver_nodes.so[0m
[25.845s] [100%] Built target serial_driver_nodes
[25.856s] Invoked command in '/home/autoware/gokart_ws/src/gokart-sensor/build/serial_driver' returned '0': AMENT_PREFIX_PATH=/home/autoware/gokart_ws/src/gokart-sensor/install/io_context:/home/autoware/gokart_ws/src/gokart-sensor/install/asio_cmake_module:${AMENT_PREFIX_PATH} CMAKE_PREFIX_PATH=/home/autoware/gokart_ws/src/gokart-sensor/install/io_context:/home/autoware/gokart_ws/src/gokart-sensor/install/asio_cmake_module:/home/autoware/gokart_ws/install/serial_driver:/home/autoware/gokart_ws/install/septentrio_gnss_driver:/home/autoware/gokart_ws/install/pointcloud_to_laserscan:/home/autoware/gokart_ws/install/ouster_ros:/home/autoware/gokart_ws/install/ouster_srvs:/home/autoware/gokart_ws/install/ouster_msgs:/home/autoware/gokart_ws/install/io_context:/home/autoware/gokart_ws/install/data_aug_ros2:/home/autoware/gokart_ws/install/asio_cmake_module:/home/autoware/gokart_ws/install/ros_imu_bno055:/home/autoware/gokart_ws/install/pure_pursuit:/home/autoware/gokart_ws/install/gap_follow:/home/autoware/gokart_ws/install/kart_interface:/home/autoware/gokart_ws/install/gnss_to_local:/home/autoware/gokart_ws/install/ekf_gnss:/opt/ros/humble LD_LIBRARY_PATH=/home/autoware/gokart_ws/src/gokart-sensor/install/io_context/lib:${LD_LIBRARY_PATH} /usr/bin/cmake --build /home/autoware/gokart_ws/src/gokart-sensor/build/serial_driver -- -j20 -l20
[25.888s] Invoking command in '/home/autoware/gokart_ws/src/gokart-sensor/build/serial_driver': AMENT_PREFIX_PATH=/home/autoware/gokart_ws/src/gokart-sensor/install/io_context:/home/autoware/gokart_ws/src/gokart-sensor/install/asio_cmake_module:${AMENT_PREFIX_PATH} CMAKE_PREFIX_PATH=/home/autoware/gokart_ws/src/gokart-sensor/install/io_context:/home/autoware/gokart_ws/src/gokart-sensor/install/asio_cmake_module:/home/autoware/gokart_ws/install/serial_driver:/home/autoware/gokart_ws/install/septentrio_gnss_driver:/home/autoware/gokart_ws/install/pointcloud_to_laserscan:/home/autoware/gokart_ws/install/ouster_ros:/home/autoware/gokart_ws/install/ouster_srvs:/home/autoware/gokart_ws/install/ouster_msgs:/home/autoware/gokart_ws/install/io_context:/home/autoware/gokart_ws/install/data_aug_ros2:/home/autoware/gokart_ws/install/asio_cmake_module:/home/autoware/gokart_ws/install/ros_imu_bno055:/home/autoware/gokart_ws/install/pure_pursuit:/home/autoware/gokart_ws/install/gap_follow:/home/autoware/gokart_ws/install/kart_interface:/home/autoware/gokart_ws/install/gnss_to_local:/home/autoware/gokart_ws/install/ekf_gnss:/opt/ros/humble LD_LIBRARY_PATH=/home/autoware/gokart_ws/src/gokart-sensor/install/io_context/lib:${LD_LIBRARY_PATH} /usr/bin/cmake --install /home/autoware/gokart_ws/src/gokart-sensor/build/serial_driver
[25.895s] -- Install configuration: "Release"
[25.895s] -- Execute custom install script
[25.896s] -- Symlinking: /home/autoware/gokart_ws/src/gokart-sensor/install/serial_driver/lib/serial_driver/serial_bridge
[25.904s] -- Symlinking: /home/autoware/gokart_ws/src/gokart-sensor/install/serial_driver/include/serial_driver/serial_bridge_node.hpp
[25.915s] -- Symlinking: /home/autoware/gokart_ws/src/gokart-sensor/install/serial_driver/include/serial_driver/serial_driver.hpp
[25.925s] -- Symlinking: /home/autoware/gokart_ws/src/gokart-sensor/install/serial_driver/include/serial_driver/serial_port.hpp
[25.936s] -- Symlinking: /home/autoware/gokart_ws/src/gokart-sensor/install/serial_driver/include/serial_driver/visibility_control.hpp
[25.946s] -- Symlinking: /home/autoware/gokart_ws/src/gokart-sensor/install/serial_driver/share/serial_driver/environment/library_path.sh
[25.957s] -- Symlinking: /home/autoware/gokart_ws/src/gokart-sensor/install/serial_driver/share/serial_driver/environment/library_path.dsv
[25.968s] -- Symlinking: /home/autoware/gokart_ws/src/gokart-sensor/install/serial_driver/lib/libserial_driver.so
[25.978s] -- Symlinking: /home/autoware/gokart_ws/src/gokart-sensor/install/serial_driver/lib/libserial_driver_nodes.so
[25.989s] -- Symlinking: /home/autoware/gokart_ws/src/gokart-sensor/install/serial_driver/share/serial_driver/launch/serial_driver_bridge_node.launch.py
[26.000s] -- Symlinking: /home/autoware/gokart_ws/src/gokart-sensor/install/serial_driver/share/serial_driver/params/serial.params.yaml
[26.011s] -- Symlinking: /home/autoware/gokart_ws/src/gokart-sensor/install/serial_driver/share/ament_index/resource_index/package_run_dependencies/serial_driver
[26.022s] -- Symlinking: /home/autoware/gokart_ws/src/gokart-sensor/install/serial_driver/share/ament_index/resource_index/parent_prefix_path/serial_driver
[26.032s] -- Symlinking: /home/autoware/gokart_ws/src/gokart-sensor/install/serial_driver/share/serial_driver/environment/ament_prefix_path.sh
[26.042s] -- Symlinking: /home/autoware/gokart_ws/src/gokart-sensor/install/serial_driver/share/serial_driver/environment/ament_prefix_path.dsv
[26.052s] -- Symlinking: /home/autoware/gokart_ws/src/gokart-sensor/install/serial_driver/share/serial_driver/environment/path.sh
[26.063s] -- Symlinking: /home/autoware/gokart_ws/src/gokart-sensor/install/serial_driver/share/serial_driver/environment/path.dsv
[26.073s] -- Symlinking: /home/autoware/gokart_ws/src/gokart-sensor/install/serial_driver/share/serial_driver/local_setup.bash
[26.084s] -- Symlinking: /home/autoware/gokart_ws/src/gokart-sensor/install/serial_driver/share/serial_driver/local_setup.sh
[26.095s] -- Symlinking: /home/autoware/gokart_ws/src/gokart-sensor/install/serial_driver/share/serial_driver/local_setup.zsh
[26.105s] -- Symlinking: /home/autoware/gokart_ws/src/gokart-sensor/install/serial_driver/share/serial_driver/local_setup.dsv
[26.116s] -- Symlinking: /home/autoware/gokart_ws/src/gokart-sensor/install/serial_driver/share/serial_driver/package.dsv
[26.127s] -- Symlinking: /home/autoware/gokart_ws/src/gokart-sensor/install/serial_driver/share/ament_index/resource_index/packages/serial_driver
[26.138s] -- Symlinking: /home/autoware/gokart_ws/src/gokart-sensor/install/serial_driver/share/ament_index/resource_index/rclcpp_components/serial_driver
[26.148s] -- Symlinking: /home/autoware/gokart_ws/src/gokart-sensor/install/serial_driver/share/serial_driver/cmake/ament_cmake_export_dependencies-extras.cmake
[26.159s] -- Symlinking: /home/autoware/gokart_ws/src/gokart-sensor/install/serial_driver/share/serial_driver/cmake/ament_cmake_export_include_directories-extras.cmake
[26.169s] -- Symlinking: /home/autoware/gokart_ws/src/gokart-sensor/install/serial_driver/share/serial_driver/cmake/ament_cmake_export_libraries-extras.cmake
[26.180s] -- Symlinking: /home/autoware/gokart_ws/src/gokart-sensor/install/serial_driver/share/serial_driver/cmake/serial_driverConfig.cmake
[26.191s] -- Symlinking: /home/autoware/gokart_ws/src/gokart-sensor/install/serial_driver/share/serial_driver/cmake/serial_driverConfig-version.cmake
[26.201s] -- Symlinking: /home/autoware/gokart_ws/src/gokart-sensor/install/serial_driver/share/serial_driver/package.xml
[26.218s] Invoked command in '/home/autoware/gokart_ws/src/gokart-sensor/build/serial_driver' returned '0': AMENT_PREFIX_PATH=/home/autoware/gokart_ws/src/gokart-sensor/install/io_context:/home/autoware/gokart_ws/src/gokart-sensor/install/asio_cmake_module:${AMENT_PREFIX_PATH} CMAKE_PREFIX_PATH=/home/autoware/gokart_ws/src/gokart-sensor/install/io_context:/home/autoware/gokart_ws/src/gokart-sensor/install/asio_cmake_module:/home/autoware/gokart_ws/install/serial_driver:/home/autoware/gokart_ws/install/septentrio_gnss_driver:/home/autoware/gokart_ws/install/pointcloud_to_laserscan:/home/autoware/gokart_ws/install/ouster_ros:/home/autoware/gokart_ws/install/ouster_srvs:/home/autoware/gokart_ws/install/ouster_msgs:/home/autoware/gokart_ws/install/io_context:/home/autoware/gokart_ws/install/data_aug_ros2:/home/autoware/gokart_ws/install/asio_cmake_module:/home/autoware/gokart_ws/install/ros_imu_bno055:/home/autoware/gokart_ws/install/pure_pursuit:/home/autoware/gokart_ws/install/gap_follow:/home/autoware/gokart_ws/install/kart_interface:/home/autoware/gokart_ws/install/gnss_to_local:/home/autoware/gokart_ws/install/ekf_gnss:/opt/ros/humble LD_LIBRARY_PATH=/home/autoware/gokart_ws/src/gokart-sensor/install/io_context/lib:${LD_LIBRARY_PATH} /usr/bin/cmake --install /home/autoware/gokart_ws/src/gokart-sensor/build/serial_driver
