/home/ros/ros2Drivers/imu_ws/install/ros_imu_bno055/lib/python3.8/site-packages/ros_imu_bno055/imu_calibration.py
/home/ros/ros2Drivers/imu_ws/install/ros_imu_bno055/lib/python3.8/site-packages/ros_imu_bno055/__init__.py
/home/ros/ros2Drivers/imu_ws/install/ros_imu_bno055/lib/python3.8/site-packages/ros_imu_bno055/imu_bno055_api.py
/home/ros/ros2Drivers/imu_ws/install/ros_imu_bno055/lib/python3.8/site-packages/ros_imu_bno055/imu_ros.py
/home/ros/ros2Drivers/imu_ws/install/ros_imu_bno055/lib/python3.8/site-packages/ros_imu_bno055/__pycache__/imu_calibration.cpython-38.pyc
/home/ros/ros2Drivers/imu_ws/install/ros_imu_bno055/lib/python3.8/site-packages/ros_imu_bno055/__pycache__/__init__.cpython-38.pyc
/home/ros/ros2Drivers/imu_ws/install/ros_imu_bno055/lib/python3.8/site-packages/ros_imu_bno055/__pycache__/imu_bno055_api.cpython-38.pyc
/home/ros/ros2Drivers/imu_ws/install/ros_imu_bno055/lib/python3.8/site-packages/ros_imu_bno055/__pycache__/imu_ros.cpython-38.pyc
/home/ros/ros2Drivers/imu_ws/install/ros_imu_bno055/share/ament_index/resource_index/packages/ros_imu_bno055
/home/ros/ros2Drivers/imu_ws/install/ros_imu_bno055/share/ros_imu_bno055/package.xml
/home/ros/ros2Drivers/imu_ws/install/ros_imu_bno055/share/ros_imu_bno055/launch/imu_launch.py
/home/ros/ros2Drivers/imu_ws/install/ros_imu_bno055/share/ros_imu_bno055/launch/imu_calibration_launch.py
/home/ros/ros2Drivers/imu_ws/install/ros_imu_bno055/share/ros_imu_bno055/launch/view_imu_launch.py
/home/ros/ros2Drivers/imu_ws/install/ros_imu_bno055/share/ros_imu_bno055/launch/view_imu_rviz.rviz
/home/ros/ros2Drivers/imu_ws/install/ros_imu_bno055/lib/python3.8/site-packages/ros_imu_bno055-0.0.0-py3.8.egg-info/PKG-INFO
/home/ros/ros2Drivers/imu_ws/install/ros_imu_bno055/lib/python3.8/site-packages/ros_imu_bno055-0.0.0-py3.8.egg-info/entry_points.txt
/home/ros/ros2Drivers/imu_ws/install/ros_imu_bno055/lib/python3.8/site-packages/ros_imu_bno055-0.0.0-py3.8.egg-info/top_level.txt
/home/ros/ros2Drivers/imu_ws/install/ros_imu_bno055/lib/python3.8/site-packages/ros_imu_bno055-0.0.0-py3.8.egg-info/requires.txt
/home/ros/ros2Drivers/imu_ws/install/ros_imu_bno055/lib/python3.8/site-packages/ros_imu_bno055-0.0.0-py3.8.egg-info/dependency_links.txt
/home/ros/ros2Drivers/imu_ws/install/ros_imu_bno055/lib/python3.8/site-packages/ros_imu_bno055-0.0.0-py3.8.egg-info/SOURCES.txt
/home/ros/ros2Drivers/imu_ws/install/ros_imu_bno055/lib/python3.8/site-packages/ros_imu_bno055-0.0.0-py3.8.egg-info/zip-safe
/home/ros/ros2Drivers/imu_ws/install/ros_imu_bno055/lib/ros_imu_bno055/imu_ros
