running develop
running egg_info
creating kart_interface.egg-info
writing kart_interface.egg-info/PKG-INFO
writing dependency_links to kart_interface.egg-info/dependency_links.txt
writing entry points to kart_interface.egg-info/entry_points.txt
writing requirements to kart_interface.egg-info/requires.txt
writing top-level names to kart_interface.egg-info/top_level.txt
writing manifest file 'kart_interface.egg-info/SOURCES.txt'
reading manifest file 'kart_interface.egg-info/SOURCES.txt'
writing manifest file 'kart_interface.egg-info/SOURCES.txt'
running build_ext
Creating /home/autoware/gokart_ws/src/gokart-sensor/install/kart_interface/lib/python3.10/site-packages/kart-interface.egg-link (link to .)
Installing kart_interface script to /home/autoware/gokart_ws/src/gokart-sensor/install/kart_interface/lib/kart_interface

Installed /home/autoware/gokart_ws/src/gokart-sensor/build/kart_interface
running install_data
creating /home/autoware/gokart_ws/src/gokart-sensor/install/kart_interface/share/ament_index
creating /home/autoware/gokart_ws/src/gokart-sensor/install/kart_interface/share/ament_index/resource_index
creating /home/autoware/gokart_ws/src/gokart-sensor/install/kart_interface/share/ament_index/resource_index/packages
copying resource/kart_interface -> /home/autoware/gokart_ws/src/gokart-sensor/install/kart_interface/share/ament_index/resource_index/packages
copying package.xml -> /home/autoware/gokart_ws/src/gokart-sensor/install/kart_interface/share/kart_interface
