[1.396s] Invoking command in '/home/autoware/gokart_ws/src/gokart-sensor/build/kart_interface': PYTHONPATH=/home/autoware/gokart_ws/src/gokart-sensor/build/kart_interface/prefix_override:/home/autoware/gokart_ws/src/gokart-sensor/install/kart_interface/lib/python3.10/site-packages:${PYTHONPATH} /usr/bin/python3 setup.py develop --editable --build-directory /home/autoware/gokart_ws/src/gokart-sensor/build/kart_interface/build --no-deps install_data
[1.653s] running develop
[1.798s] running egg_info
[1.798s] creating kart_interface.egg-info
[1.799s] writing kart_interface.egg-info/PKG-INFO
[1.799s] writing dependency_links to kart_interface.egg-info/dependency_links.txt
[1.799s] writing entry points to kart_interface.egg-info/entry_points.txt
[1.799s] writing requirements to kart_interface.egg-info/requires.txt
[1.799s] writing top-level names to kart_interface.egg-info/top_level.txt
[1.799s] writing manifest file 'kart_interface.egg-info/SOURCES.txt'
[1.801s] reading manifest file 'kart_interface.egg-info/SOURCES.txt'
[1.801s] writing manifest file 'kart_interface.egg-info/SOURCES.txt'
[1.802s] running build_ext
[1.802s] Creating /home/autoware/gokart_ws/src/gokart-sensor/install/kart_interface/lib/python3.10/site-packages/kart-interface.egg-link (link to .)
[1.803s] Installing kart_interface script to /home/autoware/gokart_ws/src/gokart-sensor/install/kart_interface/lib/kart_interface
[1.803s] 
[1.803s] Installed /home/autoware/gokart_ws/src/gokart-sensor/build/kart_interface
[1.803s] running install_data
[1.804s] creating /home/autoware/gokart_ws/src/gokart-sensor/install/kart_interface/share/ament_index
[1.804s] creating /home/autoware/gokart_ws/src/gokart-sensor/install/kart_interface/share/ament_index/resource_index
[1.804s] creating /home/autoware/gokart_ws/src/gokart-sensor/install/kart_interface/share/ament_index/resource_index/packages
[1.804s] copying resource/kart_interface -> /home/autoware/gokart_ws/src/gokart-sensor/install/kart_interface/share/ament_index/resource_index/packages
[1.804s] copying package.xml -> /home/autoware/gokart_ws/src/gokart-sensor/install/kart_interface/share/kart_interface
[1.838s] Invoked command in '/home/autoware/gokart_ws/src/gokart-sensor/build/kart_interface' returned '0': PYTHONPATH=/home/autoware/gokart_ws/src/gokart-sensor/build/kart_interface/prefix_override:/home/autoware/gokart_ws/src/gokart-sensor/install/kart_interface/lib/python3.10/site-packages:${PYTHONPATH} /usr/bin/python3 setup.py develop --editable --build-directory /home/autoware/gokart_ws/src/gokart-sensor/build/kart_interface/build --no-deps install_data
