-- The C compiler identification is GNU 11.3.0
-- The CXX compiler identification is GNU 11.3.0
-- Detecting C compiler ABI info
-- Detecting C compiler ABI info - done
-- Check for working C compiler: /usr/bin/cc - skipped
-- Detecting C compile features
-- Detecting C compile features - done
-- Detecting CXX compiler ABI info
-- Detecting CXX compiler ABI info - done
-- Check for working CXX compiler: /usr/bin/c++ - skipped
-- Detecting CXX compile features
-- Detecting CXX compile features - done
-- Found ament_cmake: 1.3.4 (/opt/ros/humble/share/ament_cmake/cmake)
-- Found Python3: /usr/bin/python3.10 (found version "3.10.6") found components: Interpreter 
-- Override CMake install command with custom implementation using symlinks instead of copying resources
-- Found laser_geometry: 2.4.0 (/opt/ros/humble/share/laser_geometry/cmake)
-- Found rosidl_generator_c: 3.1.4 (/opt/ros/humble/share/rosidl_generator_c/cmake)
-- Found rosidl_adapter: 3.1.4 (/opt/ros/humble/share/rosidl_adapter/cmake)
-- Found rosidl_generator_cpp: 3.1.4 (/opt/ros/humble/share/rosidl_generator_cpp/cmake)
-- Using all available rosidl_typesupport_c: rosidl_typesupport_fastrtps_c;rosidl_typesupport_introspection_c
-- Using all available rosidl_typesupport_cpp: rosidl_typesupport_fastrtps_cpp;rosidl_typesupport_introspection_cpp
-- Found rmw_implementation_cmake: 6.1.1 (/opt/ros/humble/share/rmw_implementation_cmake/cmake)
-- Found rmw_cyclonedds_cpp: 1.3.4 (/opt/ros/humble/share/rmw_cyclonedds_cpp/cmake)
-- Using RMW implementation 'rmw_cyclonedds_cpp' as default
-- Looking for pthread.h
-- Looking for pthread.h - found
-- Performing Test CMAKE_HAVE_LIBC_PTHREAD
-- Performing Test CMAKE_HAVE_LIBC_PTHREAD - Success
-- Found Threads: TRUE  
-- Found message_filters: 4.3.3 (/opt/ros/humble/share/message_filters/cmake)
-- Found rclcpp_components: 16.0.4 (/opt/ros/humble/share/rclcpp_components/cmake)
-- Found tf2_ros: 0.25.2 (/opt/ros/humble/share/tf2_ros/cmake)
-- Found tf2_sensor_msgs: 0.25.2 (/opt/ros/humble/share/tf2_sensor_msgs/cmake)
-- Found ament_lint_auto: 0.12.6 (/opt/ros/humble/share/ament_lint_auto/cmake)
-- Added test 'cppcheck' to perform static code analysis on C / C++ code
-- Configured cppcheck include dirs: /home/autoware/gokart_ws/src/gokart-sensor/Planning/gap_follow/pointcloud_to_laserscan/include
-- Configured cppcheck exclude dirs and/or files: 
-- Added test 'cpplint' to check C / C++ code against the Google style
-- Configured cpplint exclude dirs and/or files: 
-- Added test 'flake8' to check Python code syntax and style conventions
-- Added test 'lint_cmake' to check CMake code style
-- Added test 'pep257' to check Python code against some of the docstring style conventions in PEP 257
-- Added test 'uncrustify' to check C / C++ code style
-- Configured uncrustify additional arguments: 
-- Added test 'xmllint' to check XML markup files
-- Configuring done
-- Generating done
-- Build files have been written to: /home/autoware/gokart_ws/src/gokart-sensor/build/pointcloud_to_laserscan
[ 10%] [32mBuilding CXX object CMakeFiles/laserscan_to_pointcloud.dir/src/laserscan_to_pointcloud_node.cpp.o[0m
[ 20%] [32mBuilding CXX object CMakeFiles/laserscan_to_pointcloud_node.dir/rclcpp_components/node_main_laserscan_to_pointcloud_node.cpp.o[0m
[ 40%] [32mBuilding CXX object CMakeFiles/dummy_pointcloud_publisher.dir/src/dummy_pointcloud_publisher.cpp.o[0m
[ 50%] [32mBuilding CXX object CMakeFiles/pointcloud_to_laserscan.dir/src/pointcloud_to_laserscan_node.cpp.o[0m
[ 50%] [32mBuilding CXX object CMakeFiles/pointcloud_to_laserscan_node.dir/rclcpp_components/node_main_pointcloud_to_laserscan_node.cpp.o[0m
In file included from [01m[K/home/autoware/gokart_ws/src/gokart-sensor/Planning/gap_follow/pointcloud_to_laserscan/src/pointcloud_to_laserscan_node.cpp:52[m[K:
[01m[K/opt/ros/humble/include/tf2_sensor_msgs/tf2_sensor_msgs.h:32:2:[m[K [01;35m[Kwarning: [m[K#warning This header is obsolete, please include tf2_sensor_msgs/tf2_sensor_msgs.hpp instead [[01;35m[K]8;;https://gcc.gnu.org/onlinedocs/gcc/Warning-Options.html#index-Wcpp-Wcpp]8;;[m[K]
   32 | #[01;35m[Kwarning[m[K This header is obsolete, please include tf2_sensor_msgs/tf2_sensor_msgs.hpp instead
      |  [01;35m[K^~~~~~~[m[K
In file included from [01m[K/home/autoware/gokart_ws/src/gokart-sensor/Planning/gap_follow/pointcloud_to_laserscan/src/laserscan_to_pointcloud_node.cpp:52[m[K:
[01m[K/opt/ros/humble/include/tf2_sensor_msgs/tf2_sensor_msgs.h:32:2:[m[K [01;35m[Kwarning: [m[K#warning This header is obsolete, please include tf2_sensor_msgs/tf2_sensor_msgs.hpp instead [[01;35m[K]8;;https://gcc.gnu.org/onlinedocs/gcc/Warning-Options.html#index-Wcpp-Wcpp]8;;[m[K]
   32 | #[01;35m[Kwarning[m[K This header is obsolete, please include tf2_sensor_msgs/tf2_sensor_msgs.hpp instead
      |  [01;35m[K^~~~~~~[m[K
[ 60%] [32m[1mLinking CXX executable pointcloud_to_laserscan_node[0m
[ 60%] Built target pointcloud_to_laserscan_node
[ 70%] [32m[1mLinking CXX executable laserscan_to_pointcloud_node[0m
[ 80%] [32m[1mLinking CXX executable dummy_pointcloud_publisher[0m
[ 80%] Built target laserscan_to_pointcloud_node
[ 80%] Built target dummy_pointcloud_publisher
[ 90%] [32m[1mLinking CXX shared library libpointcloud_to_laserscan.so[0m
[ 90%] Built target pointcloud_to_laserscan
[100%] [32m[1mLinking CXX shared library liblaserscan_to_pointcloud.so[0m
[100%] Built target laserscan_to_pointcloud
-- Install configuration: "Release"
-- Execute custom install script
-- Symlinking: /home/autoware/gokart_ws/src/gokart-sensor/install/pointcloud_to_laserscan/lib/pointcloud_to_laserscan/laserscan_to_pointcloud_node
-- Symlinking: /home/autoware/gokart_ws/src/gokart-sensor/install/pointcloud_to_laserscan/lib/pointcloud_to_laserscan/pointcloud_to_laserscan_node
-- Symlinking: /home/autoware/gokart_ws/src/gokart-sensor/install/pointcloud_to_laserscan/lib/liblaserscan_to_pointcloud.so
-- Symlinking: /home/autoware/gokart_ws/src/gokart-sensor/install/pointcloud_to_laserscan/lib/libpointcloud_to_laserscan.so
-- Symlinking: /home/autoware/gokart_ws/src/gokart-sensor/install/pointcloud_to_laserscan/lib/pointcloud_to_laserscan/dummy_pointcloud_publisher
-- Symlinking: /home/autoware/gokart_ws/src/gokart-sensor/install/pointcloud_to_laserscan/include/include/pointcloud_to_laserscan/laserscan_to_pointcloud_node.hpp
-- Symlinking: /home/autoware/gokart_ws/src/gokart-sensor/install/pointcloud_to_laserscan/include/include/pointcloud_to_laserscan/pointcloud_to_laserscan_node.hpp
-- Symlinking: /home/autoware/gokart_ws/src/gokart-sensor/install/pointcloud_to_laserscan/include/include/pointcloud_to_laserscan/visibility_control.h
-- Symlinking: /home/autoware/gokart_ws/src/gokart-sensor/install/pointcloud_to_laserscan/share/pointcloud_to_laserscan/launch/ousterpointcloud_to_scan.launch.py
-- Symlinking: /home/autoware/gokart_ws/src/gokart-sensor/install/pointcloud_to_laserscan/share/pointcloud_to_laserscan/launch/sample_laserscan_to_pointcloud_launch.py
-- Symlinking: /home/autoware/gokart_ws/src/gokart-sensor/install/pointcloud_to_laserscan/share/pointcloud_to_laserscan/launch/sample_pointcloud_to_laserscan_launch.py
-- Symlinking: /home/autoware/gokart_ws/src/gokart-sensor/install/pointcloud_to_laserscan/share/ament_index/resource_index/package_run_dependencies/pointcloud_to_laserscan
-- Symlinking: /home/autoware/gokart_ws/src/gokart-sensor/install/pointcloud_to_laserscan/share/ament_index/resource_index/parent_prefix_path/pointcloud_to_laserscan
-- Symlinking: /home/autoware/gokart_ws/src/gokart-sensor/install/pointcloud_to_laserscan/share/pointcloud_to_laserscan/environment/ament_prefix_path.sh
-- Symlinking: /home/autoware/gokart_ws/src/gokart-sensor/install/pointcloud_to_laserscan/share/pointcloud_to_laserscan/environment/ament_prefix_path.dsv
-- Symlinking: /home/autoware/gokart_ws/src/gokart-sensor/install/pointcloud_to_laserscan/share/pointcloud_to_laserscan/environment/path.sh
-- Symlinking: /home/autoware/gokart_ws/src/gokart-sensor/install/pointcloud_to_laserscan/share/pointcloud_to_laserscan/environment/path.dsv
-- Symlinking: /home/autoware/gokart_ws/src/gokart-sensor/install/pointcloud_to_laserscan/share/pointcloud_to_laserscan/local_setup.bash
-- Symlinking: /home/autoware/gokart_ws/src/gokart-sensor/install/pointcloud_to_laserscan/share/pointcloud_to_laserscan/local_setup.sh
-- Symlinking: /home/autoware/gokart_ws/src/gokart-sensor/install/pointcloud_to_laserscan/share/pointcloud_to_laserscan/local_setup.zsh
-- Symlinking: /home/autoware/gokart_ws/src/gokart-sensor/install/pointcloud_to_laserscan/share/pointcloud_to_laserscan/local_setup.dsv
-- Symlinking: /home/autoware/gokart_ws/src/gokart-sensor/install/pointcloud_to_laserscan/share/pointcloud_to_laserscan/package.dsv
-- Symlinking: /home/autoware/gokart_ws/src/gokart-sensor/install/pointcloud_to_laserscan/share/ament_index/resource_index/packages/pointcloud_to_laserscan
-- Symlinking: /home/autoware/gokart_ws/src/gokart-sensor/install/pointcloud_to_laserscan/share/ament_index/resource_index/rclcpp_components/pointcloud_to_laserscan
-- Symlinking: /home/autoware/gokart_ws/src/gokart-sensor/install/pointcloud_to_laserscan/share/pointcloud_to_laserscan/cmake/pointcloud_to_laserscanConfig.cmake
-- Symlinking: /home/autoware/gokart_ws/src/gokart-sensor/install/pointcloud_to_laserscan/share/pointcloud_to_laserscan/cmake/pointcloud_to_laserscanConfig-version.cmake
-- Symlinking: /home/autoware/gokart_ws/src/gokart-sensor/install/pointcloud_to_laserscan/share/pointcloud_to_laserscan/package.xml
