[0.368s] Invoking command in '/home/autoware/gokart_ws/src/gokart-sensor/build/pointcloud_to_laserscan': CMAKE_PREFIX_PATH=${CMAKE_PREFIX_PATH}:/home/autoware/gokart_ws/install/ros_imu_bno055:/home/autoware/gokart_ws/install/pure_pursuit:/home/autoware/gokart_ws/install/gap_follow:/home/autoware/gokart_ws/install/kart_interface:/home/autoware/gokart_ws/install/gnss_to_local:/home/autoware/gokart_ws/install/ekf_gnss:/opt/ros/humble /usr/bin/cmake /home/autoware/gokart_ws/src/gokart-sensor/Planning/gap_follow/pointcloud_to_laserscan -DCMAKE_BUILD_TYPE=Release -DAMENT_CMAKE_SYMLINK_INSTALL=1 -DCMAKE_INSTALL_PREFIX=/home/autoware/gokart_ws/src/gokart-sensor/install/pointcloud_to_laserscan
[0.808s] -- The C compiler identification is GNU 11.3.0
[0.808s] -- The CXX compiler identification is GNU 11.3.0
[0.808s] -- Detecting C compiler ABI info
[0.808s] -- Detecting C compiler ABI info - done
[0.808s] -- Check for working C compiler: /usr/bin/cc - skipped
[0.808s] -- Detecting C compile features
[0.808s] -- Detecting C compile features - done
[0.808s] -- Detecting CXX compiler ABI info
[0.808s] -- Detecting CXX compiler ABI info - done
[0.808s] -- Check for working CXX compiler: /usr/bin/c++ - skipped
[0.809s] -- Detecting CXX compile features
[0.809s] -- Detecting CXX compile features - done
[0.809s] -- Found ament_cmake: 1.3.4 (/opt/ros/humble/share/ament_cmake/cmake)
[0.810s] -- Found Python3: /usr/bin/python3.10 (found version "3.10.6") found components: Interpreter 
[0.810s] -- Override CMake install command with custom implementation using symlinks instead of copying resources
[0.810s] -- Found laser_geometry: 2.4.0 (/opt/ros/humble/share/laser_geometry/cmake)
[0.843s] -- Found rosidl_generator_c: 3.1.4 (/opt/ros/humble/share/rosidl_generator_c/cmake)
[0.848s] -- Found rosidl_adapter: 3.1.4 (/opt/ros/humble/share/rosidl_adapter/cmake)
[0.857s] -- Found rosidl_generator_cpp: 3.1.4 (/opt/ros/humble/share/rosidl_generator_cpp/cmake)
[0.870s] -- Using all available rosidl_typesupport_c: rosidl_typesupport_fastrtps_c;rosidl_typesupport_introspection_c
[0.889s] -- Using all available rosidl_typesupport_cpp: rosidl_typesupport_fastrtps_cpp;rosidl_typesupport_introspection_cpp
[0.957s] -- Found rmw_implementation_cmake: 6.1.1 (/opt/ros/humble/share/rmw_implementation_cmake/cmake)
[0.960s] -- Found rmw_cyclonedds_cpp: 1.3.4 (/opt/ros/humble/share/rmw_cyclonedds_cpp/cmake)
[0.994s] -- Using RMW implementation 'rmw_cyclonedds_cpp' as default
[1.005s] -- Looking for pthread.h
[1.063s] -- Looking for pthread.h - found
[1.063s] -- Performing Test CMAKE_HAVE_LIBC_PTHREAD
[1.126s] -- Performing Test CMAKE_HAVE_LIBC_PTHREAD - Success
[1.128s] -- Found Threads: TRUE  
[1.632s] -- Found message_filters: 4.3.3 (/opt/ros/humble/share/message_filters/cmake)
[1.643s] -- Found rclcpp_components: 16.0.4 (/opt/ros/humble/share/rclcpp_components/cmake)
[1.708s] -- Found tf2_ros: 0.25.2 (/opt/ros/humble/share/tf2_ros/cmake)
[1.950s] -- Found tf2_sensor_msgs: 0.25.2 (/opt/ros/humble/share/tf2_sensor_msgs/cmake)
[2.029s] -- Found ament_lint_auto: 0.12.6 (/opt/ros/humble/share/ament_lint_auto/cmake)
[2.112s] -- Added test 'cppcheck' to perform static code analysis on C / C++ code
[2.113s] -- Configured cppcheck include dirs: /home/autoware/gokart_ws/src/gokart-sensor/Planning/gap_follow/pointcloud_to_laserscan/include
[2.113s] -- Configured cppcheck exclude dirs and/or files: 
[2.114s] -- Added test 'cpplint' to check C / C++ code against the Google style
[2.114s] -- Configured cpplint exclude dirs and/or files: 
[2.114s] -- Added test 'flake8' to check Python code syntax and style conventions
[2.115s] -- Added test 'lint_cmake' to check CMake code style
[2.116s] -- Added test 'pep257' to check Python code against some of the docstring style conventions in PEP 257
[2.117s] -- Added test 'uncrustify' to check C / C++ code style
[2.117s] -- Configured uncrustify additional arguments: 
[2.117s] -- Added test 'xmllint' to check XML markup files
[2.119s] -- Configuring done
[2.143s] -- Generating done
[2.146s] -- Build files have been written to: /home/autoware/gokart_ws/src/gokart-sensor/build/pointcloud_to_laserscan
[2.156s] Invoked command in '/home/autoware/gokart_ws/src/gokart-sensor/build/pointcloud_to_laserscan' returned '0': CMAKE_PREFIX_PATH=${CMAKE_PREFIX_PATH}:/home/autoware/gokart_ws/install/ros_imu_bno055:/home/autoware/gokart_ws/install/pure_pursuit:/home/autoware/gokart_ws/install/gap_follow:/home/autoware/gokart_ws/install/kart_interface:/home/autoware/gokart_ws/install/gnss_to_local:/home/autoware/gokart_ws/install/ekf_gnss:/opt/ros/humble /usr/bin/cmake /home/autoware/gokart_ws/src/gokart-sensor/Planning/gap_follow/pointcloud_to_laserscan -DCMAKE_BUILD_TYPE=Release -DAMENT_CMAKE_SYMLINK_INSTALL=1 -DCMAKE_INSTALL_PREFIX=/home/autoware/gokart_ws/src/gokart-sensor/install/pointcloud_to_laserscan
[2.158s] Invoking command in '/home/autoware/gokart_ws/src/gokart-sensor/build/pointcloud_to_laserscan': CMAKE_PREFIX_PATH=${CMAKE_PREFIX_PATH}:/home/autoware/gokart_ws/install/ros_imu_bno055:/home/autoware/gokart_ws/install/pure_pursuit:/home/autoware/gokart_ws/install/gap_follow:/home/autoware/gokart_ws/install/kart_interface:/home/autoware/gokart_ws/install/gnss_to_local:/home/autoware/gokart_ws/install/ekf_gnss:/opt/ros/humble /usr/bin/cmake --build /home/autoware/gokart_ws/src/gokart-sensor/build/pointcloud_to_laserscan -- -j20 -l20
[2.219s] [ 10%] [32mBuilding CXX object CMakeFiles/laserscan_to_pointcloud.dir/src/laserscan_to_pointcloud_node.cpp.o[0m
[2.220s] [ 20%] [32mBuilding CXX object CMakeFiles/laserscan_to_pointcloud_node.dir/rclcpp_components/node_main_laserscan_to_pointcloud_node.cpp.o[0m
[2.220s] [ 40%] [32mBuilding CXX object CMakeFiles/dummy_pointcloud_publisher.dir/src/dummy_pointcloud_publisher.cpp.o[0m
[2.220s] [ 50%] [32mBuilding CXX object CMakeFiles/pointcloud_to_laserscan.dir/src/pointcloud_to_laserscan_node.cpp.o[0m
[2.220s] [ 50%] [32mBuilding CXX object CMakeFiles/pointcloud_to_laserscan_node.dir/rclcpp_components/node_main_pointcloud_to_laserscan_node.cpp.o[0m
[2.554s] In file included from [01m[K/home/autoware/gokart_ws/src/gokart-sensor/Planning/gap_follow/pointcloud_to_laserscan/src/pointcloud_to_laserscan_node.cpp:52[m[K:
[2.554s] [01m[K/opt/ros/humble/include/tf2_sensor_msgs/tf2_sensor_msgs.h:32:2:[m[K [01;35m[Kwarning: [m[K#warning This header is obsolete, please include tf2_sensor_msgs/tf2_sensor_msgs.hpp instead [[01;35m[K]8;;https://gcc.gnu.org/onlinedocs/gcc/Warning-Options.html#index-Wcpp-Wcpp]8;;[m[K]
[2.554s]    32 | #[01;35m[Kwarning[m[K This header is obsolete, please include tf2_sensor_msgs/tf2_sensor_msgs.hpp instead
[2.554s]       |  [01;35m[K^~~~~~~[m[K
[2.697s] In file included from [01m[K/home/autoware/gokart_ws/src/gokart-sensor/Planning/gap_follow/pointcloud_to_laserscan/src/laserscan_to_pointcloud_node.cpp:52[m[K:
[2.697s] [01m[K/opt/ros/humble/include/tf2_sensor_msgs/tf2_sensor_msgs.h:32:2:[m[K [01;35m[Kwarning: [m[K#warning This header is obsolete, please include tf2_sensor_msgs/tf2_sensor_msgs.hpp instead [[01;35m[K]8;;https://gcc.gnu.org/onlinedocs/gcc/Warning-Options.html#index-Wcpp-Wcpp]8;;[m[K]
[2.697s]    32 | #[01;35m[Kwarning[m[K This header is obsolete, please include tf2_sensor_msgs/tf2_sensor_msgs.hpp instead
[2.697s]       |  [01;35m[K^~~~~~~[m[K
[5.876s] [ 60%] [32m[1mLinking CXX executable pointcloud_to_laserscan_node[0m
[5.976s] [ 60%] Built target pointcloud_to_laserscan_node
[7.559s] [ 70%] [32m[1mLinking CXX executable laserscan_to_pointcloud_node[0m
[7.642s] [ 80%] [32m[1mLinking CXX executable dummy_pointcloud_publisher[0m
[7.713s] [ 80%] Built target laserscan_to_pointcloud_node
[7.819s] [ 80%] Built target dummy_pointcloud_publisher
[34.028s] [ 90%] [32m[1mLinking CXX shared library libpointcloud_to_laserscan.so[0m
[34.364s] [ 90%] Built target pointcloud_to_laserscan
[36.949s] [100%] [32m[1mLinking CXX shared library liblaserscan_to_pointcloud.so[0m
[37.156s] [100%] Built target laserscan_to_pointcloud
[37.186s] Invoked command in '/home/autoware/gokart_ws/src/gokart-sensor/build/pointcloud_to_laserscan' returned '0': CMAKE_PREFIX_PATH=${CMAKE_PREFIX_PATH}:/home/autoware/gokart_ws/install/ros_imu_bno055:/home/autoware/gokart_ws/install/pure_pursuit:/home/autoware/gokart_ws/install/gap_follow:/home/autoware/gokart_ws/install/kart_interface:/home/autoware/gokart_ws/install/gnss_to_local:/home/autoware/gokart_ws/install/ekf_gnss:/opt/ros/humble /usr/bin/cmake --build /home/autoware/gokart_ws/src/gokart-sensor/build/pointcloud_to_laserscan -- -j20 -l20
[37.227s] Invoking command in '/home/autoware/gokart_ws/src/gokart-sensor/build/pointcloud_to_laserscan': CMAKE_PREFIX_PATH=${CMAKE_PREFIX_PATH}:/home/autoware/gokart_ws/install/ros_imu_bno055:/home/autoware/gokart_ws/install/pure_pursuit:/home/autoware/gokart_ws/install/gap_follow:/home/autoware/gokart_ws/install/kart_interface:/home/autoware/gokart_ws/install/gnss_to_local:/home/autoware/gokart_ws/install/ekf_gnss:/opt/ros/humble /usr/bin/cmake --install /home/autoware/gokart_ws/src/gokart-sensor/build/pointcloud_to_laserscan
[37.235s] -- Install configuration: "Release"
[37.236s] -- Execute custom install script
[37.237s] -- Symlinking: /home/autoware/gokart_ws/src/gokart-sensor/install/pointcloud_to_laserscan/lib/pointcloud_to_laserscan/laserscan_to_pointcloud_node
[37.246s] -- Symlinking: /home/autoware/gokart_ws/src/gokart-sensor/install/pointcloud_to_laserscan/lib/pointcloud_to_laserscan/pointcloud_to_laserscan_node
[37.256s] -- Symlinking: /home/autoware/gokart_ws/src/gokart-sensor/install/pointcloud_to_laserscan/lib/liblaserscan_to_pointcloud.so
[37.264s] -- Symlinking: /home/autoware/gokart_ws/src/gokart-sensor/install/pointcloud_to_laserscan/lib/libpointcloud_to_laserscan.so
[37.274s] -- Symlinking: /home/autoware/gokart_ws/src/gokart-sensor/install/pointcloud_to_laserscan/lib/pointcloud_to_laserscan/dummy_pointcloud_publisher
[37.283s] -- Symlinking: /home/autoware/gokart_ws/src/gokart-sensor/install/pointcloud_to_laserscan/include/include/pointcloud_to_laserscan/laserscan_to_pointcloud_node.hpp
[37.292s] -- Symlinking: /home/autoware/gokart_ws/src/gokart-sensor/install/pointcloud_to_laserscan/include/include/pointcloud_to_laserscan/pointcloud_to_laserscan_node.hpp
[37.301s] -- Symlinking: /home/autoware/gokart_ws/src/gokart-sensor/install/pointcloud_to_laserscan/include/include/pointcloud_to_laserscan/visibility_control.h
[37.311s] -- Symlinking: /home/autoware/gokart_ws/src/gokart-sensor/install/pointcloud_to_laserscan/share/pointcloud_to_laserscan/launch/ousterpointcloud_to_scan.launch.py
[37.319s] -- Symlinking: /home/autoware/gokart_ws/src/gokart-sensor/install/pointcloud_to_laserscan/share/pointcloud_to_laserscan/launch/sample_laserscan_to_pointcloud_launch.py
[37.328s] -- Symlinking: /home/autoware/gokart_ws/src/gokart-sensor/install/pointcloud_to_laserscan/share/pointcloud_to_laserscan/launch/sample_pointcloud_to_laserscan_launch.py
[37.338s] -- Symlinking: /home/autoware/gokart_ws/src/gokart-sensor/install/pointcloud_to_laserscan/share/ament_index/resource_index/package_run_dependencies/pointcloud_to_laserscan
[37.347s] -- Symlinking: /home/autoware/gokart_ws/src/gokart-sensor/install/pointcloud_to_laserscan/share/ament_index/resource_index/parent_prefix_path/pointcloud_to_laserscan
[37.356s] -- Symlinking: /home/autoware/gokart_ws/src/gokart-sensor/install/pointcloud_to_laserscan/share/pointcloud_to_laserscan/environment/ament_prefix_path.sh
[37.365s] -- Symlinking: /home/autoware/gokart_ws/src/gokart-sensor/install/pointcloud_to_laserscan/share/pointcloud_to_laserscan/environment/ament_prefix_path.dsv
[37.374s] -- Symlinking: /home/autoware/gokart_ws/src/gokart-sensor/install/pointcloud_to_laserscan/share/pointcloud_to_laserscan/environment/path.sh
[37.383s] -- Symlinking: /home/autoware/gokart_ws/src/gokart-sensor/install/pointcloud_to_laserscan/share/pointcloud_to_laserscan/environment/path.dsv
[37.392s] -- Symlinking: /home/autoware/gokart_ws/src/gokart-sensor/install/pointcloud_to_laserscan/share/pointcloud_to_laserscan/local_setup.bash
[37.401s] -- Symlinking: /home/autoware/gokart_ws/src/gokart-sensor/install/pointcloud_to_laserscan/share/pointcloud_to_laserscan/local_setup.sh
[37.410s] -- Symlinking: /home/autoware/gokart_ws/src/gokart-sensor/install/pointcloud_to_laserscan/share/pointcloud_to_laserscan/local_setup.zsh
[37.419s] -- Symlinking: /home/autoware/gokart_ws/src/gokart-sensor/install/pointcloud_to_laserscan/share/pointcloud_to_laserscan/local_setup.dsv
[37.429s] -- Symlinking: /home/autoware/gokart_ws/src/gokart-sensor/install/pointcloud_to_laserscan/share/pointcloud_to_laserscan/package.dsv
[37.438s] -- Symlinking: /home/autoware/gokart_ws/src/gokart-sensor/install/pointcloud_to_laserscan/share/ament_index/resource_index/packages/pointcloud_to_laserscan
[37.447s] -- Symlinking: /home/autoware/gokart_ws/src/gokart-sensor/install/pointcloud_to_laserscan/share/ament_index/resource_index/rclcpp_components/pointcloud_to_laserscan
[37.456s] -- Symlinking: /home/autoware/gokart_ws/src/gokart-sensor/install/pointcloud_to_laserscan/share/pointcloud_to_laserscan/cmake/pointcloud_to_laserscanConfig.cmake
[37.465s] -- Symlinking: /home/autoware/gokart_ws/src/gokart-sensor/install/pointcloud_to_laserscan/share/pointcloud_to_laserscan/cmake/pointcloud_to_laserscanConfig-version.cmake
[37.474s] -- Symlinking: /home/autoware/gokart_ws/src/gokart-sensor/install/pointcloud_to_laserscan/share/pointcloud_to_laserscan/package.xml
[37.488s] Invoked command in '/home/autoware/gokart_ws/src/gokart-sensor/build/pointcloud_to_laserscan' returned '0': CMAKE_PREFIX_PATH=${CMAKE_PREFIX_PATH}:/home/autoware/gokart_ws/install/ros_imu_bno055:/home/autoware/gokart_ws/install/pure_pursuit:/home/autoware/gokart_ws/install/gap_follow:/home/autoware/gokart_ws/install/kart_interface:/home/autoware/gokart_ws/install/gnss_to_local:/home/autoware/gokart_ws/install/ekf_gnss:/opt/ros/humble /usr/bin/cmake --install /home/autoware/gokart_ws/src/gokart-sensor/build/pointcloud_to_laserscan
