running develop
running egg_info
creating gap_follow.egg-info
writing gap_follow.egg-info/PKG-INFO
writing dependency_links to gap_follow.egg-info/dependency_links.txt
writing entry points to gap_follow.egg-info/entry_points.txt
writing requirements to gap_follow.egg-info/requires.txt
writing top-level names to gap_follow.egg-info/top_level.txt
writing manifest file 'gap_follow.egg-info/SOURCES.txt'
reading manifest file 'gap_follow.egg-info/SOURCES.txt'
writing manifest file 'gap_follow.egg-info/SOURCES.txt'
running build_ext
Creating /home/autoware/gokart_ws/src/gokart-sensor/install/gap_follow/lib/python3.10/site-packages/gap-follow.egg-link (link to .)
Installing gap_follow_node script to /home/autoware/gokart_ws/src/gokart-sensor/install/gap_follow/lib/gap_follow

Installed /home/autoware/gokart_ws/src/gokart-sensor/build/gap_follow
running install_data
creating /home/autoware/gokart_ws/src/gokart-sensor/install/gap_follow/share/ament_index
creating /home/autoware/gokart_ws/src/gokart-sensor/install/gap_follow/share/ament_index/resource_index
creating /home/autoware/gokart_ws/src/gokart-sensor/install/gap_follow/share/ament_index/resource_index/packages
copying resource/gap_follow -> /home/autoware/gokart_ws/src/gokart-sensor/install/gap_follow/share/ament_index/resource_index/packages
copying package.xml -> /home/autoware/gokart_ws/src/gokart-sensor/install/gap_follow/share/gap_follow
creating /home/autoware/gokart_ws/src/gokart-sensor/install/gap_follow/share/gap_follow/launch
copying launch/gap_follow_node.launch.py -> /home/autoware/gokart_ws/src/gokart-sensor/install/gap_follow/share/gap_follow/launch
creating /home/autoware/gokart_ws/src/gokart-sensor/install/gap_follow/share/gap_follow/config
copying config/gap_follow.yaml -> /home/autoware/gokart_ws/src/gokart-sensor/install/gap_follow/share/gap_follow/config
