[1.136s] Invoking command in '/home/autoware/gokart_ws/src/gokart-sensor/build/gap_follow': AMENT_PREFIX_PATH=/home/autoware/gokart_ws/src/gokart-sensor/install/pointcloud_to_laserscan:${AMENT_PREFIX_PATH} CMAKE_PREFIX_PATH=/home/autoware/gokart_ws/src/gokart-sensor/install/pointcloud_to_laserscan:${CMAKE_PREFIX_PATH} LD_LIBRARY_PATH=/home/autoware/gokart_ws/src/gokart-sensor/install/pointcloud_to_laserscan/lib:${LD_LIBRARY_PATH} PYTHONPATH=/home/autoware/gokart_ws/src/gokart-sensor/build/gap_follow/prefix_override:/home/autoware/gokart_ws/src/gokart-sensor/install/gap_follow/lib/python3.10/site-packages:${PYTHONPATH} /usr/bin/python3 setup.py develop --editable --build-directory /home/autoware/gokart_ws/src/gokart-sensor/build/gap_follow/build --no-deps install_data
[1.367s] running develop
[1.507s] running egg_info
[1.507s] creating gap_follow.egg-info
[1.507s] writing gap_follow.egg-info/PKG-INFO
[1.508s] writing dependency_links to gap_follow.egg-info/dependency_links.txt
[1.508s] writing entry points to gap_follow.egg-info/entry_points.txt
[1.508s] writing requirements to gap_follow.egg-info/requires.txt
[1.508s] writing top-level names to gap_follow.egg-info/top_level.txt
[1.508s] writing manifest file 'gap_follow.egg-info/SOURCES.txt'
[1.510s] reading manifest file 'gap_follow.egg-info/SOURCES.txt'
[1.510s] writing manifest file 'gap_follow.egg-info/SOURCES.txt'
[1.512s] running build_ext
[1.512s] Creating /home/autoware/gokart_ws/src/gokart-sensor/install/gap_follow/lib/python3.10/site-packages/gap-follow.egg-link (link to .)
[1.512s] Installing gap_follow_node script to /home/autoware/gokart_ws/src/gokart-sensor/install/gap_follow/lib/gap_follow
[1.513s] 
[1.513s] Installed /home/autoware/gokart_ws/src/gokart-sensor/build/gap_follow
[1.513s] running install_data
[1.513s] creating /home/autoware/gokart_ws/src/gokart-sensor/install/gap_follow/share/ament_index
[1.513s] creating /home/autoware/gokart_ws/src/gokart-sensor/install/gap_follow/share/ament_index/resource_index
[1.513s] creating /home/autoware/gokart_ws/src/gokart-sensor/install/gap_follow/share/ament_index/resource_index/packages
[1.513s] copying resource/gap_follow -> /home/autoware/gokart_ws/src/gokart-sensor/install/gap_follow/share/ament_index/resource_index/packages
[1.513s] copying package.xml -> /home/autoware/gokart_ws/src/gokart-sensor/install/gap_follow/share/gap_follow
[1.513s] creating /home/autoware/gokart_ws/src/gokart-sensor/install/gap_follow/share/gap_follow/launch
[1.514s] copying launch/gap_follow_node.launch.py -> /home/autoware/gokart_ws/src/gokart-sensor/install/gap_follow/share/gap_follow/launch
[1.514s] creating /home/autoware/gokart_ws/src/gokart-sensor/install/gap_follow/share/gap_follow/config
[1.514s] copying config/gap_follow.yaml -> /home/autoware/gokart_ws/src/gokart-sensor/install/gap_follow/share/gap_follow/config
[1.545s] Invoked command in '/home/autoware/gokart_ws/src/gokart-sensor/build/gap_follow' returned '0': AMENT_PREFIX_PATH=/home/autoware/gokart_ws/src/gokart-sensor/install/pointcloud_to_laserscan:${AMENT_PREFIX_PATH} CMAKE_PREFIX_PATH=/home/autoware/gokart_ws/src/gokart-sensor/install/pointcloud_to_laserscan:${CMAKE_PREFIX_PATH} LD_LIBRARY_PATH=/home/autoware/gokart_ws/src/gokart-sensor/install/pointcloud_to_laserscan/lib:${LD_LIBRARY_PATH} PYTHONPATH=/home/autoware/gokart_ws/src/gokart-sensor/build/gap_follow/prefix_override:/home/autoware/gokart_ws/src/gokart-sensor/install/gap_follow/lib/python3.10/site-packages:${PYTHONPATH} /usr/bin/python3 setup.py develop --editable --build-directory /home/autoware/gokart_ws/src/gokart-sensor/build/gap_follow/build --no-deps install_data
