running develop
running egg_info
creating gnss_to_local.egg-info
writing gnss_to_local.egg-info/PKG-INFO
writing dependency_links to gnss_to_local.egg-info/dependency_links.txt
writing entry points to gnss_to_local.egg-info/entry_points.txt
writing requirements to gnss_to_local.egg-info/requires.txt
writing top-level names to gnss_to_local.egg-info/top_level.txt
writing manifest file 'gnss_to_local.egg-info/SOURCES.txt'
reading manifest file 'gnss_to_local.egg-info/SOURCES.txt'
writing manifest file 'gnss_to_local.egg-info/SOURCES.txt'
running build_ext
Creating /home/autoware/gokart_ws/src/gokart-sensor/install/gnss_to_local/lib/python3.10/site-packages/gnss-to-local.egg-link (link to .)
Installing gnss_to_local_node script to /home/autoware/gokart_ws/src/gokart-sensor/install/gnss_to_local/lib/gnss_to_local

Installed /home/autoware/gokart_ws/src/gokart-sensor/build/gnss_to_local
running install_data
creating /home/autoware/gokart_ws/src/gokart-sensor/install/gnss_to_local/share/ament_index
creating /home/autoware/gokart_ws/src/gokart-sensor/install/gnss_to_local/share/ament_index/resource_index
creating /home/autoware/gokart_ws/src/gokart-sensor/install/gnss_to_local/share/ament_index/resource_index/packages
copying resource/gnss_to_local -> /home/autoware/gokart_ws/src/gokart-sensor/install/gnss_to_local/share/ament_index/resource_index/packages
copying package.xml -> /home/autoware/gokart_ws/src/gokart-sensor/install/gnss_to_local/share/gnss_to_local
creating /home/autoware/gokart_ws/src/gokart-sensor/install/gnss_to_local/share/gnss_to_local/launch
copying launch/launch.py -> /home/autoware/gokart_ws/src/gokart-sensor/install/gnss_to_local/share/gnss_to_local/launch
creating /home/autoware/gokart_ws/src/gokart-sensor/install/gnss_to_local/share/gnss_to_local/config
copying config/config.yaml -> /home/autoware/gokart_ws/src/gokart-sensor/install/gnss_to_local/share/gnss_to_local/config
