[1.179s] Invoking command in '/home/autoware/gokart_ws/src/gokart-sensor/build/gnss_to_local': PYTHONPATH=/home/autoware/gokart_ws/src/gokart-sensor/build/gnss_to_local/prefix_override:/home/autoware/gokart_ws/src/gokart-sensor/install/gnss_to_local/lib/python3.10/site-packages:${PYTHONPATH} /usr/bin/python3 setup.py develop --editable --build-directory /home/autoware/gokart_ws/src/gokart-sensor/build/gnss_to_local/build --no-deps install_data
[1.426s] running develop
[1.575s] running egg_info
[1.575s] creating gnss_to_local.egg-info
[1.576s] writing gnss_to_local.egg-info/PKG-INFO
[1.576s] writing dependency_links to gnss_to_local.egg-info/dependency_links.txt
[1.576s] writing entry points to gnss_to_local.egg-info/entry_points.txt
[1.577s] writing requirements to gnss_to_local.egg-info/requires.txt
[1.579s] writing top-level names to gnss_to_local.egg-info/top_level.txt
[1.579s] writing manifest file 'gnss_to_local.egg-info/SOURCES.txt'
[1.579s] reading manifest file 'gnss_to_local.egg-info/SOURCES.txt'
[1.579s] writing manifest file 'gnss_to_local.egg-info/SOURCES.txt'
[1.580s] running build_ext
[1.580s] Creating /home/autoware/gokart_ws/src/gokart-sensor/install/gnss_to_local/lib/python3.10/site-packages/gnss-to-local.egg-link (link to .)
[1.580s] Installing gnss_to_local_node script to /home/autoware/gokart_ws/src/gokart-sensor/install/gnss_to_local/lib/gnss_to_local
[1.580s] 
[1.580s] Installed /home/autoware/gokart_ws/src/gokart-sensor/build/gnss_to_local
[1.580s] running install_data
[1.580s] creating /home/autoware/gokart_ws/src/gokart-sensor/install/gnss_to_local/share/ament_index
[1.580s] creating /home/autoware/gokart_ws/src/gokart-sensor/install/gnss_to_local/share/ament_index/resource_index
[1.581s] creating /home/autoware/gokart_ws/src/gokart-sensor/install/gnss_to_local/share/ament_index/resource_index/packages
[1.581s] copying resource/gnss_to_local -> /home/autoware/gokart_ws/src/gokart-sensor/install/gnss_to_local/share/ament_index/resource_index/packages
[1.581s] copying package.xml -> /home/autoware/gokart_ws/src/gokart-sensor/install/gnss_to_local/share/gnss_to_local
[1.583s] creating /home/autoware/gokart_ws/src/gokart-sensor/install/gnss_to_local/share/gnss_to_local/launch
[1.583s] copying launch/launch.py -> /home/autoware/gokart_ws/src/gokart-sensor/install/gnss_to_local/share/gnss_to_local/launch
[1.584s] creating /home/autoware/gokart_ws/src/gokart-sensor/install/gnss_to_local/share/gnss_to_local/config
[1.584s] copying config/config.yaml -> /home/autoware/gokart_ws/src/gokart-sensor/install/gnss_to_local/share/gnss_to_local/config
[1.616s] Invoked command in '/home/autoware/gokart_ws/src/gokart-sensor/build/gnss_to_local' returned '0': PYTHONPATH=/home/autoware/gokart_ws/src/gokart-sensor/build/gnss_to_local/prefix_override:/home/autoware/gokart_ws/src/gokart-sensor/install/gnss_to_local/lib/python3.10/site-packages:${PYTHONPATH} /usr/bin/python3 setup.py develop --editable --build-directory /home/autoware/gokart_ws/src/gokart-sensor/build/gnss_to_local/build --no-deps install_data
